2024-12-01 12:21:12,709 [INFO] WebApp:190 - Connection lost
2024-12-01 12:21:13,676 [INFO] WebApp:187 - Connection restablished
2024-12-01 13:12:19,703 [INFO] NvicIntPanel:101 - NVIC parent = com.st.microxplorer.plugins.ip.nvic.MultiNvicIntPanel[,0,0,528x255,layout=javax.swing.BoxLayout,alignmentX=0.0,alignmentY=0.0,border=,flags=9,maximumSize=,minimumSize=,preferredSize=]
2024-12-01 13:14:31,788 [INFO] CheckServerUpdateThread:120 - End of CheckServer Thread
2024-12-01 13:15:39,341 [INFO] ServerAccessManage:473 - Download File updaters.zip
2024-12-01 13:15:39,429 [INFO] FileExtend:240 - Unzip File : updaters.zip
2024-12-01 13:15:39,429 [INFO] FileExtend:255 - Standard Zip Deflate
2024-12-01 13:15:39,662 [INFO] ServerAccessManage:473 - Download File PacksControlFlags.xml
2024-12-01 13:15:39,698 [INFO] ServerAccessManage:473 - Download File cubemx.pidx
2024-12-01 13:15:40,047 [INFO] ServerAccessManage:473 - Download File STMicroelectronics.FP-ATR-ASTRA1.pdsc
2024-12-01 13:15:40,260 [INFO] ServerAccessManage:473 - Download File STMicroelectronics.FP-ATR-SIGFOX1.pdsc
2024-12-01 13:15:40,421 [INFO] ServerAccessManage:473 - Download File STMicroelectronics.FP-SNS-STBOX1.pdsc
2024-12-01 13:15:40,574 [INFO] ServerAccessManage:473 - Download File STMicroelectronics.FP-SNS-FLIGHT1.pdsc
2024-12-01 13:15:40,879 [INFO] ServerAccessManage:473 - Download File STMicroelectronics.FP-SNS-MOTENV1.pdsc
2024-12-01 13:15:41,150 [INFO] ServerAccessManage:473 - Download File STMicroelectronics.FP-SNS-MOTENVWB1.pdsc
2024-12-01 13:15:41,409 [INFO] ServerAccessManage:473 - Download File STMicroelectronics.FP-SNS-SMARTAG2.pdsc
2024-12-01 13:15:41,508 [INFO] ServerAccessManage:473 - Download File STMicroelectronics.X-CUBE-AI.pdsc
2024-12-01 13:15:42,367 [INFO] ServerAccessManage:473 - Download File STMicroelectronics.X-CUBE-ALS.pdsc
2024-12-01 13:15:42,581 [INFO] ServerAccessManage:473 - Download File STMicroelectronics.X-CUBE-BLE1.pdsc
2024-12-01 13:15:43,854 [ERROR] ServerAccessManage:1089 - Problem, file not found on Server
2024-12-01 13:15:43,919 [INFO] ServerAccessManage:473 - Download File STMicroelectronics.X-CUBE-BLE2.pdsc
2024-12-01 13:15:45,078 [INFO] ServerAccessManage:473 - Download File STMicroelectronics.X-CUBE-BLEMGR.pdsc
2024-12-01 13:15:45,567 [INFO] ServerAccessManage:473 - Download File STMicroelectronics.X-CUBE-DISPLAY.pdsc
2024-12-01 13:15:45,913 [INFO] ServerAccessManage:473 - Download File STMicroelectronics.X-CUBE-DPOWER.pdsc
2024-12-01 13:15:46,728 [ERROR] ServerAccessManage:1089 - Problem, file not found on Server
2024-12-01 13:15:47,405 [ERROR] ServerAccessManage:1089 - Problem, file not found on Server
2024-12-01 13:15:48,046 [ERROR] ServerAccessManage:1089 - Problem, file not found on Server
2024-12-01 13:15:48,781 [ERROR] ServerAccessManage:1089 - Problem, file not found on Server
2024-12-01 13:15:49,474 [ERROR] ServerAccessManage:1089 - Problem, file not found on Server
2024-12-01 13:15:50,119 [ERROR] ServerAccessManage:1089 - Problem, file not found on Server
2024-12-01 13:15:50,837 [ERROR] ServerAccessManage:1089 - Problem, file not found on Server
2024-12-01 13:15:51,112 [ERROR] ServerAccessManage:1089 - Problem, file not found on Server
2024-12-01 13:15:51,850 [ERROR] ServerAccessManage:1089 - Problem, file not found on Server
2024-12-01 13:15:52,487 [ERROR] ServerAccessManage:1089 - Problem, file not found on Server
2024-12-01 13:15:52,756 [ERROR] ServerAccessManage:1089 - Problem, file not found on Server
2024-12-01 13:15:52,811 [INFO] ServerAccessManage:473 - Download File STMicroelectronics.X-CUBE-EEPRMA1.pdsc
2024-12-01 13:15:53,085 [ERROR] ServerAccessManage:1089 - Problem, file not found on Server
2024-12-01 13:15:53,829 [ERROR] ServerAccessManage:1089 - Problem, file not found on Server
2024-12-01 13:15:53,990 [INFO] ServerAccessManage:473 - Download File STMicroelectronics.X-CUBE-FREERTOS.pdsc
2024-12-01 13:15:54,155 [INFO] ServerAccessManage:473 - Download File STMicroelectronics.X-CUBE-GNSS1.pdsc
2024-12-01 13:15:55,631 [ERROR] ServerAccessManage:1089 - Problem, file not found on Server
2024-12-01 13:15:56,391 [ERROR] ServerAccessManage:1089 - Problem, file not found on Server
2024-12-01 13:15:56,644 [ERROR] ServerAccessManage:1089 - Problem, file not found on Server
2024-12-01 13:15:57,350 [ERROR] ServerAccessManage:1089 - Problem, file not found on Server
2024-12-01 13:15:58,000 [ERROR] ServerAccessManage:1089 - Problem, file not found on Server
2024-12-01 13:15:58,635 [ERROR] ServerAccessManage:1089 - Problem, file not found on Server
2024-12-01 13:15:58,723 [INFO] ServerAccessManage:473 - Download File STMicroelectronics.X-CUBE-ISPU.pdsc
2024-12-01 13:15:59,019 [INFO] ServerAccessManage:473 - Download File STMicroelectronics.X-CUBE-IPS.pdsc
2024-12-01 13:15:59,251 [INFO] ServerAccessManage:473 - Download File STMicroelectronics.X-CUBE-MEMS1.pdsc
2024-12-01 13:16:01,263 [INFO] ServerAccessManage:473 - Download File STMicroelectronics.X-CUBE-NFC4.pdsc
2024-12-01 13:16:01,956 [INFO] ServerAccessManage:473 - Download File STMicroelectronics.X-CUBE-NFC6.pdsc
2024-12-01 13:16:02,086 [INFO] ServerAccessManage:473 - Download File STMicroelectronics.X-CUBE-NFC7.pdsc
2024-12-01 13:16:02,241 [INFO] ServerAccessManage:473 - Download File STMicroelectronics.X-CUBE-NFC9.pdsc
2024-12-01 13:16:02,352 [INFO] ServerAccessManage:473 - Download File STMicroelectronics.X-CUBE-NFC10.pdsc
2024-12-01 13:16:02,580 [INFO] ServerAccessManage:473 - Download File STMicroelectronics.X-CUBE-SFXS2LP1.pdsc
2024-12-01 13:16:03,472 [INFO] ServerAccessManage:473 - Download File STMicroelectronics.X-CUBE-SAFEA1.pdsc
2024-12-01 13:16:03,601 [INFO] ServerAccessManage:473 - Download File STMicroelectronics.X-CUBE-SUBG2.pdsc
2024-12-01 13:16:04,287 [INFO] ServerAccessManage:473 - Download File STMicroelectronics.X-CUBE-SMBUS.pdsc
2024-12-01 13:16:05,007 [ERROR] ServerAccessManage:1089 - Problem, file not found on Server
2024-12-01 13:16:05,074 [INFO] ServerAccessManage:473 - Download File STMicroelectronics.X-CUBE-TCPP.pdsc
2024-12-01 13:16:05,347 [INFO] ServerAccessManage:473 - Download File STMicroelectronics.X-CUBE-TOF1.pdsc
2024-12-01 13:16:07,012 [ERROR] ServerAccessManage:1089 - Problem, file not found on Server
2024-12-01 13:16:07,165 [INFO] ServerAccessManage:473 - Download File STMicroelectronics.X-CUBE-TOUCHGFX.pdsc
2024-12-01 13:16:09,096 [INFO] ServerAccessManage:473 - Download File STMicroelectronics.X-CUBE-ALGOBUILD.pdsc
2024-12-01 13:16:12,635 [INFO] ServerAccessManage:473 - Download File STMicroelectronics.X-CUBE-AZRTOS-H7.pdsc
2024-12-01 13:16:18,513 [INFO] ServerAccessManage:473 - Download File STMicroelectronics.X-CUBE-AZRTOS-H7RS.pdsc
2024-12-01 13:16:19,966 [INFO] ServerAccessManage:473 - Download File STMicroelectronics.X-CUBE-AZRTOS-F4.pdsc
2024-12-01 13:16:23,740 [INFO] ServerAccessManage:473 - Download File STMicroelectronics.X-CUBE-AZRTOS-F7.pdsc
2024-12-01 13:16:26,145 [INFO] ServerAccessManage:473 - Download File STMicroelectronics.X-CUBE-AZRTOS-L4.pdsc
2024-12-01 13:16:27,938 [INFO] ServerAccessManage:473 - Download File STMicroelectronics.X-CUBE-AZRTOS-L5.pdsc
2024-12-01 13:16:31,272 [INFO] ServerAccessManage:473 - Download File STMicroelectronics.X-CUBE-AZRTOS-G0.pdsc
2024-12-01 13:16:33,354 [INFO] ServerAccessManage:473 - Download File STMicroelectronics.X-CUBE-AZRTOS-G4.pdsc
2024-12-01 13:16:35,927 [INFO] ServerAccessManage:473 - Download File STMicroelectronics.X-CUBE-AZRTOS-WB.pdsc
2024-12-01 13:16:38,100 [INFO] ServerAccessManage:473 - Download File STMicroelectronics.X-CUBE-AZRTOS-WL.pdsc
2024-12-01 13:16:40,340 [INFO] ServerAccessManage:473 - Download File STMicroelectronics.X-CUBE-WB05N.pdsc
2024-12-01 13:16:42,547 [INFO] ServerAccessManage:473 - Download File wolfSSL.I-CUBE-wolfSSL.pdsc
2024-12-01 13:16:47,986 [ERROR] ServerAccessManage:1089 - Problem, file not found on Server
2024-12-01 13:16:48,420 [ERROR] ServerAccessManage:1089 - Problem, file not found on Server
2024-12-01 13:16:48,862 [ERROR] ServerAccessManage:1089 - Problem, file not found on Server
2024-12-01 13:16:49,130 [INFO] ServerAccessManage:473 - Download File wolfSSL.I-CUBE-wolfMQTT.pdsc
2024-12-01 13:16:50,306 [ERROR] ServerAccessManage:1089 - Problem, file not found on Server
2024-12-01 13:16:50,552 [INFO] ServerAccessManage:473 - Download File wolfSSL.I-CUBE-wolfTPM.pdsc
2024-12-01 13:16:52,072 [INFO] ServerAccessManage:473 - Download File wolfSSL.I-CUBE-wolfSSH.pdsc
2024-12-01 13:16:53,722 [INFO] ServerAccessManage:473 - Download File RealThread.X-CUBE-RT-Thread_Nano.pdsc
2024-12-01 13:16:54,879 [INFO] ServerAccessManage:473 - Download File SEGGER.I-CUBE-embOS.pdsc
2024-12-01 13:16:57,742 [INFO] ServerAccessManage:473 - Download File portGmbH.I-Cube-SoM-uGOAL.pdsc
2024-12-01 13:16:59,243 [ERROR] ServerAccessManage:1089 - Problem, file not found on Server
2024-12-01 13:16:59,392 [ERROR] ServerAccessManage:1089 - Problem, file not found on Server
2024-12-01 13:16:59,542 [ERROR] ServerAccessManage:1089 - Problem, file not found on Server
2024-12-01 13:17:00,682 [INFO] ServerAccessManage:473 - Download File emotas.I-CUBE-CANOPEN.pdsc
2024-12-01 13:17:03,035 [ERROR] ServerAccessManage:1117 - HTTP Service Unavailable https://www.weston-embedded.com/stm_packages/WES.I-CUBE-Cesium.pdsc
2024-12-01 13:17:04,018 [ERROR] ServerAccessManage:1117 - HTTP Service Unavailable https://www.weston-embedded.com/stm_packages/WES.I-CUBE-Cesium.pdsc
2024-12-01 13:17:04,019 [ERROR] ServerAccessManage:651 - Error HTTP Service temporary unavailable. : WES.I-CUBE-Cesium.pdsc.
2024-12-01 13:17:05,519 [INFO] ServerAccessManage:473 - Download File ITTIA_DB.I-CUBE-ITTIADB.pdsc
2024-12-01 13:17:11,360 [INFO] ServerAccessManage:473 - Download File Infineon.AIROC-Wi-Fi-Bluetooth-STM32.pdsc
2024-12-01 13:17:18,752 [INFO] ServerAccessManage:473 - Download File Cesanta.I-CUBE-Mongoose.pdsc
2024-12-01 13:17:26,876 [INFO] ServerAccessManage:473 - Download File EmbeddedOffice.I-CUBE-FS-RTOS.pdsc
2024-12-01 13:17:28,430 [INFO] ServerAccessManage:473 - Download File quantropi.X-CUBE-qispace-sdk-base.pdsc
2024-12-01 13:17:28,710 [WARN] Engine:547 - Do no try to populate pack already in database: STMicroelectronics.FP-ATR-ASTRA1.2.0.1
2024-12-01 13:17:28,711 [WARN] Engine:547 - Do no try to populate pack already in database: STMicroelectronics.FP-ATR-SIGFOX1.3.2.0
2024-12-01 13:17:28,714 [WARN] Engine:547 - Do no try to populate pack already in database: STMicroelectronics.FP-SNS-STBOX1.2.0.0
2024-12-01 13:17:28,715 [WARN] Engine:547 - Do no try to populate pack already in database: STMicroelectronics.FP-SNS-FLIGHT1.5.0.2
2024-12-01 13:17:28,716 [WARN] Engine:547 - Do no try to populate pack already in database: STMicroelectronics.FP-SNS-MOTENV1.5.0.0
2024-12-01 13:17:28,717 [WARN] Engine:547 - Do no try to populate pack already in database: STMicroelectronics.FP-SNS-MOTENVWB1.1.4.0
2024-12-01 13:17:28,718 [WARN] Engine:547 - Do no try to populate pack already in database: STMicroelectronics.FP-SNS-SMARTAG2.1.2.0
2024-12-01 13:17:28,719 [WARN] Engine:547 - Do no try to populate pack already in database: STMicroelectronics.X-CUBE-AI.9.1.0
2024-12-01 13:17:28,721 [WARN] Engine:547 - Do no try to populate pack already in database: STMicroelectronics.X-CUBE-ALS.1.0.2
2024-12-01 13:17:28,722 [WARN] Engine:547 - Do no try to populate pack already in database: STMicroelectronics.X-CUBE-BLE1.7.0.0
2024-12-01 13:17:28,724 [WARN] Engine:547 - Do no try to populate pack already in database: STMicroelectronics.X-CUBE-BLE2.3.3.0
2024-12-01 13:17:28,726 [WARN] Engine:547 - Do no try to populate pack already in database: STMicroelectronics.X-CUBE-BLEMGR.3.1.0
2024-12-01 13:17:28,729 [WARN] Engine:547 - Do no try to populate pack already in database: STMicroelectronics.X-CUBE-DISPLAY.3.0.0
2024-12-01 13:17:28,730 [WARN] Engine:547 - Do no try to populate pack already in database: STMicroelectronics.X-CUBE-DPower.1.2.0
2024-12-01 13:17:28,732 [WARN] Engine:547 - Do no try to populate pack already in database: STMicroelectronics.X-CUBE-EEPRMA1.5.1.0
2024-12-01 13:17:28,733 [WARN] Engine:547 - Do no try to populate pack already in database: STMicroelectronics.X-CUBE-FREERTOS.1.2.0
2024-12-01 13:17:28,735 [WARN] Engine:547 - Do no try to populate pack already in database: STMicroelectronics.X-CUBE-GNSS1.7.0.0
2024-12-01 13:17:28,736 [WARN] Engine:547 - Do no try to populate pack already in database: STMicroelectronics.X-CUBE-ISPU.2.1.0
2024-12-01 13:17:28,740 [WARN] Engine:547 - Do no try to populate pack already in database: STMicroelectronics.X-CUBE-IPS.3.0.0
2024-12-01 13:17:28,753 [WARN] Engine:547 - Do no try to populate pack already in database: STMicroelectronics.X-CUBE-MEMS1.11.0.0
2024-12-01 13:17:28,755 [WARN] Engine:547 - Do no try to populate pack already in database: STMicroelectronics.X-CUBE-NFC4.3.0.0
2024-12-01 13:17:28,758 [WARN] Engine:547 - Do no try to populate pack already in database: STMicroelectronics.X-CUBE-NFC6.3.1.0
2024-12-01 13:17:28,759 [WARN] Engine:547 - Do no try to populate pack already in database: STMicroelectronics.X-CUBE-NFC7.1.0.1
2024-12-01 13:17:28,761 [WARN] Engine:547 - Do no try to populate pack already in database: STMicroelectronics.X-CUBE-NFC9.1.0.0
2024-12-01 13:17:28,763 [WARN] Engine:547 - Do no try to populate pack already in database: STMicroelectronics.X-CUBE-NFC10.1.0.0
2024-12-01 13:17:28,765 [WARN] Engine:547 - Do no try to populate pack already in database: STMicroelectronics.X-CUBE-SFXS2LP1.4.0.0
2024-12-01 13:17:28,767 [WARN] Engine:547 - Do no try to populate pack already in database: STMicroelectronics.X-CUBE-SAFEA1.1.2.2
2024-12-01 13:17:28,771 [WARN] Engine:547 - Do no try to populate pack already in database: STMicroelectronics.X-CUBE-SUBG2.5.0.0
2024-12-01 13:17:28,773 [WARN] Engine:547 - Do no try to populate pack already in database: STMicroelectronics.X-CUBE-SMBUS.2.1.0
2024-12-01 13:17:28,775 [WARN] Engine:547 - Do no try to populate pack already in database: STMicroelectronics.X-CUBE-TCPP.4.1.0
2024-12-01 13:17:28,780 [WARN] Engine:547 - Do no try to populate pack already in database: STMicroelectronics.X-CUBE-TOF1.3.4.2
2024-12-01 13:17:28,781 [WARN] Engine:547 - Do no try to populate pack already in database: STMicroelectronics.X-CUBE-TOUCHGFX.4.24.1
2024-12-01 13:17:28,783 [WARN] Engine:547 - Do no try to populate pack already in database: STMicroelectronics.X-CUBE-ALGOBUILD.1.4.0
2024-12-01 13:17:28,792 [WARN] Engine:547 - Do no try to populate pack already in database: STMicroelectronics.X-CUBE-AZRTOS-H7.3.3.0
2024-12-01 13:17:28,799 [WARN] Engine:547 - Do no try to populate pack already in database: STMicroelectronics.X-CUBE-AZRTOS-H7RS.1.0.0
2024-12-01 13:17:28,809 [WARN] Engine:547 - Do no try to populate pack already in database: STMicroelectronics.X-CUBE-AZRTOS-F4.1.1.0
2024-12-01 13:17:28,819 [WARN] Engine:547 - Do no try to populate pack already in database: STMicroelectronics.X-CUBE-AZRTOS-F7.1.1.0
2024-12-01 13:17:28,829 [WARN] Engine:547 - Do no try to populate pack already in database: STMicroelectronics.X-CUBE-AZRTOS-L4.2.0.0
2024-12-01 13:17:28,835 [INFO] CheckServerUpdateThread:120 - End of CheckServer Thread
2024-12-01 13:17:28,838 [WARN] Engine:547 - Do no try to populate pack already in database: STMicroelectronics.X-CUBE-AZRTOS-L5.2.0.0
2024-12-01 13:17:28,847 [WARN] Engine:547 - Do no try to populate pack already in database: STMicroelectronics.X-CUBE-AZRTOS-G0.1.1.0
2024-12-01 13:17:28,853 [WARN] Engine:547 - Do no try to populate pack already in database: STMicroelectronics.X-CUBE-AZRTOS-G4.2.0.0
2024-12-01 13:17:28,860 [WARN] Engine:547 - Do no try to populate pack already in database: STMicroelectronics.X-CUBE-AZRTOS-WB.2.0.0
2024-12-01 13:17:28,865 [WARN] Engine:547 - Do no try to populate pack already in database: STMicroelectronics.X-CUBE-AZRTOS-WL.2.0.0
2024-12-01 13:17:28,866 [WARN] Engine:547 - Do no try to populate pack already in database: STMicroelectronics.X-CUBE-WB05N.1.1.0
2024-12-01 13:17:28,932 [WARN] PackLoader:240 - Cannot read IP mode file for wolfSSL.I-CUBE-wolfSSL.5.7.4
2024-12-01 13:17:28,934 [WARN] Engine:547 - Do no try to populate pack already in database: wolfSSL.I-CUBE-wolfMQTT.1.19.0
2024-12-01 13:17:28,935 [WARN] Engine:547 - Do no try to populate pack already in database: wolfSSL.I-CUBE-wolfTPM.3.4.0
2024-12-01 13:17:28,936 [WARN] Engine:547 - Do no try to populate pack already in database: wolfSSL.I-CUBE-wolfSSH.1.4.17
2024-12-01 13:17:28,937 [WARN] Engine:547 - Do no try to populate pack already in database: RealThread.X-CUBE-RT-Thread_Nano.4.1.1
2024-12-01 13:17:28,942 [WARN] Engine:547 - Do no try to populate pack already in database: SEGGER.I-CUBE-embOS.1.3.1
2024-12-01 13:17:28,944 [WARN] Engine:547 - Do no try to populate pack already in database: portGmbH.I-Cube-SoM-uGOAL.1.1.0
2024-12-01 13:17:28,945 [WARN] Engine:547 - Do no try to populate pack already in database: emotas.I-CUBE-CANOPEN.1.3.0
2024-12-01 13:17:28,948 [WARN] Engine:547 - Do no try to populate pack already in database: ITTIA_DB.I-CUBE-ITTIADB.8.9.0
2024-12-01 13:17:28,976 [WARN] PackLoader:240 - Cannot read IP mode file for Infineon.AIROC-Wi-Fi-Bluetooth-STM32.1.7.0
2024-12-01 13:17:28,990 [WARN] Engine:547 - Do no try to populate pack already in database: Cesanta.I-CUBE-Mongoose.7.13.0
2024-12-01 13:17:28,992 [WARN] Engine:547 - Do no try to populate pack already in database: EmbeddedOffice.I-CUBE-FS-RTOS.1.0.1
2024-12-01 13:17:28,993 [WARN] Engine:547 - Do no try to populate pack already in database: quantropi.X-CUBE-qispace-sdk-base.1.9.3
2024-12-01 13:17:28,993 [INFO] PopulateThirdPartyThread:66 - Ending populate Thread
2024-12-01 13:17:29,012 [INFO] ThirdPartyModel:298 - Start build external matchings
2024-12-01 13:17:29,521 [INFO] ThirdPartyModel:316 - End build external matchings
2024-12-01 13:17:29,529 [INFO] ThirdParty:1030 - CMSIS Pack Vendor :STMicroelectronics USBPD 4.1
2024-12-01 13:17:29,529 [INFO] ThirdParty:1030 - CMSIS Pack Vendor :STMicroelectronics X-CUBE-AZRTOS-H7 3.3.0
2024-12-01 13:17:29,529 [INFO] ThirdParty:1030 - CMSIS Pack Vendor :STMicroelectronics X-CUBE-NFC9 1.0.0
2024-12-01 13:17:29,529 [INFO] ThirdParty:1030 - CMSIS Pack Vendor :STMicroelectronics USB_HOST 2.0.0
2024-12-01 13:17:29,529 [INFO] ThirdParty:1030 - CMSIS Pack Vendor :STMicroelectronics FP-SNS-MOTENVWB1 1.4.0
2024-12-01 13:17:29,529 [INFO] ThirdParty:1030 - CMSIS Pack Vendor :STMicroelectronics X-CUBE-AZRTOS-F4 1.1.0
2024-12-01 13:17:29,529 [INFO] ThirdParty:1030 - CMSIS Pack Vendor :STMicroelectronics LIBJPEG 8.0.0
2024-12-01 13:17:29,529 [INFO] ThirdParty:1030 - CMSIS Pack Vendor :STMicroelectronics FP-ATR-ASTRA1 2.0.1
2024-12-01 13:17:29,529 [INFO] ThirdParty:1030 - CMSIS Pack Vendor :STMicroelectronics X-CUBE-SMBUS 2.1.0
2024-12-01 13:17:29,529 [INFO] ThirdParty:1030 - CMSIS Pack Vendor :STMicroelectronics X-CUBE-WB05N 1.1.0
2024-12-01 13:17:29,529 [INFO] ThirdParty:1030 - CMSIS Pack Vendor :STMicroelectronics USB_DEVICE 3.0.0
2024-12-01 13:17:29,529 [INFO] ThirdParty:1030 - CMSIS Pack Vendor :STMicroelectronics X-CUBE-TCPP 4.1.0
2024-12-01 13:17:29,529 [INFO] ThirdParty:1030 - CMSIS Pack Vendor :STMicroelectronics X-CUBE-ISPU 2.1.0
2024-12-01 13:17:29,529 [INFO] ThirdParty:1030 - CMSIS Pack Vendor :STMicroelectronics X-CUBE-FREERTOS 1.2.0
2024-12-01 13:17:29,530 [INFO] ThirdParty:1030 - CMSIS Pack Vendor :STMicroelectronics X-CUBE-IPS 3.0.0
2024-12-01 13:17:29,530 [INFO] ThirdParty:1030 - CMSIS Pack Vendor :STMicroelectronics X-CUBE-AZRTOS-WB 2.0.0
2024-12-01 13:17:29,530 [INFO] ThirdParty:1030 - CMSIS Pack Vendor :STMicroelectronics X-CUBE-GNSS1 7.0.0
2024-12-01 13:17:29,530 [INFO] ThirdParty:1030 - CMSIS Pack Vendor :STMicroelectronics X-CUBE-AZRTOS-F7 1.1.0
2024-12-01 13:17:29,530 [INFO] ThirdParty:1030 - CMSIS Pack Vendor :STMicroelectronics X-CUBE-AZRTOS-L5 2.0.0
2024-12-01 13:17:29,530 [INFO] ThirdParty:1030 - CMSIS Pack Vendor :STMicroelectronics USB_DEVICE 2.0.0
2024-12-01 13:17:29,530 [INFO] ThirdParty:1030 - CMSIS Pack Vendor :STMicroelectronics X-CUBE-NFC6 3.1.0
2024-12-01 13:17:29,530 [INFO] ThirdParty:1030 - CMSIS Pack Vendor :STMicroelectronics FP-SNS-STBOX1 2.0.0
2024-12-01 13:17:29,530 [INFO] ThirdParty:1030 - CMSIS Pack Vendor :STMicroelectronics X-CUBE-MEMS1 11.0.0
2024-12-01 13:17:29,530 [INFO] ThirdParty:1030 - CMSIS Pack Vendor :STMicroelectronics FreeRTOS 0.0.1
2024-12-01 13:17:29,530 [INFO] ThirdParty:1030 - CMSIS Pack Vendor :STMicroelectronics X-CUBE-AZRTOS-G0 1.1.0
2024-12-01 13:17:29,530 [INFO] ThirdParty:1030 - CMSIS Pack Vendor :STMicroelectronics X-CUBE-SAFEA1 1.2.2
2024-12-01 13:17:29,530 [INFO] ThirdParty:1030 - CMSIS Pack Vendor :STMicroelectronics X-CUBE-NFC4 3.0.0
2024-12-01 13:17:29,530 [INFO] ThirdParty:1030 - CMSIS Pack Vendor :STMicroelectronics X-CUBE-DPower 1.2.0
2024-12-01 13:17:29,530 [INFO] ThirdParty:1030 - CMSIS Pack Vendor :STMicroelectronics X-CUBE-SUBG2 5.0.0
2024-12-01 13:17:29,530 [INFO] ThirdParty:1030 - CMSIS Pack Vendor :STMicroelectronics STM32_WPAN 1.0.0
2024-12-01 13:17:29,530 [INFO] ThirdParty:1030 - CMSIS Pack Vendor :EmbeddedOffice I-CUBE-FS-RTOS 1.0.1
2024-12-01 13:17:29,530 [INFO] ThirdParty:1030 - CMSIS Pack Vendor :STMicroelectronics lwIP 2.0.3
2024-12-01 13:17:29,530 [INFO] ThirdParty:1030 - CMSIS Pack Vendor :STMicroelectronics FP-SNS-FLIGHT1 5.0.2
2024-12-01 13:17:29,530 [INFO] ThirdParty:1030 - CMSIS Pack Vendor :Cesanta I-CUBE-Mongoose 7.13.0
2024-12-01 13:17:29,530 [INFO] ThirdParty:1030 - CMSIS Pack Vendor :STMicroelectronics USB_HOST 1.0.0
2024-12-01 13:17:29,530 [INFO] ThirdParty:1030 - CMSIS Pack Vendor :Infineon AIROC-Wi-Fi-Bluetooth-STM32 1.7.0
2024-12-01 13:17:29,530 [INFO] ThirdParty:1030 - CMSIS Pack Vendor :STMicroelectronics X-CUBE-AI 9.0.0
2024-12-01 13:17:29,530 [INFO] ThirdParty:1030 - CMSIS Pack Vendor :STMicroelectronics X-CUBE-AZRTOS-G4 2.0.0
2024-12-01 13:17:29,530 [INFO] ThirdParty:1030 - CMSIS Pack Vendor :STMicroelectronics PDM2PCM 3.1.0
2024-12-01 13:17:29,530 [INFO] ThirdParty:1030 - CMSIS Pack Vendor :STMicroelectronics PDM2PCM 3.3.0
2024-12-01 13:17:29,530 [INFO] ThirdParty:1030 - CMSIS Pack Vendor :STMicroelectronics X-CUBE-DISPLAY 3.0.0
2024-12-01 13:17:29,530 [INFO] ThirdParty:1030 - CMSIS Pack Vendor :RealThread X-CUBE-RT-Thread_Nano 4.1.1
2024-12-01 13:17:29,530 [INFO] ThirdParty:1030 - CMSIS Pack Vendor :STMicroelectronics X-CUBE-BLE1 7.0.0
2024-12-01 13:17:29,530 [INFO] ThirdParty:1030 - CMSIS Pack Vendor :STMicroelectronics FP-ATR-SIGFOX1 3.2.0
2024-12-01 13:17:29,530 [INFO] ThirdParty:1030 - CMSIS Pack Vendor :STMicroelectronics X-CUBE-NFC10 1.0.0
2024-12-01 13:17:29,530 [INFO] ThirdParty:1030 - CMSIS Pack Vendor :wolfSSL I-CUBE-wolfSSL 5.7.2
2024-12-01 13:17:29,530 [INFO] ThirdParty:1030 - CMSIS Pack Vendor :quantropi X-CUBE-qispace-sdk-base 1.9.3
2024-12-01 13:17:29,530 [INFO] ThirdParty:1030 - CMSIS Pack Vendor :STMicroelectronics X-CUBE-EEPRMA1 5.1.0
2024-12-01 13:17:29,530 [INFO] ThirdParty:1030 - CMSIS Pack Vendor :STMicroelectronics HAL Drivers 0.0.0
2024-12-01 13:17:29,530 [INFO] ThirdParty:1030 - CMSIS Pack Vendor :STMicroelectronics MBEDTLS 2.16.2
2024-12-01 13:17:29,530 [INFO] ThirdParty:1030 - CMSIS Pack Vendor :STMicroelectronics X-CUBE-ALS 1.0.2
2024-12-01 13:17:29,530 [INFO] ThirdParty:1030 - CMSIS Pack Vendor :emotas I-CUBE-CANOPEN 1.3.0
2024-12-01 13:17:29,530 [INFO] ThirdParty:1030 - CMSIS Pack Vendor :wolfSSL I-CUBE-wolfSSL 5.7.4
2024-12-01 13:17:29,531 [INFO] ThirdParty:1030 - CMSIS Pack Vendor :STMicroelectronics X-CUBE-NFC7 1.0.1
2024-12-01 13:17:29,531 [INFO] ThirdParty:1030 - CMSIS Pack Vendor :STMicroelectronics MBEDTLS 2.14.1
2024-12-01 13:17:29,531 [INFO] ThirdParty:1030 - CMSIS Pack Vendor :ITTIA_DB I-CUBE-ITTIADB 8.9.0
2024-12-01 13:17:29,531 [INFO] ThirdParty:1030 - CMSIS Pack Vendor :STMicroelectronics X-CUBE-TOUCHGFX 4.24.1
2024-12-01 13:17:29,531 [INFO] ThirdParty:1030 - CMSIS Pack Vendor :wolfSSL I-CUBE-wolfTPM 3.4.0
2024-12-01 13:17:29,531 [INFO] ThirdParty:1030 - CMSIS Pack Vendor :portGmbH I-Cube-SoM-uGOAL 1.1.0
2024-12-01 13:17:29,531 [INFO] ThirdParty:1030 - CMSIS Pack Vendor :STMicroelectronics X-CUBE-BLEMGR 3.1.0
2024-12-01 13:17:29,531 [INFO] ThirdParty:1030 - CMSIS Pack Vendor :STMicroelectronics ThreadX 1.0.0
2024-12-01 13:17:29,531 [INFO] ThirdParty:1030 - CMSIS Pack Vendor :STMicroelectronics FP-SNS-SMARTAG2 1.2.0
2024-12-01 13:17:29,531 [INFO] ThirdParty:1030 - CMSIS Pack Vendor :STMicroelectronics X-CUBE-AZRTOS-WL 2.0.0
2024-12-01 13:17:29,531 [INFO] ThirdParty:1030 - CMSIS Pack Vendor :SEGGER I-CUBE-embOS 1.3.1
2024-12-01 13:17:29,531 [INFO] ThirdParty:1030 - CMSIS Pack Vendor :STMicroelectronics X-CUBE-ALGOBUILD 1.4.0
2024-12-01 13:17:29,531 [INFO] ThirdParty:1030 - CMSIS Pack Vendor :STMicroelectronics FP-SNS-MOTENV1 5.0.0
2024-12-01 13:17:29,531 [INFO] ThirdParty:1030 - CMSIS Pack Vendor :STMicroelectronics USB_DEVICE 1.0.0
2024-12-01 13:17:29,531 [INFO] ThirdParty:1030 - CMSIS Pack Vendor :STMicroelectronics X-CUBE-AZRTOS-H7RS 1.0.0
2024-12-01 13:17:29,531 [INFO] ThirdParty:1030 - CMSIS Pack Vendor :wolfSSL I-CUBE-wolfMQTT 1.19.0
2024-12-01 13:17:29,531 [INFO] ThirdParty:1030 - CMSIS Pack Vendor :STMicroelectronics X-CUBE-AZRTOS-L4 2.0.0
2024-12-01 13:17:29,531 [INFO] ThirdParty:1030 - CMSIS Pack Vendor :STMicroelectronics ThreadX 0.0.2
2024-12-01 13:17:29,531 [INFO] ThirdParty:1030 - CMSIS Pack Vendor :WES I-CUBE-Cesium 1.3.0
2024-12-01 13:17:29,531 [INFO] ThirdParty:1030 - CMSIS Pack Vendor :STMicroelectronics FP-ATR-ASTRA1 2.0.0
2024-12-01 13:17:29,531 [INFO] ThirdParty:1030 - CMSIS Pack Vendor :STMicroelectronics lwIP 2.1.2
2024-12-01 13:17:29,531 [INFO] ThirdParty:1030 - CMSIS Pack Vendor :STMicroelectronics X-CUBE-SFXS2LP1 4.0.0
2024-12-01 13:17:29,531 [INFO] ThirdParty:1030 - CMSIS Pack Vendor :STMicroelectronics X-CUBE-BLE2 3.3.0
2024-12-01 13:17:29,531 [INFO] ThirdParty:1030 - CMSIS Pack Vendor :STMicroelectronics X-CUBE-TOF1 3.4.2
2024-12-01 13:17:29,531 [INFO] ThirdParty:1030 - CMSIS Pack Vendor :STMicroelectronics X-CUBE-AI 9.1.0
2024-12-01 13:17:29,531 [INFO] ThirdParty:1030 - CMSIS Pack Vendor :Infineon AIROC-Wi-Fi-Bluetooth-STM32 1.6.1
2024-12-01 13:17:29,531 [INFO] ThirdParty:1030 - CMSIS Pack Vendor :STMicroelectronics PDM2PCM 3.2.0
2024-12-01 13:17:29,531 [INFO] ThirdParty:1030 - CMSIS Pack Vendor :wolfSSL I-CUBE-wolfSSH 1.4.17
2024-12-01 13:17:29,532 [INFO] ThirdPartyModel:298 - Start build external matchings
2024-12-01 13:17:29,957 [INFO] ThirdPartyModel:316 - End build external matchings
2024-12-01 13:17:29,963 [INFO] LoadServerUpdatesThread:375 - End of LoadServerUpdate Thread
2024-12-01 13:18:18,652 [WARN] IP:2251 - DEVICE_SERIAL0_AUDIO_FS not found: check if there is a RefParameter without a condition.
2024-12-01 13:18:18,652 [WARN] IP:2251 - DEVICE_SERIAL1_AUDIO_FS not found: check if there is a RefParameter without a condition.
2024-12-01 13:18:18,652 [WARN] IP:2251 - DEVICE_SERIAL2_AUDIO_FS not found: check if there is a RefParameter without a condition.
2024-12-01 13:18:18,653 [WARN] IP:2251 - DEVICE_SERIAL0_AUDIO_FS not found: check if there is a RefParameter without a condition.
2024-12-01 13:18:18,653 [WARN] IP:2251 - DEVICE_SERIAL1_AUDIO_FS not found: check if there is a RefParameter without a condition.
2024-12-01 13:18:18,653 [WARN] IP:2251 - DEVICE_SERIAL2_AUDIO_FS not found: check if there is a RefParameter without a condition.
2024-12-01 13:18:18,668 [WARN] IP:2251 - DEVICE_SERIAL0_AUDIO_FS not found: check if there is a RefParameter without a condition.
2024-12-01 13:18:18,668 [WARN] IP:2251 - DEVICE_SERIAL1_AUDIO_FS not found: check if there is a RefParameter without a condition.
2024-12-01 13:18:18,668 [WARN] IP:2251 - DEVICE_SERIAL2_AUDIO_FS not found: check if there is a RefParameter without a condition.
2024-12-01 13:18:22,486 [WARN] IP:2251 - DEVICE_SERIAL0_AUDIO_FS not found: check if there is a RefParameter without a condition.
2024-12-01 13:18:22,486 [WARN] IP:2251 - DEVICE_SERIAL1_AUDIO_FS not found: check if there is a RefParameter without a condition.
2024-12-01 13:18:22,486 [WARN] IP:2251 - DEVICE_SERIAL2_AUDIO_FS not found: check if there is a RefParameter without a condition.
2024-12-01 13:18:31,988 [WARN] IP:2251 - DEVICE_SERIAL0_AUDIO_FS not found: check if there is a RefParameter without a condition.
2024-12-01 13:18:31,988 [WARN] IP:2251 - DEVICE_SERIAL1_AUDIO_FS not found: check if there is a RefParameter without a condition.
2024-12-01 13:18:31,988 [WARN] IP:2251 - DEVICE_SERIAL2_AUDIO_FS not found: check if there is a RefParameter without a condition.
2024-12-01 13:18:42,496 [WARN] IP:2251 - DEVICE_SERIAL0_AUDIO_FS not found: check if there is a RefParameter without a condition.
2024-12-01 13:18:42,496 [WARN] IP:2251 - DEVICE_SERIAL1_AUDIO_FS not found: check if there is a RefParameter without a condition.
2024-12-01 13:18:42,496 [WARN] IP:2251 - DEVICE_SERIAL2_AUDIO_FS not found: check if there is a RefParameter without a condition.
2024-12-01 13:18:50,537 [WARN] IP:2251 - DEVICE_SERIAL0_AUDIO_FS not found: check if there is a RefParameter without a condition.
2024-12-01 13:18:50,537 [WARN] IP:2251 - DEVICE_SERIAL1_AUDIO_FS not found: check if there is a RefParameter without a condition.
2024-12-01 13:18:50,538 [WARN] IP:2251 - DEVICE_SERIAL2_AUDIO_FS not found: check if there is a RefParameter without a condition.
2024-12-01 13:19:35,213 [WARN] IP:2251 - DEVICE_SERIAL0_AUDIO_FS not found: check if there is a RefParameter without a condition.
2024-12-01 13:19:35,214 [WARN] IP:2251 - DEVICE_SERIAL1_AUDIO_FS not found: check if there is a RefParameter without a condition.
2024-12-01 13:19:35,214 [WARN] IP:2251 - DEVICE_SERIAL2_AUDIO_FS not found: check if there is a RefParameter without a condition.
2024-12-01 13:19:35,214 [WARN] IP:2251 - DEVICE_SERIAL0_AUDIO_FS not found: check if there is a RefParameter without a condition.
2024-12-01 13:19:35,214 [WARN] IP:2251 - DEVICE_SERIAL1_AUDIO_FS not found: check if there is a RefParameter without a condition.
2024-12-01 13:19:35,214 [WARN] IP:2251 - DEVICE_SERIAL2_AUDIO_FS not found: check if there is a RefParameter without a condition.
2024-12-01 13:19:40,166 [WARN] IP:2251 - DEVICE_SERIAL0_AUDIO_FS not found: check if there is a RefParameter without a condition.
2024-12-01 13:19:40,166 [WARN] IP:2251 - DEVICE_SERIAL1_AUDIO_FS not found: check if there is a RefParameter without a condition.
2024-12-01 13:19:40,166 [WARN] IP:2251 - DEVICE_SERIAL2_AUDIO_FS not found: check if there is a RefParameter without a condition.
2024-12-01 13:19:40,167 [WARN] IP:2251 - DEVICE_SERIAL0_AUDIO_FS not found: check if there is a RefParameter without a condition.
2024-12-01 13:19:40,167 [WARN] IP:2251 - DEVICE_SERIAL1_AUDIO_FS not found: check if there is a RefParameter without a condition.
2024-12-01 13:19:40,167 [WARN] IP:2251 - DEVICE_SERIAL2_AUDIO_FS not found: check if there is a RefParameter without a condition.
2024-12-01 13:19:45,066 [WARN] IP:2251 - DEVICE_SERIAL0_AUDIO_FS not found: check if there is a RefParameter without a condition.
2024-12-01 13:19:45,066 [WARN] IP:2251 - DEVICE_SERIAL1_AUDIO_FS not found: check if there is a RefParameter without a condition.
2024-12-01 13:19:45,066 [WARN] IP:2251 - DEVICE_SERIAL2_AUDIO_FS not found: check if there is a RefParameter without a condition.
2024-12-01 13:21:43,179 [WARN] IP:2251 - DEVICE_SERIAL0_AUDIO_FS not found: check if there is a RefParameter without a condition.
2024-12-01 13:21:43,179 [WARN] IP:2251 - DEVICE_SERIAL1_AUDIO_FS not found: check if there is a RefParameter without a condition.
2024-12-01 13:21:43,179 [WARN] IP:2251 - DEVICE_SERIAL2_AUDIO_FS not found: check if there is a RefParameter without a condition.
2024-12-01 13:21:44,889 [WARN] IP:2251 - DEVICE_SERIAL0_AUDIO_FS not found: check if there is a RefParameter without a condition.
2024-12-01 13:21:44,889 [WARN] IP:2251 - DEVICE_SERIAL1_AUDIO_FS not found: check if there is a RefParameter without a condition.
2024-12-01 13:21:44,889 [WARN] IP:2251 - DEVICE_SERIAL2_AUDIO_FS not found: check if there is a RefParameter without a condition.
2024-12-01 13:21:46,605 [WARN] IP:2251 - DEVICE_SERIAL0_AUDIO_FS not found: check if there is a RefParameter without a condition.
2024-12-01 13:21:46,606 [WARN] IP:2251 - DEVICE_SERIAL1_AUDIO_FS not found: check if there is a RefParameter without a condition.
2024-12-01 13:21:46,606 [WARN] IP:2251 - DEVICE_SERIAL2_AUDIO_FS not found: check if there is a RefParameter without a condition.
2024-12-01 13:22:08,494 [WARN] IP:2251 - DEVICE_SERIAL0_AUDIO_FS not found: check if there is a RefParameter without a condition.
2024-12-01 13:22:08,494 [WARN] IP:2251 - DEVICE_SERIAL1_AUDIO_FS not found: check if there is a RefParameter without a condition.
2024-12-01 13:22:08,494 [WARN] IP:2251 - DEVICE_SERIAL2_AUDIO_FS not found: check if there is a RefParameter without a condition.
2024-12-01 13:22:09,574 [WARN] IP:2251 - DEVICE_SERIAL0_AUDIO_FS not found: check if there is a RefParameter without a condition.
2024-12-01 13:22:09,575 [WARN] IP:2251 - DEVICE_SERIAL1_AUDIO_FS not found: check if there is a RefParameter without a condition.
2024-12-01 13:22:09,575 [WARN] IP:2251 - DEVICE_SERIAL2_AUDIO_FS not found: check if there is a RefParameter without a condition.
2024-12-01 13:25:03,108 [WARN] IP:2251 - DEVICE_SERIAL0_AUDIO_FS not found: check if there is a RefParameter without a condition.
2024-12-01 13:25:03,108 [WARN] IP:2251 - DEVICE_SERIAL1_AUDIO_FS not found: check if there is a RefParameter without a condition.
2024-12-01 13:25:03,108 [WARN] IP:2251 - DEVICE_SERIAL2_AUDIO_FS not found: check if there is a RefParameter without a condition.
2024-12-01 13:25:03,109 [WARN] IP:2251 - DEVICE_SERIAL0_AUDIO_FS not found: check if there is a RefParameter without a condition.
2024-12-01 13:25:03,109 [WARN] IP:2251 - DEVICE_SERIAL1_AUDIO_FS not found: check if there is a RefParameter without a condition.
2024-12-01 13:25:03,109 [WARN] IP:2251 - DEVICE_SERIAL2_AUDIO_FS not found: check if there is a RefParameter without a condition.
2024-12-01 13:25:03,584 [WARN] IP:2251 - DEVICE_SERIAL0_AUDIO_FS not found: check if there is a RefParameter without a condition.
2024-12-01 13:25:03,584 [WARN] IP:2251 - DEVICE_SERIAL1_AUDIO_FS not found: check if there is a RefParameter without a condition.
2024-12-01 13:25:03,584 [WARN] IP:2251 - DEVICE_SERIAL2_AUDIO_FS not found: check if there is a RefParameter without a condition.
2024-12-01 13:25:03,585 [WARN] IP:2251 - DEVICE_SERIAL0_AUDIO_FS not found: check if there is a RefParameter without a condition.
2024-12-01 13:25:03,585 [WARN] IP:2251 - DEVICE_SERIAL1_AUDIO_FS not found: check if there is a RefParameter without a condition.
2024-12-01 13:25:03,585 [WARN] IP:2251 - DEVICE_SERIAL2_AUDIO_FS not found: check if there is a RefParameter without a condition.
2024-12-01 13:25:31,540 [WARN] IP:2251 - DEVICE_SERIAL0_AUDIO_FS not found: check if there is a RefParameter without a condition.
2024-12-01 13:25:31,541 [WARN] IP:2251 - DEVICE_SERIAL1_AUDIO_FS not found: check if there is a RefParameter without a condition.
2024-12-01 13:25:31,541 [WARN] IP:2251 - DEVICE_SERIAL2_AUDIO_FS not found: check if there is a RefParameter without a condition.
2024-12-01 13:26:00,058 [WARN] IP:2251 - DEVICE_SERIAL0_AUDIO_FS not found: check if there is a RefParameter without a condition.
2024-12-01 13:26:00,058 [WARN] IP:2251 - DEVICE_SERIAL1_AUDIO_FS not found: check if there is a RefParameter without a condition.
2024-12-01 13:26:00,058 [WARN] IP:2251 - DEVICE_SERIAL2_AUDIO_FS not found: check if there is a RefParameter without a condition.
2024-12-01 13:26:00,059 [WARN] IP:2251 - DEVICE_SERIAL0_AUDIO_FS not found: check if there is a RefParameter without a condition.
2024-12-01 13:26:00,059 [WARN] IP:2251 - DEVICE_SERIAL1_AUDIO_FS not found: check if there is a RefParameter without a condition.
2024-12-01 13:26:00,059 [WARN] IP:2251 - DEVICE_SERIAL2_AUDIO_FS not found: check if there is a RefParameter without a condition.
2024-12-01 13:26:16,042 [WARN] IP:2251 - DEVICE_SERIAL0_AUDIO_FS not found: check if there is a RefParameter without a condition.
2024-12-01 13:26:16,042 [WARN] IP:2251 - DEVICE_SERIAL1_AUDIO_FS not found: check if there is a RefParameter without a condition.
2024-12-01 13:26:16,042 [WARN] IP:2251 - DEVICE_SERIAL2_AUDIO_FS not found: check if there is a RefParameter without a condition.
2024-12-01 13:26:16,043 [WARN] IP:2251 - DEVICE_SERIAL0_AUDIO_FS not found: check if there is a RefParameter without a condition.
2024-12-01 13:26:16,043 [WARN] IP:2251 - DEVICE_SERIAL1_AUDIO_FS not found: check if there is a RefParameter without a condition.
2024-12-01 13:26:16,043 [WARN] IP:2251 - DEVICE_SERIAL2_AUDIO_FS not found: check if there is a RefParameter without a condition.
2024-12-01 13:26:17,929 [WARN] IP:2251 - DEVICE_SERIAL0_AUDIO_FS not found: check if there is a RefParameter without a condition.
2024-12-01 13:26:17,929 [WARN] IP:2251 - DEVICE_SERIAL1_AUDIO_FS not found: check if there is a RefParameter without a condition.
2024-12-01 13:26:17,929 [WARN] IP:2251 - DEVICE_SERIAL2_AUDIO_FS not found: check if there is a RefParameter without a condition.
2024-12-01 13:26:17,930 [WARN] IP:2251 - DEVICE_SERIAL0_AUDIO_FS not found: check if there is a RefParameter without a condition.
2024-12-01 13:26:17,930 [WARN] IP:2251 - DEVICE_SERIAL1_AUDIO_FS not found: check if there is a RefParameter without a condition.
2024-12-01 13:26:17,930 [WARN] IP:2251 - DEVICE_SERIAL2_AUDIO_FS not found: check if there is a RefParameter without a condition.
2024-12-01 13:26:19,232 [WARN] IP:2251 - DEVICE_SERIAL0_AUDIO_FS not found: check if there is a RefParameter without a condition.
2024-12-01 13:26:19,232 [WARN] IP:2251 - DEVICE_SERIAL1_AUDIO_FS not found: check if there is a RefParameter without a condition.
2024-12-01 13:26:19,232 [WARN] IP:2251 - DEVICE_SERIAL2_AUDIO_FS not found: check if there is a RefParameter without a condition.
2024-12-01 13:26:19,233 [WARN] IP:2251 - DEVICE_SERIAL0_AUDIO_FS not found: check if there is a RefParameter without a condition.
2024-12-01 13:26:19,233 [WARN] IP:2251 - DEVICE_SERIAL1_AUDIO_FS not found: check if there is a RefParameter without a condition.
2024-12-01 13:26:19,233 [WARN] IP:2251 - DEVICE_SERIAL2_AUDIO_FS not found: check if there is a RefParameter without a condition.
2024-12-01 13:27:05,545 [WARN] IP:2251 - DEVICE_SERIAL0_AUDIO_FS not found: check if there is a RefParameter without a condition.
2024-12-01 13:27:05,545 [WARN] IP:2251 - DEVICE_SERIAL1_AUDIO_FS not found: check if there is a RefParameter without a condition.
2024-12-01 13:27:05,545 [WARN] IP:2251 - DEVICE_SERIAL2_AUDIO_FS not found: check if there is a RefParameter without a condition.
2024-12-01 13:27:14,227 [WARN] IP:2251 - DEVICE_SERIAL0_AUDIO_FS not found: check if there is a RefParameter without a condition.
2024-12-01 13:27:14,227 [WARN] IP:2251 - DEVICE_SERIAL1_AUDIO_FS not found: check if there is a RefParameter without a condition.
2024-12-01 13:27:14,227 [WARN] IP:2251 - DEVICE_SERIAL2_AUDIO_FS not found: check if there is a RefParameter without a condition.
2024-12-01 13:27:14,227 [WARN] IP:2251 - DEVICE_SERIAL0_AUDIO_FS not found: check if there is a RefParameter without a condition.
2024-12-01 13:27:14,227 [WARN] IP:2251 - DEVICE_SERIAL1_AUDIO_FS not found: check if there is a RefParameter without a condition.
2024-12-01 13:27:14,228 [WARN] IP:2251 - DEVICE_SERIAL2_AUDIO_FS not found: check if there is a RefParameter without a condition.
2024-12-01 13:27:16,338 [WARN] IP:2251 - DEVICE_SERIAL0_AUDIO_FS not found: check if there is a RefParameter without a condition.
2024-12-01 13:27:16,339 [WARN] IP:2251 - DEVICE_SERIAL1_AUDIO_FS not found: check if there is a RefParameter without a condition.
2024-12-01 13:27:16,339 [WARN] IP:2251 - DEVICE_SERIAL2_AUDIO_FS not found: check if there is a RefParameter without a condition.
2024-12-01 13:27:16,339 [WARN] IP:2251 - DEVICE_SERIAL0_AUDIO_FS not found: check if there is a RefParameter without a condition.
2024-12-01 13:27:16,339 [WARN] IP:2251 - DEVICE_SERIAL1_AUDIO_FS not found: check if there is a RefParameter without a condition.
2024-12-01 13:27:16,339 [WARN] IP:2251 - DEVICE_SERIAL2_AUDIO_FS not found: check if there is a RefParameter without a condition.
2024-12-01 13:28:16,488 [WARN] IP:2251 - DEVICE_SERIAL0_AUDIO_FS not found: check if there is a RefParameter without a condition.
2024-12-01 13:28:16,488 [WARN] IP:2251 - DEVICE_SERIAL1_AUDIO_FS not found: check if there is a RefParameter without a condition.
2024-12-01 13:28:16,488 [WARN] IP:2251 - DEVICE_SERIAL2_AUDIO_FS not found: check if there is a RefParameter without a condition.
2024-12-01 13:28:16,488 [WARN] IP:2251 - DEVICE_SERIAL0_AUDIO_FS not found: check if there is a RefParameter without a condition.
2024-12-01 13:28:16,488 [WARN] IP:2251 - DEVICE_SERIAL1_AUDIO_FS not found: check if there is a RefParameter without a condition.
2024-12-01 13:28:16,488 [WARN] IP:2251 - DEVICE_SERIAL2_AUDIO_FS not found: check if there is a RefParameter without a condition.
2024-12-01 13:28:16,862 [WARN] IP:2251 - DEVICE_SERIAL0_AUDIO_FS not found: check if there is a RefParameter without a condition.
2024-12-01 13:28:16,863 [WARN] IP:2251 - DEVICE_SERIAL1_AUDIO_FS not found: check if there is a RefParameter without a condition.
2024-12-01 13:28:16,863 [WARN] IP:2251 - DEVICE_SERIAL2_AUDIO_FS not found: check if there is a RefParameter without a condition.
2024-12-01 13:28:16,864 [WARN] IP:2251 - DEVICE_SERIAL0_AUDIO_FS not found: check if there is a RefParameter without a condition.
2024-12-01 13:28:16,865 [WARN] IP:2251 - DEVICE_SERIAL1_AUDIO_FS not found: check if there is a RefParameter without a condition.
2024-12-01 13:28:16,865 [WARN] IP:2251 - DEVICE_SERIAL2_AUDIO_FS not found: check if there is a RefParameter without a condition.
2024-12-01 13:28:17,046 [WARN] IP:2251 - DEVICE_SERIAL0_AUDIO_FS not found: check if there is a RefParameter without a condition.
2024-12-01 13:28:17,046 [WARN] IP:2251 - DEVICE_SERIAL1_AUDIO_FS not found: check if there is a RefParameter without a condition.
2024-12-01 13:28:17,046 [WARN] IP:2251 - DEVICE_SERIAL2_AUDIO_FS not found: check if there is a RefParameter without a condition.
2024-12-01 13:28:17,046 [WARN] IP:2251 - DEVICE_SERIAL0_AUDIO_FS not found: check if there is a RefParameter without a condition.
2024-12-01 13:28:17,046 [WARN] IP:2251 - DEVICE_SERIAL1_AUDIO_FS not found: check if there is a RefParameter without a condition.
2024-12-01 13:28:17,046 [WARN] IP:2251 - DEVICE_SERIAL2_AUDIO_FS not found: check if there is a RefParameter without a condition.
2024-12-01 13:28:17,249 [WARN] IP:2251 - DEVICE_SERIAL0_AUDIO_FS not found: check if there is a RefParameter without a condition.
2024-12-01 13:28:17,249 [WARN] IP:2251 - DEVICE_SERIAL1_AUDIO_FS not found: check if there is a RefParameter without a condition.
2024-12-01 13:28:17,249 [WARN] IP:2251 - DEVICE_SERIAL2_AUDIO_FS not found: check if there is a RefParameter without a condition.
2024-12-01 13:28:17,250 [WARN] IP:2251 - DEVICE_SERIAL0_AUDIO_FS not found: check if there is a RefParameter without a condition.
2024-12-01 13:28:17,250 [WARN] IP:2251 - DEVICE_SERIAL1_AUDIO_FS not found: check if there is a RefParameter without a condition.
2024-12-01 13:28:17,250 [WARN] IP:2251 - DEVICE_SERIAL2_AUDIO_FS not found: check if there is a RefParameter without a condition.
2024-12-01 13:28:17,458 [WARN] IP:2251 - DEVICE_SERIAL0_AUDIO_FS not found: check if there is a RefParameter without a condition.
2024-12-01 13:28:17,458 [WARN] IP:2251 - DEVICE_SERIAL1_AUDIO_FS not found: check if there is a RefParameter without a condition.
2024-12-01 13:28:17,458 [WARN] IP:2251 - DEVICE_SERIAL2_AUDIO_FS not found: check if there is a RefParameter without a condition.
2024-12-01 13:28:17,458 [WARN] IP:2251 - DEVICE_SERIAL0_AUDIO_FS not found: check if there is a RefParameter without a condition.
2024-12-01 13:28:17,458 [WARN] IP:2251 - DEVICE_SERIAL1_AUDIO_FS not found: check if there is a RefParameter without a condition.
2024-12-01 13:28:17,459 [WARN] IP:2251 - DEVICE_SERIAL2_AUDIO_FS not found: check if there is a RefParameter without a condition.
2024-12-01 13:28:17,672 [WARN] IP:2251 - DEVICE_SERIAL0_AUDIO_FS not found: check if there is a RefParameter without a condition.
2024-12-01 13:28:17,672 [WARN] IP:2251 - DEVICE_SERIAL1_AUDIO_FS not found: check if there is a RefParameter without a condition.
2024-12-01 13:28:17,673 [WARN] IP:2251 - DEVICE_SERIAL2_AUDIO_FS not found: check if there is a RefParameter without a condition.
2024-12-01 13:28:17,675 [WARN] IP:2251 - DEVICE_SERIAL0_AUDIO_FS not found: check if there is a RefParameter without a condition.
2024-12-01 13:28:17,675 [WARN] IP:2251 - DEVICE_SERIAL1_AUDIO_FS not found: check if there is a RefParameter without a condition.
2024-12-01 13:28:17,675 [WARN] IP:2251 - DEVICE_SERIAL2_AUDIO_FS not found: check if there is a RefParameter without a condition.
2024-12-01 13:28:25,554 [INFO] CADModel:198 - CPN selected (Project mode): STM32F401CEU6
2024-12-01 13:28:25,555 [INFO] CADModel:200 - Internet connection configuration mode: 1
2024-12-01 13:28:25,555 [INFO] CADModel:203 - rpn retrievedSTM32F401CE
2024-12-01 13:28:25,585 [INFO] WebAppUi:325 - Instantiating new browser for Project
2024-12-01 13:28:30,233 [INFO] WebAppUi:1224 - Register for checkConnection events
2024-12-01 13:28:30,234 [INFO] WebAppUi:1259 - Apply proxy settings
2024-12-01 13:28:30,234 [INFO] WebAppUi:1297 - Chromium requires no authentication
2024-12-01 13:28:30,234 [INFO] WebAppUi:1283 - Direct internet connection detected
2024-12-01 13:28:30,237 [INFO] WebAppUi:1155 - Web application path used /opt/stm32cubeide/plugins/com.st.stm32cube.common.mx_6.13.0.202411220809/db/plugins/mcufinder/reactClient/index.html
2024-12-01 13:28:30,745 [INFO] WebAppUi:927 - Path where api_config.json is located /root/.stmcufinder/plugins/mcufinder//mcu/api_config.json
2024-12-01 13:28:30,745 [INFO] WebAppUi:928 - Setting api config in window object
2024-12-01 13:28:30,809 [WARN] WebAppUi:965 - Cannot access cad_preferences.json
2024-12-01 13:28:30,820 [WARN] WebAppUi:968 - Fallback to default consent
2024-12-01 13:28:30,892 [INFO] WebAppUi:936 - Path where cad_preferences.json is located /root/.stm32cubeide/
2024-12-01 13:28:30,892 [INFO] WebAppUi:937 - Setting consent info in window object
2024-12-01 13:28:36,241 [INFO] WebAppUi:832 - Allow Downloads
2024-12-01 13:28:36,242 [INFO] WebAppUi:325 - Instantiating new browser for Finder
2024-12-01 13:28:36,372 [INFO] WebAppUi:1224 - Register for checkConnection events
2024-12-01 13:28:36,372 [INFO] WebAppUi:1259 - Apply proxy settings
2024-12-01 13:28:36,372 [INFO] WebAppUi:1297 - Chromium requires no authentication
2024-12-01 13:28:36,373 [INFO] WebAppUi:1283 - Direct internet connection detected
2024-12-01 13:28:36,375 [INFO] WebAppUi:1155 - Web application path used /opt/stm32cubeide/plugins/com.st.stm32cube.common.mx_6.13.0.202411220809/db/plugins/mcufinder/reactClient/index.html
2024-12-01 13:28:36,589 [INFO] WebAppUi:927 - Path where api_config.json is located /root/.stmcufinder/plugins/mcufinder//mcu/api_config.json
2024-12-01 13:28:36,589 [INFO] WebAppUi:928 - Setting api config in window object
2024-12-01 13:28:36,603 [INFO] WebAppUi:936 - Path where cad_preferences.json is located /root/.stm32cubeide/
2024-12-01 13:28:36,603 [INFO] WebAppUi:937 - Setting consent info in window object
2024-12-01 13:28:40,664 [INFO] WebAppUi:1089 - Web application message: [UlApiManager component] Connected to Ultra Librarian SSO
2024-12-01 13:28:44,055 [INFO] WebAppUi:1089 - Web application message: [UlApiManager component] Connected to Ultra Librarian API
2024-12-01 13:28:45,036 [INFO] WebAppUi:832 - Allow Downloads
2024-12-01 13:28:45,036 [INFO] WebAppUi:653 - RPN selected STM32F401CE
2024-12-01 13:28:45,036 [INFO] WebAppUi:654 - RefName selected STM32F401CEUx
2024-12-01 13:28:45,036 [INFO] WebAppUi:655 - CPN selected STM32F401CEU6
2024-12-01 13:28:45,040 [INFO] WebAppUi:818 - Which Bigleton in use 2 and which CPN is about STM32F401CEU6
2024-12-01 13:28:45,046 [INFO] WebAppUi:692 - Have injected Javascript into web application
2024-12-01 13:28:45,046 [INFO] WebAppUiContainer:153 - Web application run mode: Project CPN: STM32F401CEU6
2024-12-01 13:28:45,891 [INFO] WebAppUi:1089 - Web application message: [UlApiManager component] Connected to Ultra Librarian SSO
2024-12-01 13:28:45,892 [INFO] WebAppUi:1089 - Web application message: [UlApiManager component] Connected to Ultra Librarian API
2024-12-01 13:28:52,842 [INFO] WebAppUi:927 - Path where api_config.json is located /root/.stmcufinder/plugins/mcufinder//mcu/api_config.json
2024-12-01 13:28:52,842 [INFO] WebAppUi:928 - Setting api config in window object
2024-12-01 13:28:52,858 [INFO] WebAppUi:936 - Path where cad_preferences.json is located /root/.stm32cubeide/
2024-12-01 13:28:52,858 [INFO] WebAppUi:937 - Setting consent info in window object
2024-12-01 13:28:55,123 [INFO] WebAppUi:1089 - Web application message: THREE.WebGLRenderer 101
2024-12-01 13:30:01,811 [INFO] UtilMem:75 - End SaveConfig() Used Memory: 769776504 Bytes (919601152)
2024-12-01 13:30:04,324 [INFO] UtilMem:75 - End SaveConfig() Used Memory: 792129200 Bytes (919601152)
2024-12-01 13:30:07,816 [INFO] UtilMem:75 - End SaveConfig() Used Memory: 336454960 Bytes (919601152)
2024-12-01 13:30:07,950 [INFO] ProjectBuilder:2349 - IP not ready for code generation: Clock
2024-12-01 13:30:20,670 [WARN] IP:2251 - DEVICE_SERIAL0_AUDIO_FS not found: check if there is a RefParameter without a condition.
2024-12-01 13:30:20,670 [WARN] IP:2251 - DEVICE_SERIAL1_AUDIO_FS not found: check if there is a RefParameter without a condition.
2024-12-01 13:30:20,670 [WARN] IP:2251 - DEVICE_SERIAL2_AUDIO_FS not found: check if there is a RefParameter without a condition.
2024-12-01 13:30:20,671 [WARN] IP:2251 - DEVICE_SERIAL0_AUDIO_FS not found: check if there is a RefParameter without a condition.
2024-12-01 13:30:20,671 [WARN] IP:2251 - DEVICE_SERIAL1_AUDIO_FS not found: check if there is a RefParameter without a condition.
2024-12-01 13:30:20,671 [WARN] IP:2251 - DEVICE_SERIAL2_AUDIO_FS not found: check if there is a RefParameter without a condition.
2024-12-01 13:30:22,950 [WARN] IP:2251 - DEVICE_SERIAL0_AUDIO_FS not found: check if there is a RefParameter without a condition.
2024-12-01 13:30:22,950 [WARN] IP:2251 - DEVICE_SERIAL1_AUDIO_FS not found: check if there is a RefParameter without a condition.
2024-12-01 13:30:22,950 [WARN] IP:2251 - DEVICE_SERIAL2_AUDIO_FS not found: check if there is a RefParameter without a condition.
2024-12-01 13:30:22,950 [WARN] IP:2251 - DEVICE_SERIAL0_AUDIO_FS not found: check if there is a RefParameter without a condition.
2024-12-01 13:30:22,950 [WARN] IP:2251 - DEVICE_SERIAL1_AUDIO_FS not found: check if there is a RefParameter without a condition.
2024-12-01 13:30:22,950 [WARN] IP:2251 - DEVICE_SERIAL2_AUDIO_FS not found: check if there is a RefParameter without a condition.
2024-12-01 13:30:34,569 [INFO] CADModel:198 - CPN selected (Project mode): STM32F401CEU6
2024-12-01 13:30:34,569 [INFO] CADModel:200 - Internet connection configuration mode: 1
2024-12-01 13:30:34,569 [INFO] CADModel:203 - rpn retrievedSTM32F401CE
2024-12-01 13:30:34,569 [INFO] WebAppUi:653 - RPN selected STM32F401CE
2024-12-01 13:30:34,569 [INFO] WebAppUi:654 - RefName selected STM32F401CEUx
2024-12-01 13:30:34,569 [INFO] WebAppUi:655 - CPN selected STM32F401CEU6
2024-12-01 13:30:34,571 [INFO] WebAppUi:818 - Which Bigleton in use 2 and which CPN is about STM32F401CEU6
2024-12-01 13:30:34,576 [INFO] WebAppUi:692 - Have injected Javascript into web application
2024-12-01 13:30:34,577 [INFO] WebAppUiContainer:153 - Web application run mode: Project CPN: STM32F401CEU6
2024-12-01 13:30:47,339 [WARN] IP:2251 - DEVICE_SERIAL0_AUDIO_FS not found: check if there is a RefParameter without a condition.
2024-12-01 13:30:47,339 [WARN] IP:2251 - DEVICE_SERIAL1_AUDIO_FS not found: check if there is a RefParameter without a condition.
2024-12-01 13:30:47,339 [WARN] IP:2251 - DEVICE_SERIAL2_AUDIO_FS not found: check if there is a RefParameter without a condition.
2024-12-01 19:31:17,173 [INFO] WebApp:190 - Connection lost
2024-12-01 19:31:19,163 [INFO] WebAppUi:1089 - Web application message: Reloading CAD
2024-12-01 19:31:22,475 [INFO] WebApp:187 - Connection restablished
2024-12-01 19:31:41,336 [INFO] CADModel:198 - CPN selected (Project mode): STM32F401CEU6
2024-12-01 19:31:41,336 [INFO] CADModel:200 - Internet connection configuration mode: 1
2024-12-01 19:31:41,336 [INFO] CADModel:203 - rpn retrievedSTM32F401CE
2024-12-01 19:31:41,337 [INFO] WebAppUi:653 - RPN selected STM32F401CE
2024-12-01 19:31:41,337 [INFO] WebAppUi:654 - RefName selected STM32F401CEUx
2024-12-01 19:31:41,337 [INFO] WebAppUi:655 - CPN selected STM32F401CEU6
2024-12-01 19:31:41,338 [INFO] WebAppUi:818 - Which Bigleton in use 2 and which CPN is about STM32F401CEU6
2024-12-01 19:31:41,342 [INFO] WebAppUi:692 - Have injected Javascript into web application
2024-12-01 19:31:41,342 [INFO] WebAppUiContainer:153 - Web application run mode: Project CPN: STM32F401CEU6
2024-12-01 19:31:42,871 [INFO] WebAppUi:1089 - Web application message: Token has expired
2024-12-01 19:31:42,872 [INFO] WebAppUi:1089 - Web application message: [UlApiManager component] Connecting to SSO
2024-12-01 19:31:44,409 [INFO] WebAppUi:1089 - Web application message: [UlApiManager component] Connected to Ultra Librarian SSO
2024-12-01 19:32:42,801 [INFO] CADModel:198 - CPN selected (Project mode): STM32F401CEU6
2024-12-01 19:32:42,801 [INFO] CADModel:200 - Internet connection configuration mode: 1
2024-12-01 19:32:42,801 [INFO] CADModel:203 - rpn retrievedSTM32F401CE
2024-12-01 19:32:42,801 [INFO] WebAppUi:653 - RPN selected STM32F401CE
2024-12-01 19:32:42,801 [INFO] WebAppUi:654 - RefName selected STM32F401CEUx
2024-12-01 19:32:42,801 [INFO] WebAppUi:655 - CPN selected STM32F401CEU6
2024-12-01 19:32:42,802 [INFO] WebAppUi:818 - Which Bigleton in use 2 and which CPN is about STM32F401CEU6
2024-12-01 19:32:42,806 [INFO] WebAppUi:692 - Have injected Javascript into web application
2024-12-01 19:32:42,806 [INFO] WebAppUiContainer:153 - Web application run mode: Project CPN: STM32F401CEU6
2024-12-01 19:33:13,966 [INFO] UtilMem:75 - End SaveConfig() Used Memory: 753314280 Bytes (901775360)
2024-12-01 19:39:24,381 [INFO] NvicIntPanel:101 - NVIC parent = com.st.microxplorer.plugins.ip.nvic.MultiNvicIntPanel[,0,0,601x377,layout=javax.swing.BoxLayout,alignmentX=0.0,alignmentY=0.0,border=,flags=9,maximumSize=,minimumSize=,preferredSize=]
2024-12-01 21:32:19,884 [INFO] WebApp:190 - Connection lost
2024-12-01 21:32:21,927 [INFO] WebAppUi:1089 - Web application message: Reloading CAD
2024-12-01 21:32:23,648 [INFO] WebApp:187 - Connection restablished
2024-12-01 21:32:25,554 [INFO] WebApp:190 - Connection lost
2024-12-01 21:32:26,145 [INFO] WebApp:187 - Connection restablished
