2024-09-28 23:31:55,508 [INFO] Activator:176 - 


2024-09-28 23:31:55,510 [INFO] Activator:177 - !SESSION log4j initialized
2024-09-28 23:31:57,408 [INFO] LogOutputStream:77 - [STDOUT_REDIRECT] 
2024-09-28 23:32:05,265 [INFO] ApplicationProperties:184 - Using Application install path: /opt/stm32cubeide/plugins/com.st.stm32cube.common.mx_6.11.0.202403141607
2024-09-28 23:32:05,278 [INFO] DbMcusXml:78 - Set database path to: /opt/stm32cubeide/plugins/com.st.stm32cube.common.mx_6.11.0.202403141607//db//mcu/
2024-09-28 23:32:05,278 [INFO] ApiDb:274 - Set plugin database path to: /opt/stm32cubeide/plugins/com.st.stm32cube.common.mx_6.11.0.202403141607//db//plugins/boardmanager/
2024-09-28 23:32:05,279 [WARN] ApiDb:259 - Overriding images path with different value:  => /opt/stm32cubeide/plugins/com.st.stm32cube.common.mx_6.11.0.202403141607//db//plugins/mcufinder/images/
2024-09-28 23:32:06,100 [WARN] ApiFinderProperties:113 - /root/.stmcufinder/plugins/mcufinder/mcu/mcuFinder.mfd doesn't exist
2024-09-28 23:32:06,101 [INFO] ApiDb:250 - Set database path to: /root/.stmcufinder/plugins/mcufinder//mcu/
2024-09-28 23:32:06,102 [INFO] DbMcusAds:125 - Set database path to: /root/.stmcufinder/plugins/mcufinder//mcu/
2024-09-28 23:32:06,104 [INFO] CrossReferenceDbSqlite:203 - Set database path to: /root/.stmcufinder/plugins/mcufinder//mcu/cs/
2024-09-28 23:32:06,193 [INFO] RulesReader:64 - Compatibility file has been processed (297 Rules)
2024-09-28 23:32:06,228 [INFO] DbMcusXml:78 - Set database path to: /opt/stm32cubeide/plugins/com.st.stm32cube.common.mx_6.11.0.202403141607//db//mcu/
2024-09-28 23:32:06,229 [INFO] ApiDb:274 - Set plugin database path to: /opt/stm32cubeide/plugins/com.st.stm32cube.common.mx_6.11.0.202403141607//db//plugins/boardmanager/
2024-09-28 23:32:06,229 [INFO] ApiDb:261 - Set plugin images path to: /opt/stm32cubeide/plugins/com.st.stm32cube.common.mx_6.11.0.202403141607//db//plugins/mcufinder/images/
2024-09-28 23:32:06,229 [WARN] DbFile:41 - Overriding database path with different value: /root/.stmcufinder/plugins/mcufinder/ => /root/.stmcufinder/plugins/mcufinder
2024-09-28 23:32:06,229 [INFO] ApiDb:250 - Set database path to: /root/.stmcufinder/plugins/mcufinder//mcu/
2024-09-28 23:32:06,229 [WARN] DbFile:41 - Overriding database path with different value: /root/.stmcufinder/plugins/mcufinder/ => /root/.stmcufinder/plugins/mcufinder
2024-09-28 23:32:06,229 [INFO] DbMcusAds:125 - Set database path to: /root/.stmcufinder/plugins/mcufinder//mcu/
2024-09-28 23:32:06,229 [WARN] DbFile:41 - Overriding database path with different value: /root/.stmcufinder/plugins/mcufinder/ => /root/.stmcufinder/plugins/mcufinder
2024-09-28 23:32:06,229 [WARN] DbFile:41 - Overriding database path with different value: /root/.stmcufinder/plugins/mcufinder/ => /root/.stmcufinder/plugins/mcufinder
2024-09-28 23:32:06,230 [INFO] CrossReferenceDbSqlite:203 - Set database path to: /root/.stmcufinder/plugins/mcufinder//mcu/cs/
2024-09-28 23:32:06,274 [INFO] MainPanel:264 - HeapMemory: 268435456
2024-09-28 23:32:06,327 [INFO] DbMcusXml:78 - Set database path to: /opt/stm32cubeide/plugins/com.st.stm32cube.common.mx_6.11.0.202403141607//db//mcu/
2024-09-28 23:32:06,327 [INFO] ApiDb:274 - Set plugin database path to: /opt/stm32cubeide/plugins/com.st.stm32cube.common.mx_6.11.0.202403141607//db//plugins/boardmanager/
2024-09-28 23:32:06,327 [INFO] ApiDb:261 - Set plugin images path to: /opt/stm32cubeide/plugins/com.st.stm32cube.common.mx_6.11.0.202403141607//db//plugins/mcufinder/images/
2024-09-28 23:32:06,327 [WARN] DbFile:41 - Overriding database path with different value: /root/.stmcufinder/plugins/mcufinder/ => /root/.stmcufinder/plugins/mcufinder
2024-09-28 23:32:06,328 [INFO] ApiDb:250 - Set database path to: /root/.stmcufinder/plugins/mcufinder//mcu/
2024-09-28 23:32:06,328 [WARN] DbFile:41 - Overriding database path with different value: /root/.stmcufinder/plugins/mcufinder/ => /root/.stmcufinder/plugins/mcufinder
2024-09-28 23:32:06,328 [INFO] DbMcusAds:125 - Set database path to: /root/.stmcufinder/plugins/mcufinder//mcu/
2024-09-28 23:32:06,328 [WARN] DbFile:41 - Overriding database path with different value: /root/.stmcufinder/plugins/mcufinder/ => /root/.stmcufinder/plugins/mcufinder
2024-09-28 23:32:06,328 [WARN] DbFile:41 - Overriding database path with different value: /root/.stmcufinder/plugins/mcufinder/ => /root/.stmcufinder/plugins/mcufinder
2024-09-28 23:32:06,328 [INFO] CrossReferenceDbSqlite:203 - Set database path to: /root/.stmcufinder/plugins/mcufinder//mcu/cs/
2024-09-28 23:32:06,339 [INFO] ApplicationProperties:184 - Using Application install path: /opt/stm32cubeide/plugins/com.st.stm32cube.common.mx_6.11.0.202403141607
2024-09-28 23:32:06,340 [INFO] PluginManage:196 - Search for loadable plugins [exclusion list=, ]
2024-09-28 23:32:06,341 [INFO] PluginManage:310 - Check plugin analytics
2024-09-28 23:32:06,477 [INFO] AnalyticsPlugin:253 - Accepted Software Licenses: 
2024-09-28 23:32:06,477 [INFO] AnalyticsPlugin:255 - Accepted CMSIS Pack Licenses: 
2024-09-28 23:32:06,477 [INFO] AnalyticsPlugin:257 - Accepted Firmware Licenses: 
2024-09-28 23:32:06,480 [INFO] PluginManage:359 - Loaded plugin analytics (category:tool,tabindex:-1)
2024-09-28 23:32:06,480 [INFO] PluginManage:310 - Check plugin cadmodel
2024-09-28 23:32:06,580 [INFO] CADModel:105 - Init CAD model plugin
2024-09-28 23:32:06,580 [INFO] PluginManage:359 - Loaded plugin cadmodel (category:power,tabindex:5)
2024-09-28 23:32:06,580 [INFO] PluginManage:310 - Check plugin clock
2024-09-28 23:32:06,586 [INFO] PluginManage:359 - Loaded plugin clock (category:base,tabindex:2)
2024-09-28 23:32:06,586 [INFO] PluginManage:310 - Check plugin ddr
2024-09-28 23:32:06,587 [INFO] PluginManage:359 - Loaded plugin ddr (category:tool,tabindex:6)
2024-09-28 23:32:06,587 [INFO] PluginManage:310 - Check plugin filemanager
2024-09-28 23:32:06,681 [INFO] PluginManage:359 - Loaded plugin filemanager (category:base,tabindex:10)
2024-09-28 23:32:06,682 [INFO] PluginManage:310 - Check plugin ipmanager
2024-09-28 23:32:06,685 [INFO] PluginManage:359 - Loaded plugin ipmanager (category:base,tabindex:5)
2024-09-28 23:32:06,685 [INFO] PluginManage:310 - Check plugin lpbam
2024-09-28 23:32:06,692 [INFO] PluginManage:359 - Loaded plugin lpbam (category:base,tabindex:0)
2024-09-28 23:32:06,692 [INFO] PluginManage:310 - Check plugin memorymap
2024-09-28 23:32:06,699 [INFO] PluginManage:359 - Loaded plugin memorymap (category:base,tabindex:4)
2024-09-28 23:32:06,699 [INFO] PluginManage:310 - Check plugin pinoutandconfiguration
2024-09-28 23:32:06,703 [INFO] PluginManage:359 - Loaded plugin pinoutandconfiguration (category:base,tabindex:1)
2024-09-28 23:32:06,703 [INFO] PluginManage:310 - Check plugin pinoutconfig
2024-09-28 23:32:06,766 [WARN] SupportedApi:132 - Cannot load RTOS API schema: s4s-elt-must-match.1: The content of 'definitions' must match (annotation?, (simpleType | complexType)?, (unique | key | keyref)*)). A problem was found starting at: attribute.
2024-09-28 23:32:06,866 [INFO] PluginManage:359 - Loaded plugin pinoutconfig (category:base,tabindex:0)
2024-09-28 23:32:06,866 [INFO] PluginManage:310 - Check plugin power
2024-09-28 23:32:06,872 [INFO] PluginManage:359 - Loaded plugin power (category:power,tabindex:4)
2024-09-28 23:32:06,872 [INFO] PluginManage:310 - Check plugin projectmanager
2024-09-28 23:32:06,883 [INFO] PluginManage:359 - Loaded plugin projectmanager (category:projectmanager,tabindex:3)
2024-09-28 23:32:06,883 [INFO] PluginManage:310 - Check plugin thirdparty
2024-09-28 23:32:06,958 [INFO] PluginManage:359 - Loaded plugin thirdparty (category:base,tabindex:-1)
2024-09-28 23:32:06,958 [WARN] IntegrityCheckThread:84 - waiting for thirdparty lock release [integrity check]
2024-09-28 23:32:06,958 [INFO] PluginManage:310 - Check plugin tools
2024-09-28 23:32:06,959 [INFO] IntegrityCheckThread:86 - entering critical section [integrity check]
2024-09-28 23:32:06,959 [INFO] ThirdPartyUpdaterWithRetryManager:70 - Updater plugin not ready yet. [1/15]
2024-09-28 23:32:06,961 [INFO] PluginManage:359 - Loaded plugin tools (category:base,tabindex:7)
2024-09-28 23:32:06,961 [INFO] PluginManage:310 - Check plugin tutovideos
2024-09-28 23:32:07,108 [INFO] PluginManage:359 - Loaded plugin tutovideos (category:base,tabindex:-1)
2024-09-28 23:32:07,108 [INFO] PluginManage:310 - Check plugin updater
2024-09-28 23:32:07,115 [INFO] PluginManage:359 - Loaded plugin updater (category:base,tabindex:12)
2024-09-28 23:32:07,115 [INFO] PluginManage:310 - Check plugin userauth
2024-09-28 23:32:07,119 [INFO] UserAuth:114 - Init User Auth plugin
2024-09-28 23:32:07,119 [INFO] PluginManage:359 - Loaded plugin userauth (category:base,tabindex:14)
2024-09-28 23:32:07,119 [INFO] PluginManage:283 - PluginManage : Loaded plugins [17]
2024-09-28 23:32:07,267 [INFO] PinOutPanel:1561 - setPackage(No Configuration,No Configuration)
2024-09-28 23:32:07,321 [INFO] CADModel:165 - CPN selected for project level
2024-09-28 23:32:07,322 [INFO] CADModel:114 - Register for checkConnection events
2024-09-28 23:32:07,332 [INFO] IPUIPlugin:80 - create IPUIPlugin
2024-09-28 23:32:07,333 [INFO] PluginManager:220 - loadIPPluginJar : add hash
2024-09-28 23:32:07,335 [INFO] IPUIPlugin:80 - create IPUIPlugin
2024-09-28 23:32:07,335 [INFO] PluginManager:220 - loadIPPluginJar : add dfsdm
2024-09-28 23:32:07,336 [INFO] IPUIPlugin:80 - create IPUIPlugin
2024-09-28 23:32:07,337 [INFO] PluginManager:220 - loadIPPluginJar : add tim
2024-09-28 23:32:07,339 [INFO] IPUIPlugin:80 - create IPUIPlugin
2024-09-28 23:32:07,339 [INFO] PluginManager:220 - loadIPPluginJar : add gtzc
2024-09-28 23:32:07,344 [INFO] IPUIPlugin:80 - create IPUIPlugin
2024-09-28 23:32:07,344 [INFO] PluginManager:220 - loadIPPluginJar : add fmc
2024-09-28 23:32:07,349 [INFO] IPUIPlugin:80 - create IPUIPlugin
2024-09-28 23:32:07,350 [INFO] PluginManager:220 - loadIPPluginJar : add adc
2024-09-28 23:32:07,354 [INFO] IPUIPlugin:80 - create IPUIPlugin
2024-09-28 23:32:07,355 [INFO] PluginManager:220 - loadIPPluginJar : add stm32_wpan
2024-09-28 23:32:07,357 [INFO] IPUIPlugin:80 - create IPUIPlugin
2024-09-28 23:32:07,357 [INFO] PluginManager:220 - loadIPPluginJar : add extmemmanager
2024-09-28 23:32:07,359 [INFO] IPUIPlugin:80 - create IPUIPlugin
2024-09-28 23:32:07,359 [INFO] PluginManager:220 - loadIPPluginJar : add ts
2024-09-28 23:32:07,362 [INFO] IPUIPlugin:80 - create IPUIPlugin
2024-09-28 23:32:07,362 [INFO] PluginManager:220 - loadIPPluginJar : add touchsensing
2024-09-28 23:32:07,363 [INFO] IPUIPlugin:80 - create IPUIPlugin
2024-09-28 23:32:07,363 [INFO] PluginManager:220 - loadIPPluginJar : add fatfs
2024-09-28 23:32:07,365 [INFO] IPUIPlugin:80 - create IPUIPlugin
2024-09-28 23:32:07,365 [INFO] PluginManager:220 - loadIPPluginJar : add tracer_emb
2024-09-28 23:32:07,370 [INFO] IPUIPlugin:80 - create IPUIPlugin
2024-09-28 23:32:07,371 [INFO] PluginManager:220 - loadIPPluginJar : add mdma
2024-09-28 23:32:07,373 [INFO] IPUIPlugin:80 - create IPUIPlugin
2024-09-28 23:32:07,373 [INFO] PluginManager:220 - loadIPPluginJar : add openamp
2024-09-28 23:32:07,374 [INFO] IPUIPlugin:80 - create IPUIPlugin
2024-09-28 23:32:07,374 [INFO] PluginManager:220 - loadIPPluginJar : add tsc
2024-09-28 23:32:07,376 [INFO] IPUIPlugin:80 - create IPUIPlugin
2024-09-28 23:32:07,377 [INFO] PluginManager:220 - loadIPPluginJar : add i3c
2024-09-28 23:32:07,378 [INFO] IPUIPlugin:80 - create IPUIPlugin
2024-09-28 23:32:07,378 [INFO] PluginManager:220 - loadIPPluginJar : add genericplugin
2024-09-28 23:32:07,381 [INFO] IPUIPlugin:80 - create IPUIPlugin
2024-09-28 23:32:07,381 [INFO] PluginManager:220 - loadIPPluginJar : add usbx
2024-09-28 23:32:07,383 [INFO] IPUIPlugin:80 - create IPUIPlugin
2024-09-28 23:32:07,383 [INFO] PluginManager:220 - loadIPPluginJar : add aes
2024-09-28 23:32:07,385 [INFO] IPUIPlugin:80 - create IPUIPlugin
2024-09-28 23:32:07,385 [INFO] PluginManager:220 - loadIPPluginJar : add comp
2024-09-28 23:32:07,386 [INFO] IPUIPlugin:80 - create IPUIPlugin
2024-09-28 23:32:07,386 [INFO] PluginManager:220 - loadIPPluginJar : add quadspi
2024-09-28 23:32:07,389 [INFO] IPUIPlugin:80 - create IPUIPlugin
2024-09-28 23:32:07,389 [INFO] PluginManager:220 - loadIPPluginJar : add resmgrutility
2024-09-28 23:32:07,392 [INFO] IPUIPlugin:80 - create IPUIPlugin
2024-09-28 23:32:07,392 [INFO] PluginManager:220 - loadIPPluginJar : add i2c
2024-09-28 23:32:07,395 [INFO] IPUIPlugin:80 - create IPUIPlugin
2024-09-28 23:32:07,395 [INFO] PluginManager:220 - loadIPPluginJar : add can
2024-09-28 23:32:07,398 [INFO] IPUIPlugin:80 - create IPUIPlugin
2024-09-28 23:32:07,399 [INFO] PluginManager:220 - loadIPPluginJar : add nvic
2024-09-28 23:32:07,402 [INFO] IPUIPlugin:80 - create IPUIPlugin
2024-09-28 23:32:07,402 [INFO] PluginManager:220 - loadIPPluginJar : add ipddr
2024-09-28 23:32:07,407 [INFO] IPUIPlugin:80 - create IPUIPlugin
2024-09-28 23:32:07,407 [INFO] PluginManager:220 - loadIPPluginJar : add gic
2024-09-28 23:32:07,410 [INFO] IPUIPlugin:80 - create IPUIPlugin
2024-09-28 23:32:07,411 [INFO] PluginManager:220 - loadIPPluginJar : add cryp
2024-09-28 23:32:07,413 [INFO] IPUIPlugin:80 - create IPUIPlugin
2024-09-28 23:32:07,413 [INFO] PluginManager:220 - loadIPPluginJar : add lorawan
2024-09-28 23:32:07,415 [INFO] IPUIPlugin:80 - create IPUIPlugin
2024-09-28 23:32:07,416 [INFO] PluginManager:220 - loadIPPluginJar : add gfxmmu
2024-09-28 23:32:07,420 [INFO] IPUIPlugin:80 - create IPUIPlugin
2024-09-28 23:32:07,420 [INFO] PluginManager:220 - loadIPPluginJar : add gpio
2024-09-28 23:32:07,422 [INFO] IPUIPlugin:80 - create IPUIPlugin
2024-09-28 23:32:07,423 [INFO] PluginManager:220 - loadIPPluginJar : add spi
2024-09-28 23:32:07,425 [INFO] IPUIPlugin:80 - create IPUIPlugin
2024-09-28 23:32:07,425 [INFO] PluginManager:220 - loadIPPluginJar : add i2s
2024-09-28 23:32:07,427 [INFO] IPUIPlugin:80 - create IPUIPlugin
2024-09-28 23:32:07,428 [INFO] PluginManager:220 - loadIPPluginJar : add dma3
2024-09-28 23:32:07,435 [INFO] IPUIPlugin:80 - create IPUIPlugin
2024-09-28 23:32:07,436 [INFO] PluginManager:220 - loadIPPluginJar : add linkedlist
2024-09-28 23:32:07,438 [INFO] IPUIPlugin:80 - create IPUIPlugin
2024-09-28 23:32:07,439 [INFO] PluginManager:220 - loadIPPluginJar : add opamp
2024-09-28 23:32:07,442 [INFO] IPUIPlugin:80 - create IPUIPlugin
2024-09-28 23:32:07,442 [INFO] PluginManager:220 - loadIPPluginJar : add sai
2024-09-28 23:32:07,448 [INFO] IPUIPlugin:80 - create IPUIPlugin
2024-09-28 23:32:07,451 [INFO] PluginManager:220 - loadIPPluginJar : add plateformsettings
2024-09-28 23:32:07,453 [INFO] IPUIPlugin:80 - create IPUIPlugin
2024-09-28 23:32:07,453 [INFO] PluginManager:220 - loadIPPluginJar : add ucpd
2024-09-28 23:32:07,455 [INFO] IPUIPlugin:80 - create IPUIPlugin
2024-09-28 23:32:07,455 [INFO] PluginManager:220 - loadIPPluginJar : add pdm2pcm
2024-09-28 23:32:07,456 [INFO] IPUIPlugin:80 - create IPUIPlugin
2024-09-28 23:32:07,456 [INFO] PluginManager:220 - loadIPPluginJar : add ltdc
2024-09-28 23:32:07,461 [INFO] IPUIPlugin:80 - create IPUIPlugin
2024-09-28 23:32:07,461 [INFO] PluginManager:220 - loadIPPluginJar : add dma
2024-09-28 23:32:07,463 [INFO] IPUIPlugin:80 - create IPUIPlugin
2024-09-28 23:32:07,464 [INFO] PluginManager:220 - loadIPPluginJar : add usart
2024-09-28 23:32:07,468 [INFO] IPUIPlugin:80 - create IPUIPlugin
2024-09-28 23:32:07,468 [INFO] PluginManager:220 - loadIPPluginJar : add freertos
2024-09-28 23:32:07,572 [INFO] CADModel:165 - CPN selected for project level
2024-09-28 23:32:07,572 [INFO] CADModel:114 - Register for checkConnection events
2024-09-28 23:32:07,572 [FATAL] Updater:308 - Updater called before beeing initialized
2024-09-28 23:32:07,572 [ERROR] CADModel:125 - Updater not yet initialized, retry later 
2024-09-28 23:32:07,674 [INFO] CADModel:165 - CPN selected for project level
2024-09-28 23:32:07,674 [INFO] CADModel:114 - Register for checkConnection events
2024-09-28 23:32:07,675 [FATAL] Updater:308 - Updater called before beeing initialized
2024-09-28 23:32:07,675 [ERROR] CADModel:125 - Updater not yet initialized, retry later 
2024-09-28 23:32:07,678 [FATAL] Updater:308 - Updater called before beeing initialized
2024-09-28 23:32:07,771 [FATAL] Updater:308 - Updater called before beeing initialized
2024-09-28 23:32:07,774 [INFO] DbMcusAds:53 - JSON generation date=Thu Sep 30 12:25:09 IST 2021 (1632984909247)
2024-09-28 23:32:07,774 [FATAL] Updater:308 - Updater called before beeing initialized
2024-09-28 23:32:07,805 [WARN] DetailPanel:346 - Failed to get advertising image, set to default
2024-09-28 23:32:07,877 [FATAL] Updater:308 - Updater called before beeing initialized
2024-09-28 23:32:07,878 [FATAL] Updater:308 - Updater called before beeing initialized
2024-09-28 23:32:07,878 [FATAL] Updater:308 - Updater called before beeing initialized
2024-09-28 23:32:07,878 [WARN] DetailPanel:346 - Failed to get advertising image, set to default
2024-09-28 23:32:07,879 [FATAL] Updater:308 - Updater called before beeing initialized
2024-09-28 23:32:07,903 [ERROR] Updater:1120 - MainUpdater not yet initialized. External WinMGr cannot be set.
2024-09-28 23:32:07,905 [INFO] Updater:1056 - Updater Version found : 6.11.0
2024-09-28 23:32:07,917 [INFO] ApplicationProperties:184 - Using Application install path: /opt/stm32cubeide/plugins/com.st.stm32cube.common.mx_6.11.0.202403141607
2024-09-28 23:32:07,944 [INFO] MainUpdater:526 - Copy updater definitions from MX database
2024-09-28 23:32:07,980 [INFO] MainUpdater:559 - Copy flag file definitions from MX database
2024-09-28 23:32:07,981 [INFO] MainUpdater:575 - Copy thirdparty index definitions from MX database
2024-09-28 23:32:07,982 [INFO] MainUpdater:594 - Copy default thirdparty db definitions from MX database
2024-09-28 23:32:08,117 [INFO] MainUpdater:2873 - connection check result : 10
2024-09-28 23:32:08,118 [INFO] MainUpdater:3567 - Updater definition file requires update
2024-09-28 23:32:08,118 [INFO] MainUpdater:290 - Updater Check For Update Now.
2024-09-28 23:32:08,118 [INFO] MicroXplorer:498 - Change Database Version : DB.6.0.110
2024-09-28 23:32:08,122 [INFO] McuFinderGlobals:63 - Set McuFinder mode to 2 (CubeIDE integrated)
2024-09-28 23:32:08,122 [INFO] UserAuth:179 - activating auth plugin
2024-09-28 23:32:08,125 [INFO] UserAuth:415 - Internet connection configuration mode: 1
2024-09-28 23:32:08,132 [INFO] JxBrowserEngine:152 - Initiate JxBrowser Engine with user profile folder
2024-09-28 23:32:08,211 [INFO] ServerAccessManage:473 - Download File updaters.zip
2024-09-28 23:32:08,279 [INFO] FileExtend:240 - Unzip File : updaters.zip
2024-09-28 23:32:08,279 [INFO] FileExtend:255 - Standard Zip Deflate
2024-09-28 23:32:08,391 [INFO] ServerAccessManage:473 - Download File PacksControlFlags.xml
2024-09-28 23:32:08,491 [INFO] ServerAccessManage:473 - Download File cubemx.pidx
2024-09-28 23:32:09,302 [INFO] ServerAccessManage:473 - Download File STMicroelectronics.FP-ATR-ASTRA1.pdsc
2024-09-28 23:32:09,960 [WARN] MainUpdater:1194 - Updater busy. Cannot search thirdparties
2024-09-28 23:32:09,960 [INFO] ThirdPartyUpdaterWithRetryManager:96 - Updater plugin is busy. [1/15]
2024-09-28 23:32:11,386 [INFO] WebApp:161 - Instantiating new browser for Auth
2024-09-28 23:32:11,735 [INFO] WebApp:779 - Register for checkConnection events
2024-09-28 23:32:11,735 [INFO] WebApp:414 - Apply proxy settings
2024-09-28 23:32:11,735 [INFO] WebApp:499 - Chromium requires no authentication
2024-09-28 23:32:11,740 [INFO] WebApp:442 - Direct internet connection detected
2024-09-28 23:32:11,834 [INFO] WebApp:192 - Starting web application
2024-09-28 23:32:11,834 [INFO] WebApp:544 - Web application path used /opt/stm32cubeide/plugins/com.st.stm32cube.common.mx_6.11.0.202403141607/db/plugins/mcufinder/reactClient1/index.html
2024-09-28 23:32:12,172 [INFO] ServerAccessManage:473 - Download File STMicroelectronics.FP-ATR-SIGFOX1.pdsc
2024-09-28 23:32:12,960 [WARN] MainUpdater:1194 - Updater busy. Cannot search thirdparties
2024-09-28 23:32:12,960 [INFO] ThirdPartyUpdaterWithRetryManager:96 - Updater plugin is busy. [2/15]
2024-09-28 23:32:13,165 [INFO] ServerAccessManage:473 - Download File STMicroelectronics.FP-SNS-STBOX1.pdsc
2024-09-28 23:32:13,939 [INFO] ServerAccessManage:473 - Download File STMicroelectronics.FP-SNS-FLIGHT1.pdsc
2024-09-28 23:32:15,961 [WARN] MainUpdater:1194 - Updater busy. Cannot search thirdparties
2024-09-28 23:32:15,961 [INFO] ThirdPartyUpdaterWithRetryManager:96 - Updater plugin is busy. [3/15]
2024-09-28 23:32:16,795 [INFO] ServerAccessManage:473 - Download File STMicroelectronics.FP-SNS-MOTENV1.pdsc
2024-09-28 23:32:18,961 [WARN] MainUpdater:1194 - Updater busy. Cannot search thirdparties
2024-09-28 23:32:18,961 [INFO] ThirdPartyUpdaterWithRetryManager:96 - Updater plugin is busy. [4/15]
2024-09-28 23:32:19,158 [INFO] ServerAccessManage:473 - Download File STMicroelectronics.FP-SNS-MOTENVWB1.pdsc
2024-09-28 23:32:21,962 [WARN] MainUpdater:1194 - Updater busy. Cannot search thirdparties
2024-09-28 23:32:21,963 [INFO] ThirdPartyUpdaterWithRetryManager:96 - Updater plugin is busy. [5/15]
2024-09-28 23:32:22,153 [INFO] ServerAccessManage:473 - Download File STMicroelectronics.FP-SNS-SMARTAG2.pdsc
2024-09-28 23:32:22,835 [INFO] ServerAccessManage:473 - Download File STMicroelectronics.X-CUBE-AI.pdsc
2024-09-28 23:32:24,281 [INFO] ServerAccessManage:473 - Download File STMicroelectronics.X-CUBE-ALS.pdsc
2024-09-28 23:32:24,963 [WARN] MainUpdater:1194 - Updater busy. Cannot search thirdparties
2024-09-28 23:32:24,963 [INFO] ThirdPartyUpdaterWithRetryManager:96 - Updater plugin is busy. [6/15]
2024-09-28 23:32:26,735 [INFO] ServerAccessManage:473 - Download File STMicroelectronics.X-CUBE-BLE1.pdsc
2024-09-28 23:32:27,964 [WARN] MainUpdater:1194 - Updater busy. Cannot search thirdparties
2024-09-28 23:32:27,964 [INFO] ThirdPartyUpdaterWithRetryManager:96 - Updater plugin is busy. [7/15]
2024-09-28 23:32:30,964 [WARN] MainUpdater:1194 - Updater busy. Cannot search thirdparties
2024-09-28 23:32:30,964 [INFO] ThirdPartyUpdaterWithRetryManager:96 - Updater plugin is busy. [8/15]
2024-09-28 23:32:33,965 [WARN] MainUpdater:1194 - Updater busy. Cannot search thirdparties
2024-09-28 23:32:33,965 [INFO] ThirdPartyUpdaterWithRetryManager:96 - Updater plugin is busy. [9/15]
2024-09-28 23:32:34,102 [ERROR] ServerAccessManage:1089 - Problem, file not found on Server
2024-09-28 23:32:34,726 [INFO] ServerAccessManage:473 - Download File STMicroelectronics.X-CUBE-BLE2.pdsc
2024-09-28 23:32:36,965 [WARN] MainUpdater:1194 - Updater busy. Cannot search thirdparties
2024-09-28 23:32:36,965 [INFO] ThirdPartyUpdaterWithRetryManager:96 - Updater plugin is busy. [10/15]
2024-09-28 23:32:39,622 [INFO] ServerAccessManage:473 - Download File STMicroelectronics.X-CUBE-BLEMGR.pdsc
2024-09-28 23:32:39,966 [WARN] MainUpdater:1194 - Updater busy. Cannot search thirdparties
2024-09-28 23:32:39,966 [INFO] ThirdPartyUpdaterWithRetryManager:96 - Updater plugin is busy. [11/15]
2024-09-28 23:32:42,966 [WARN] MainUpdater:1194 - Updater busy. Cannot search thirdparties
2024-09-28 23:32:42,966 [INFO] ThirdPartyUpdaterWithRetryManager:96 - Updater plugin is busy. [12/15]
2024-09-28 23:32:43,296 [INFO] ServerAccessManage:473 - Download File STMicroelectronics.X-CUBE-DISPLAY.pdsc
2024-09-28 23:32:43,517 [INFO] ServerAccessManage:473 - Download File STMicroelectronics.X-CUBE-DPOWER.pdsc
2024-09-28 23:32:43,849 [ERROR] ServerAccessManage:1089 - Problem, file not found on Server
2024-09-28 23:32:44,498 [ERROR] ServerAccessManage:1089 - Problem, file not found on Server
2024-09-28 23:32:45,115 [ERROR] ServerAccessManage:1089 - Problem, file not found on Server
2024-09-28 23:32:45,778 [ERROR] ServerAccessManage:1089 - Problem, file not found on Server
2024-09-28 23:32:45,967 [WARN] MainUpdater:1194 - Updater busy. Cannot search thirdparties
2024-09-28 23:32:45,967 [INFO] ThirdPartyUpdaterWithRetryManager:96 - Updater plugin is busy. [13/15]
2024-09-28 23:32:46,415 [ERROR] ServerAccessManage:1089 - Problem, file not found on Server
2024-09-28 23:32:46,609 [ERROR] ServerAccessManage:1089 - Problem, file not found on Server
2024-09-28 23:32:47,311 [ERROR] ServerAccessManage:1089 - Problem, file not found on Server
2024-09-28 23:32:47,550 [ERROR] ServerAccessManage:1089 - Problem, file not found on Server
2024-09-28 23:32:48,168 [ERROR] ServerAccessManage:1089 - Problem, file not found on Server
2024-09-28 23:32:48,795 [ERROR] ServerAccessManage:1089 - Problem, file not found on Server
2024-09-28 23:32:48,967 [WARN] MainUpdater:1194 - Updater busy. Cannot search thirdparties
2024-09-28 23:32:48,967 [INFO] ThirdPartyUpdaterWithRetryManager:96 - Updater plugin is busy. [14/15]
2024-09-28 23:32:49,059 [ERROR] ServerAccessManage:1089 - Problem, file not found on Server
2024-09-28 23:32:49,236 [INFO] ServerAccessManage:473 - Download File STMicroelectronics.X-CUBE-EEPRMA1.pdsc
2024-09-28 23:32:50,463 [ERROR] ServerAccessManage:1089 - Problem, file not found on Server
2024-09-28 23:32:51,967 [WARN] MainUpdater:1194 - Updater busy. Cannot search thirdparties
2024-09-28 23:32:51,968 [INFO] ThirdPartyUpdaterWithRetryManager:96 - Updater plugin is busy. [15/15]
2024-09-28 23:32:51,968 [ERROR] IntegrityCheckThread:130 - Cannot retrieve database content from updater: error -1
2024-09-28 23:32:51,968 [INFO] ThirdParty:978 - Integrity check success = false
2024-09-28 23:32:51,968 [INFO] IntegrityCheckThread:100 - exiting critical section [integrity check]
2024-09-28 23:32:51,968 [INFO] IntegrityCheckThread:103 - End integrity checks thread
2024-09-28 23:32:52,081 [ERROR] ServerAccessManage:1089 - Problem, file not found on Server
2024-09-28 23:32:53,115 [INFO] ServerAccessManage:473 - Download File STMicroelectronics.X-CUBE-FREERTOS.pdsc
2024-09-28 23:32:53,325 [INFO] ServerAccessManage:473 - Download File STMicroelectronics.X-CUBE-GNSS1.pdsc
2024-09-28 23:32:54,473 [ERROR] ServerAccessManage:1089 - Problem, file not found on Server
2024-09-28 23:32:54,770 [ERROR] ServerAccessManage:1089 - Problem, file not found on Server
2024-09-28 23:32:55,423 [ERROR] ServerAccessManage:1089 - Problem, file not found on Server
2024-09-28 23:32:56,140 [ERROR] ServerAccessManage:1089 - Problem, file not found on Server
2024-09-28 23:32:56,809 [ERROR] ServerAccessManage:1089 - Problem, file not found on Server
2024-09-28 23:32:57,435 [ERROR] ServerAccessManage:1089 - Problem, file not found on Server
2024-09-28 23:32:57,488 [INFO] ServerAccessManage:473 - Download File STMicroelectronics.X-CUBE-ISPU.pdsc
2024-09-28 23:32:58,323 [INFO] ServerAccessManage:473 - Download File STMicroelectronics.X-CUBE-MEMS1.pdsc
2024-09-28 23:33:09,982 [INFO] ServerAccessManage:473 - Download File STMicroelectronics.X-CUBE-NFC4.pdsc
2024-09-28 23:33:12,197 [INFO] McuFinderGlobals:63 - Set McuFinder mode to 2 (CubeIDE integrated)
2024-09-28 23:33:12,198 [INFO] UserAuth:179 - activating auth plugin
2024-09-28 23:33:12,200 [INFO] UserAuth:415 - Internet connection configuration mode: 1
2024-09-28 23:33:17,825 [INFO] ServerAccessManage:473 - Download File STMicroelectronics.X-CUBE-NFC6.pdsc
2024-09-28 23:33:19,755 [INFO] ServerAccessManage:473 - Download File STMicroelectronics.X-CUBE-NFC7.pdsc
2024-09-28 23:33:21,047 [INFO] ServerAccessManage:473 - Download File STMicroelectronics.X-CUBE-NFC9.pdsc
2024-09-28 23:33:21,125 [INFO] ServerAccessManage:473 - Download File STMicroelectronics.X-CUBE-NFC10.pdsc
2024-09-28 23:33:21,889 [INFO] ServerAccessManage:473 - Download File STMicroelectronics.X-CUBE-SFXS2LP1.pdsc
2024-09-28 23:33:24,258 [INFO] ServerAccessManage:473 - Download File STMicroelectronics.X-CUBE-SAFEA1.pdsc
2024-09-28 23:33:25,542 [INFO] ServerAccessManage:473 - Download File STMicroelectronics.X-CUBE-SUBG2.pdsc
2024-09-28 23:33:32,059 [INFO] ServerAccessManage:473 - Download File STMicroelectronics.X-CUBE-SMBUS.pdsc
2024-09-28 23:33:32,803 [ERROR] ServerAccessManage:1089 - Problem, file not found on Server
2024-09-28 23:33:32,857 [INFO] ServerAccessManage:473 - Download File STMicroelectronics.X-CUBE-TCPP.pdsc
2024-09-28 23:33:32,982 [INFO] ServerAccessManage:473 - Download File STMicroelectronics.X-CUBE-TOF1.pdsc
2024-09-28 23:33:39,676 [ERROR] ServerAccessManage:1089 - Problem, file not found on Server
2024-09-28 23:33:40,411 [INFO] ServerAccessManage:473 - Download File STMicroelectronics.X-CUBE-TOUCHGFX.pdsc
2024-09-28 23:33:41,853 [INFO] ServerAccessManage:473 - Download File STMicroelectronics.X-CUBE-ALGOBUILD.pdsc
2024-09-28 23:33:42,641 [INFO] WebApp:609 - userauth.ini created with success
2024-09-28 23:33:45,657 [INFO] ServerAccessManage:473 - Download File STMicroelectronics.X-CUBE-AZRTOS-H7.pdsc
2024-09-28 23:33:51,760 [INFO] ServerAccessManage:473 - Download File STMicroelectronics.X-CUBE-AZRTOS-H7RS.pdsc
2024-09-28 23:33:52,832 [INFO] ServerAccessManage:473 - Download File STMicroelectronics.X-CUBE-AZRTOS-F4.pdsc
2024-09-28 23:33:53,967 [INFO] ServerAccessManage:473 - Download File STMicroelectronics.X-CUBE-AZRTOS-F7.pdsc
2024-09-28 23:33:55,548 [INFO] ServerAccessManage:473 - Download File STMicroelectronics.X-CUBE-AZRTOS-L4.pdsc
2024-09-28 23:33:56,984 [INFO] ServerAccessManage:473 - Download File STMicroelectronics.X-CUBE-AZRTOS-L5.pdsc
2024-09-28 23:33:57,557 [INFO] ServerAccessManage:473 - Download File STMicroelectronics.X-CUBE-AZRTOS-G0.pdsc
2024-09-28 23:33:59,190 [INFO] ServerAccessManage:473 - Download File STMicroelectronics.X-CUBE-AZRTOS-G4.pdsc
2024-09-28 23:34:00,946 [INFO] ServerAccessManage:473 - Download File STMicroelectronics.X-CUBE-AZRTOS-WB.pdsc
2024-09-28 23:34:02,522 [INFO] ServerAccessManage:473 - Download File STMicroelectronics.X-CUBE-AZRTOS-WL.pdsc
2024-09-28 23:34:04,779 [INFO] ServerAccessManage:473 - Download File wolfSSL.I-CUBE-wolfSSL.pdsc
2024-09-28 23:34:11,204 [ERROR] ServerAccessManage:1089 - Problem, file not found on Server
2024-09-28 23:34:11,700 [ERROR] ServerAccessManage:1089 - Problem, file not found on Server
2024-09-28 23:34:12,247 [ERROR] ServerAccessManage:1089 - Problem, file not found on Server
2024-09-28 23:34:12,508 [INFO] ServerAccessManage:473 - Download File wolfSSL.I-CUBE-wolfMQTT.pdsc
2024-09-28 23:34:13,922 [ERROR] ServerAccessManage:1089 - Problem, file not found on Server
2024-09-28 23:34:14,184 [INFO] ServerAccessManage:473 - Download File wolfSSL.I-CUBE-wolfTPM.pdsc
2024-09-28 23:34:16,006 [INFO] ServerAccessManage:473 - Download File wolfSSL.I-CUBE-wolfSSH.pdsc
2024-09-28 23:34:17,772 [INFO] ServerAccessManage:473 - Download File RealThread.X-CUBE-RT-Thread_Nano.pdsc
2024-09-28 23:34:19,349 [INFO] ServerAccessManage:473 - Download File SEGGER.I-CUBE-embOS.pdsc
2024-09-28 23:34:22,193 [INFO] ServerAccessManage:473 - Download File portGmbH.I-Cube-SoM-uGOAL.pdsc
2024-09-28 23:34:23,665 [ERROR] ServerAccessManage:1089 - Problem, file not found on Server
2024-09-28 23:34:23,812 [ERROR] ServerAccessManage:1089 - Problem, file not found on Server
2024-09-28 23:34:23,959 [ERROR] ServerAccessManage:1089 - Problem, file not found on Server
2024-09-28 23:34:25,007 [INFO] ServerAccessManage:473 - Download File emotas.I-CUBE-CANOPEN.pdsc
2024-09-28 23:34:27,025 [INFO] ServerAccessManage:473 - Download File WES.I-CUBE-Cesium.pdsc
2024-09-28 23:34:27,873 [ERROR] ServerAccessManage:1089 - Problem, file not found on Server
2024-09-28 23:34:28,235 [ERROR] ServerAccessManage:1089 - Problem, file not found on Server
2024-09-28 23:34:29,774 [INFO] ServerAccessManage:473 - Download File ITTIA_DB.I-CUBE-ITTIADB.pdsc
2024-09-28 23:34:36,162 [INFO] ServerAccessManage:473 - Download File Infineon.AIROC-Wi-Fi-Bluetooth-STM32.pdsc
2024-09-28 23:34:43,126 [INFO] ServerAccessManage:473 - Download File Cesanta.I-CUBE-Mongoose.pdsc
2024-09-28 23:34:46,738 [INFO] ServerAccessManage:473 - Download File EmbeddedOffice.I-CUBE-FS-RTOS.pdsc
2024-09-28 23:34:47,133 [WARN] PackLoader:240 - Cannot read IP mode file for STMicroelectronics.FP-ATR-ASTRA1.2.0.0
2024-09-28 23:34:47,137 [WARN] PackLoader:240 - Cannot read IP mode file for STMicroelectronics.FP-ATR-SIGFOX1.3.2.0
2024-09-28 23:34:47,139 [WARN] CheckServerUpdateThread:151 - Open CheckUpdateFile Fail
2024-09-28 23:34:47,143 [WARN] PackLoader:240 - Cannot read IP mode file for STMicroelectronics.FP-SNS-STBOX1.2.0.0
2024-09-28 23:34:47,153 [WARN] PackLoader:240 - Cannot read IP mode file for STMicroelectronics.FP-SNS-FLIGHT1.5.0.2
2024-09-28 23:34:47,159 [WARN] PackLoader:240 - Cannot read IP mode file for STMicroelectronics.FP-SNS-MOTENV1.5.0.0
2024-09-28 23:34:47,166 [WARN] PackLoader:240 - Cannot read IP mode file for STMicroelectronics.FP-SNS-MOTENVWB1.1.4.0
2024-09-28 23:34:47,171 [WARN] PackLoader:240 - Cannot read IP mode file for STMicroelectronics.FP-SNS-SMARTAG2.1.2.0
2024-09-28 23:34:47,176 [WARN] PackLoader:240 - Cannot read IP mode file for STMicroelectronics.X-CUBE-AI.9.0.0
2024-09-28 23:34:47,181 [WARN] PackLoader:240 - Cannot read IP mode file for STMicroelectronics.X-CUBE-ALS.1.0.2
2024-09-28 23:34:47,188 [WARN] PackLoader:240 - Cannot read IP mode file for STMicroelectronics.X-CUBE-BLE1.7.0.0
2024-09-28 23:34:47,193 [WARN] PackLoader:240 - Cannot read IP mode file for STMicroelectronics.X-CUBE-BLE2.3.3.0
2024-09-28 23:34:47,207 [WARN] PackLoader:240 - Cannot read IP mode file for STMicroelectronics.X-CUBE-BLEMGR.3.1.0
2024-09-28 23:34:47,222 [WARN] PackLoader:240 - Cannot read IP mode file for STMicroelectronics.X-CUBE-DISPLAY.3.0.0
2024-09-28 23:34:47,235 [WARN] PackLoader:240 - Cannot read IP mode file for STMicroelectronics.X-CUBE-DPower.1.2.0
2024-09-28 23:34:47,242 [WARN] PackLoader:240 - Cannot read IP mode file for STMicroelectronics.X-CUBE-EEPRMA1.5.1.0
2024-09-28 23:34:47,250 [WARN] PackLoader:240 - Cannot read IP mode file for STMicroelectronics.X-CUBE-FREERTOS.1.2.0
2024-09-28 23:34:47,256 [WARN] PackLoader:240 - Cannot read IP mode file for STMicroelectronics.X-CUBE-GNSS1.7.0.0
2024-09-28 23:34:47,256 [INFO] CheckServerUpdateThread:120 - End of CheckServer Thread
2024-09-28 23:34:47,261 [WARN] PackLoader:240 - Cannot read IP mode file for STMicroelectronics.X-CUBE-ISPU.2.1.0
2024-09-28 23:34:47,313 [WARN] PackLoader:240 - Cannot read IP mode file for STMicroelectronics.X-CUBE-MEMS1.11.0.0
2024-09-28 23:34:47,459 [WARN] PackLoader:240 - Cannot read IP mode file for STMicroelectronics.X-CUBE-NFC4.3.0.0
2024-09-28 23:34:47,464 [WARN] PackLoader:240 - Cannot read IP mode file for STMicroelectronics.X-CUBE-NFC6.3.1.0
2024-09-28 23:34:47,469 [WARN] PackLoader:240 - Cannot read IP mode file for STMicroelectronics.X-CUBE-NFC7.1.0.1
2024-09-28 23:34:47,474 [WARN] PackLoader:240 - Cannot read IP mode file for STMicroelectronics.X-CUBE-NFC9.1.0.0
2024-09-28 23:34:47,479 [WARN] PackLoader:240 - Cannot read IP mode file for STMicroelectronics.X-CUBE-NFC10.1.0.0
2024-09-28 23:34:47,484 [WARN] PackLoader:240 - Cannot read IP mode file for STMicroelectronics.X-CUBE-SFXS2LP1.4.0.0
2024-09-28 23:34:47,490 [WARN] PackLoader:240 - Cannot read IP mode file for STMicroelectronics.X-CUBE-SAFEA1.1.2.2
2024-09-28 23:34:47,502 [WARN] PackLoader:240 - Cannot read IP mode file for STMicroelectronics.X-CUBE-SUBG2.5.0.0
2024-09-28 23:34:47,510 [WARN] PackLoader:240 - Cannot read IP mode file for STMicroelectronics.X-CUBE-SMBUS.2.1.0
2024-09-28 23:34:47,513 [WARN] PackLoader:240 - Cannot read IP mode file for STMicroelectronics.X-CUBE-TCPP.4.1.0
2024-09-28 23:34:47,521 [WARN] PackLoader:240 - Cannot read IP mode file for STMicroelectronics.X-CUBE-TOF1.3.4.2
2024-09-28 23:34:47,534 [WARN] PackLoader:240 - Cannot read IP mode file for STMicroelectronics.X-CUBE-TOUCHGFX.4.24.1
2024-09-28 23:34:47,537 [WARN] PackLoader:240 - Cannot read IP mode file for STMicroelectronics.X-CUBE-ALGOBUILD.1.4.0
2024-09-28 23:34:47,560 [WARN] PackLoader:240 - Cannot read IP mode file for STMicroelectronics.X-CUBE-AZRTOS-H7.3.3.0
2024-09-28 23:34:47,576 [WARN] PackLoader:240 - Cannot read IP mode file for STMicroelectronics.X-CUBE-AZRTOS-H7RS.1.0.0
2024-09-28 23:34:47,590 [WARN] PackLoader:240 - Cannot read IP mode file for STMicroelectronics.X-CUBE-AZRTOS-F4.1.1.0
2024-09-28 23:34:47,605 [WARN] PackLoader:240 - Cannot read IP mode file for STMicroelectronics.X-CUBE-AZRTOS-F7.1.1.0
2024-09-28 23:34:47,622 [WARN] ConditionMgr:438 - getConditionDescription Invalid condition id : LAN8742 Phy interface Condition cause : null
2024-09-28 23:34:47,622 [WARN] PackLoader:240 - Cannot read IP mode file for STMicroelectronics.X-CUBE-AZRTOS-L4.2.0.0
2024-09-28 23:34:47,624 [WARN] ConditionMgr:1039 - genDependencies : Invalid condition id : LAN8742 Phy interface Condition cause : null
2024-09-28 23:34:47,624 [WARN] ConditionMgr:1039 - genDependencies : Invalid condition id : LAN8742 Phy interface Condition cause : null
2024-09-28 23:34:47,624 [WARN] ConditionMgr:1039 - genDependencies : Invalid condition id : LAN8742 Phy interface Condition cause : null
2024-09-28 23:34:47,638 [WARN] PackLoader:240 - Cannot read IP mode file for STMicroelectronics.X-CUBE-AZRTOS-L5.2.0.0
2024-09-28 23:34:47,650 [WARN] PackLoader:240 - Cannot read IP mode file for STMicroelectronics.X-CUBE-AZRTOS-G0.1.1.0
2024-09-28 23:34:47,665 [WARN] PackLoader:240 - Cannot read IP mode file for STMicroelectronics.X-CUBE-AZRTOS-G4.2.0.0
2024-09-28 23:34:47,676 [WARN] ConditionMgr:438 - getConditionDescription Invalid condition id : UX DEVICE CLASS RTOS Condition cause : null
2024-09-28 23:34:47,676 [WARN] ConditionMgr:438 - getConditionDescription Invalid condition id : UX DEVICE CLASS RTOS Condition cause : null
2024-09-28 23:34:47,679 [WARN] PackLoader:240 - Cannot read IP mode file for STMicroelectronics.X-CUBE-AZRTOS-WB.2.0.0
2024-09-28 23:34:47,679 [WARN] ConditionMgr:1039 - genDependencies : Invalid condition id : UX DEVICE CLASS RTOS Condition cause : null
2024-09-28 23:34:47,679 [WARN] ConditionMgr:1039 - genDependencies : Invalid condition id : UX DEVICE CLASS RTOS Condition cause : null
2024-09-28 23:34:47,680 [WARN] ConditionMgr:1039 - genDependencies : Invalid condition id : UX DEVICE CLASS RTOS Condition cause : null
2024-09-28 23:34:47,680 [WARN] ConditionMgr:1039 - genDependencies : Invalid condition id : UX DEVICE CLASS RTOS Condition cause : null
2024-09-28 23:34:47,680 [WARN] ConditionMgr:1039 - genDependencies : Invalid condition id : UX DEVICE CLASS RTOS Condition cause : null
2024-09-28 23:34:47,686 [INFO] LogOutputStream:77 - [STDOUT_REDIRECT] 1 : Invalid condition id : UX_CORESTACK_Condition cause : null
2024-09-28 23:34:47,687 [INFO] LogOutputStream:77 - [STDOUT_REDIRECT] 1 : Invalid condition id : UX_CORESTACK_Condition cause : null
2024-09-28 23:34:47,687 [INFO] LogOutputStream:77 - [STDOUT_REDIRECT] 1 : Invalid condition id : UX_CORESTACK_Condition cause : null
2024-09-28 23:34:47,687 [INFO] LogOutputStream:77 - [STDOUT_REDIRECT] 1 : Invalid condition id : UX_CORESTACK_Condition cause : null
2024-09-28 23:34:47,687 [INFO] LogOutputStream:77 - [STDOUT_REDIRECT] 1 : Invalid condition id : UX_CORESTACK_Condition cause : null
2024-09-28 23:34:47,690 [WARN] PackLoader:240 - Cannot read IP mode file for STMicroelectronics.X-CUBE-AZRTOS-WL.2.0.0
2024-09-28 23:34:47,694 [WARN] PackLoader:240 - Cannot read IP mode file for wolfSSL.I-CUBE-wolfSSL.5.7.2
2024-09-28 23:34:47,696 [WARN] PackLoader:240 - Cannot read IP mode file for wolfSSL.I-CUBE-wolfMQTT.1.19.0
2024-09-28 23:34:47,699 [WARN] PackLoader:240 - Cannot read IP mode file for wolfSSL.I-CUBE-wolfTPM.3.4.0
2024-09-28 23:34:47,702 [WARN] PackLoader:240 - Cannot read IP mode file for wolfSSL.I-CUBE-wolfSSH.1.4.17
2024-09-28 23:34:47,705 [WARN] PackLoader:240 - Cannot read IP mode file for RealThread.X-CUBE-RT-Thread_Nano.4.1.1
2024-09-28 23:34:47,729 [WARN] PackLoader:240 - Cannot read IP mode file for SEGGER.I-CUBE-embOS.1.3.1
2024-09-28 23:34:47,763 [WARN] PackLoader:240 - Cannot read IP mode file for portGmbH.I-Cube-SoM-uGOAL.1.1.0
2024-09-28 23:34:47,765 [WARN] PackLoader:240 - Cannot read IP mode file for emotas.I-CUBE-CANOPEN.1.3.0
2024-09-28 23:34:47,768 [WARN] PackLoader:240 - Cannot read IP mode file for WES.I-CUBE-Cesium.1.3.0
2024-09-28 23:34:47,772 [WARN] PackLoader:240 - Cannot read IP mode file for ITTIA_DB.I-CUBE-ITTIADB.8.9.0
2024-09-28 23:34:47,786 [WARN] PackLoader:240 - Cannot read IP mode file for Infineon.AIROC-Wi-Fi-Bluetooth-STM32.1.6.1
2024-09-28 23:34:47,790 [WARN] PackLoader:240 - Cannot read IP mode file for Cesanta.I-CUBE-Mongoose.7.13.0
2024-09-28 23:34:47,795 [WARN] PackLoader:240 - Cannot read IP mode file for EmbeddedOffice.I-CUBE-FS-RTOS.1.0.1
2024-09-28 23:34:47,796 [ERROR] ConditionMgr:805 - Attr not supported : Dmpu
2024-09-28 23:34:47,796 [ERROR] ConditionMgr:805 - Attr not supported : Dmpu
2024-09-28 23:34:47,796 [ERROR] ConditionMgr:805 - Attr not supported : Dmpu
2024-09-28 23:34:47,796 [ERROR] ConditionMgr:805 - Attr not supported : Dmpu
2024-09-28 23:34:47,796 [ERROR] ConditionMgr:805 - Attr not supported : Dmpu
2024-09-28 23:34:47,796 [ERROR] ConditionMgr:805 - Attr not supported : Dmpu
2024-09-28 23:34:47,796 [ERROR] ConditionMgr:805 - Attr not supported : Dmpu
2024-09-28 23:34:47,796 [ERROR] ConditionMgr:805 - Attr not supported : Dmpu
2024-09-28 23:34:47,796 [ERROR] ConditionMgr:805 - Attr not supported : Dmpu
2024-09-28 23:34:47,796 [ERROR] ConditionMgr:805 - Attr not supported : Dmpu
2024-09-28 23:34:47,796 [ERROR] ConditionMgr:805 - Attr not supported : Dmpu
2024-09-28 23:34:47,796 [ERROR] ConditionMgr:805 - Attr not supported : Dmpu
2024-09-28 23:34:47,796 [ERROR] ConditionMgr:805 - Attr not supported : Dmpu
2024-09-28 23:34:47,796 [ERROR] ConditionMgr:805 - Attr not supported : Dmpu
2024-09-28 23:34:47,796 [ERROR] ConditionMgr:805 - Attr not supported : Dmpu
2024-09-28 23:34:47,796 [ERROR] ConditionMgr:805 - Attr not supported : Dmpu
2024-09-28 23:34:47,796 [ERROR] ConditionMgr:805 - Attr not supported : Dmpu
2024-09-28 23:34:47,797 [ERROR] ConditionMgr:805 - Attr not supported : Dmpu
2024-09-28 23:34:47,797 [ERROR] ConditionMgr:805 - Attr not supported : Dmpu
2024-09-28 23:34:47,797 [ERROR] ConditionMgr:805 - Attr not supported : Dmpu
2024-09-28 23:34:47,797 [ERROR] ConditionMgr:805 - Attr not supported : Dmpu
2024-09-28 23:34:47,797 [ERROR] ConditionMgr:805 - Attr not supported : Dmpu
2024-09-28 23:34:47,797 [ERROR] ConditionMgr:805 - Attr not supported : Dmpu
2024-09-28 23:34:47,797 [ERROR] ConditionMgr:805 - Attr not supported : Dmpu
2024-09-28 23:34:47,797 [ERROR] ConditionMgr:805 - Attr not supported : Dmpu
2024-09-28 23:34:47,797 [ERROR] ConditionMgr:805 - Attr not supported : Dmpu
2024-09-28 23:34:47,797 [ERROR] ConditionMgr:805 - Attr not supported : Dmpu
2024-09-28 23:34:47,797 [ERROR] ConditionMgr:805 - Attr not supported : Dmpu
2024-09-28 23:34:47,797 [ERROR] ConditionMgr:805 - Attr not supported : Dmpu
2024-09-28 23:34:47,797 [ERROR] ConditionMgr:805 - Attr not supported : Dmpu
2024-09-28 23:34:47,797 [ERROR] ConditionMgr:805 - Attr not supported : Dmpu
2024-09-28 23:34:47,797 [ERROR] ConditionMgr:805 - Attr not supported : Dmpu
2024-09-28 23:34:47,797 [ERROR] ConditionMgr:805 - Attr not supported : Dmpu
2024-09-28 23:34:47,797 [ERROR] ConditionMgr:805 - Attr not supported : Dmpu
2024-09-28 23:34:47,797 [ERROR] ConditionMgr:805 - Attr not supported : Dmpu
2024-09-28 23:34:47,797 [ERROR] ConditionMgr:805 - Attr not supported : Dmpu
2024-09-28 23:34:47,797 [ERROR] ConditionMgr:805 - Attr not supported : Dmpu
2024-09-28 23:34:47,797 [ERROR] ConditionMgr:805 - Attr not supported : Dmpu
2024-09-28 23:34:47,797 [ERROR] ConditionMgr:805 - Attr not supported : Dmpu
2024-09-28 23:34:47,797 [ERROR] ConditionMgr:805 - Attr not supported : Dmpu
2024-09-28 23:34:47,797 [ERROR] ConditionMgr:805 - Attr not supported : Dmpu
2024-09-28 23:34:47,798 [ERROR] ConditionMgr:805 - Attr not supported : Dmpu
2024-09-28 23:34:47,798 [ERROR] ConditionMgr:805 - Attr not supported : Dmpu
2024-09-28 23:34:47,798 [ERROR] ConditionMgr:805 - Attr not supported : Dmpu
2024-09-28 23:34:47,798 [ERROR] ConditionMgr:805 - Attr not supported : Dmpu
2024-09-28 23:34:47,798 [ERROR] ConditionMgr:805 - Attr not supported : Dmpu
2024-09-28 23:34:47,798 [ERROR] ConditionMgr:805 - Attr not supported : Dmpu
2024-09-28 23:34:47,798 [ERROR] ConditionMgr:805 - Attr not supported : Dmpu
2024-09-28 23:34:47,798 [ERROR] ConditionMgr:805 - Attr not supported : Dmpu
2024-09-28 23:34:47,798 [ERROR] ConditionMgr:805 - Attr not supported : Dmpu
2024-09-28 23:34:47,798 [ERROR] ConditionMgr:805 - Attr not supported : Dmpu
2024-09-28 23:34:47,798 [ERROR] ConditionMgr:805 - Attr not supported : Dmpu
2024-09-28 23:34:47,798 [ERROR] ConditionMgr:805 - Attr not supported : Dmpu
2024-09-28 23:34:47,798 [ERROR] ConditionMgr:805 - Attr not supported : Dmpu
2024-09-28 23:34:47,798 [ERROR] ConditionMgr:805 - Attr not supported : Dmpu
2024-09-28 23:34:47,798 [ERROR] ConditionMgr:805 - Attr not supported : Dmpu
2024-09-28 23:34:47,798 [ERROR] ConditionMgr:805 - Attr not supported : Dmpu
2024-09-28 23:34:47,798 [ERROR] ConditionMgr:805 - Attr not supported : Dmpu
2024-09-28 23:34:47,798 [ERROR] ConditionMgr:805 - Attr not supported : Dmpu
2024-09-28 23:34:47,798 [ERROR] ConditionMgr:805 - Attr not supported : Dmpu
2024-09-28 23:34:47,798 [ERROR] ConditionMgr:805 - Attr not supported : Dmpu
2024-09-28 23:34:47,799 [ERROR] ConditionMgr:805 - Attr not supported : Dmpu
2024-09-28 23:34:47,799 [ERROR] ConditionMgr:805 - Attr not supported : Dmpu
2024-09-28 23:34:47,799 [ERROR] ConditionMgr:805 - Attr not supported : Dmpu
2024-09-28 23:34:47,799 [INFO] PopulateThirdPartyThread:66 - Ending populate Thread
2024-09-28 23:34:47,801 [INFO] ThirdParty:1030 - CMSIS Pack Vendor :STMicroelectronics X-CUBE-AZRTOS-H7 3.3.0
2024-09-28 23:34:47,801 [INFO] ThirdParty:1030 - CMSIS Pack Vendor :STMicroelectronics X-CUBE-NFC9 1.0.0
2024-09-28 23:34:47,801 [INFO] ThirdParty:1030 - CMSIS Pack Vendor :STMicroelectronics FP-SNS-MOTENVWB1 1.4.0
2024-09-28 23:34:47,801 [INFO] ThirdParty:1030 - CMSIS Pack Vendor :STMicroelectronics X-CUBE-AZRTOS-F4 1.1.0
2024-09-28 23:34:47,801 [INFO] ThirdParty:1030 - CMSIS Pack Vendor :STMicroelectronics X-CUBE-SMBUS 2.1.0
2024-09-28 23:34:47,801 [INFO] ThirdParty:1030 - CMSIS Pack Vendor :STMicroelectronics X-CUBE-ISPU 2.1.0
2024-09-28 23:34:47,801 [INFO] ThirdParty:1030 - CMSIS Pack Vendor :STMicroelectronics X-CUBE-TCPP 4.1.0
2024-09-28 23:34:47,801 [INFO] ThirdParty:1030 - CMSIS Pack Vendor :STMicroelectronics X-CUBE-FREERTOS 1.2.0
2024-09-28 23:34:47,801 [INFO] ThirdParty:1030 - CMSIS Pack Vendor :STMicroelectronics X-CUBE-AZRTOS-WB 2.0.0
2024-09-28 23:34:47,801 [INFO] ThirdParty:1030 - CMSIS Pack Vendor :STMicroelectronics X-CUBE-GNSS1 7.0.0
2024-09-28 23:34:47,801 [INFO] ThirdParty:1030 - CMSIS Pack Vendor :STMicroelectronics X-CUBE-AZRTOS-F7 1.1.0
2024-09-28 23:34:47,801 [INFO] ThirdParty:1030 - CMSIS Pack Vendor :STMicroelectronics X-CUBE-AZRTOS-L5 2.0.0
2024-09-28 23:34:47,801 [INFO] ThirdParty:1030 - CMSIS Pack Vendor :STMicroelectronics X-CUBE-NFC6 3.1.0
2024-09-28 23:34:47,801 [INFO] ThirdParty:1030 - CMSIS Pack Vendor :STMicroelectronics FP-SNS-STBOX1 2.0.0
2024-09-28 23:34:47,801 [INFO] ThirdParty:1030 - CMSIS Pack Vendor :STMicroelectronics X-CUBE-MEMS1 11.0.0
2024-09-28 23:34:47,801 [INFO] ThirdParty:1030 - CMSIS Pack Vendor :STMicroelectronics X-CUBE-AZRTOS-G0 1.1.0
2024-09-28 23:34:47,801 [INFO] ThirdParty:1030 - CMSIS Pack Vendor :STMicroelectronics X-CUBE-DPower 1.2.0
2024-09-28 23:34:47,802 [INFO] ThirdParty:1030 - CMSIS Pack Vendor :STMicroelectronics X-CUBE-NFC4 3.0.0
2024-09-28 23:34:47,802 [INFO] ThirdParty:1030 - CMSIS Pack Vendor :STMicroelectronics X-CUBE-SAFEA1 1.2.2
2024-09-28 23:34:47,802 [INFO] ThirdParty:1030 - CMSIS Pack Vendor :STMicroelectronics X-CUBE-SUBG2 5.0.0
2024-09-28 23:34:47,802 [INFO] ThirdParty:1030 - CMSIS Pack Vendor :EmbeddedOffice I-CUBE-FS-RTOS 1.0.1
2024-09-28 23:34:47,802 [INFO] ThirdParty:1030 - CMSIS Pack Vendor :STMicroelectronics FP-SNS-FLIGHT1 5.0.2
2024-09-28 23:34:47,802 [INFO] ThirdParty:1030 - CMSIS Pack Vendor :Cesanta I-CUBE-Mongoose 7.13.0
2024-09-28 23:34:47,802 [INFO] ThirdParty:1030 - CMSIS Pack Vendor :STMicroelectronics X-CUBE-AI 9.0.0
2024-09-28 23:34:47,802 [INFO] ThirdParty:1030 - CMSIS Pack Vendor :STMicroelectronics X-CUBE-AZRTOS-G4 2.0.0
2024-09-28 23:34:47,802 [INFO] ThirdParty:1030 - CMSIS Pack Vendor :STMicroelectronics X-CUBE-DISPLAY 3.0.0
2024-09-28 23:34:47,802 [INFO] ThirdParty:1030 - CMSIS Pack Vendor :RealThread X-CUBE-RT-Thread_Nano 4.1.1
2024-09-28 23:34:47,802 [INFO] ThirdParty:1030 - CMSIS Pack Vendor :STMicroelectronics FP-ATR-SIGFOX1 3.2.0
2024-09-28 23:34:47,802 [INFO] ThirdParty:1030 - CMSIS Pack Vendor :STMicroelectronics X-CUBE-BLE1 7.0.0
2024-09-28 23:34:47,802 [INFO] ThirdParty:1030 - CMSIS Pack Vendor :STMicroelectronics X-CUBE-NFC10 1.0.0
2024-09-28 23:34:47,802 [INFO] ThirdParty:1030 - CMSIS Pack Vendor :wolfSSL I-CUBE-wolfSSL 5.7.2
2024-09-28 23:34:47,802 [INFO] ThirdParty:1030 - CMSIS Pack Vendor :STMicroelectronics X-CUBE-EEPRMA1 5.1.0
2024-09-28 23:34:47,802 [INFO] ThirdParty:1030 - CMSIS Pack Vendor :STMicroelectronics X-CUBE-ALS 1.0.2
2024-09-28 23:34:47,802 [INFO] ThirdParty:1030 - CMSIS Pack Vendor :emotas I-CUBE-CANOPEN 1.3.0
2024-09-28 23:34:47,802 [INFO] ThirdParty:1030 - CMSIS Pack Vendor :STMicroelectronics X-CUBE-NFC7 1.0.1
2024-09-28 23:34:47,802 [INFO] ThirdParty:1030 - CMSIS Pack Vendor :ITTIA_DB I-CUBE-ITTIADB 8.9.0
2024-09-28 23:34:47,802 [INFO] ThirdParty:1030 - CMSIS Pack Vendor :STMicroelectronics X-CUBE-TOUCHGFX 4.24.1
2024-09-28 23:34:47,802 [INFO] ThirdParty:1030 - CMSIS Pack Vendor :wolfSSL I-CUBE-wolfTPM 3.4.0
2024-09-28 23:34:47,802 [INFO] ThirdParty:1030 - CMSIS Pack Vendor :portGmbH I-Cube-SoM-uGOAL 1.1.0
2024-09-28 23:34:47,802 [INFO] ThirdParty:1030 - CMSIS Pack Vendor :STMicroelectronics X-CUBE-BLEMGR 3.1.0
2024-09-28 23:34:47,802 [INFO] ThirdParty:1030 - CMSIS Pack Vendor :STMicroelectronics FP-SNS-SMARTAG2 1.2.0
2024-09-28 23:34:47,802 [INFO] ThirdParty:1030 - CMSIS Pack Vendor :STMicroelectronics X-CUBE-AZRTOS-WL 2.0.0
2024-09-28 23:34:47,802 [INFO] ThirdParty:1030 - CMSIS Pack Vendor :SEGGER I-CUBE-embOS 1.3.1
2024-09-28 23:34:47,803 [INFO] ThirdParty:1030 - CMSIS Pack Vendor :STMicroelectronics X-CUBE-ALGOBUILD 1.4.0
2024-09-28 23:34:47,803 [INFO] ThirdParty:1030 - CMSIS Pack Vendor :STMicroelectronics FP-SNS-MOTENV1 5.0.0
2024-09-28 23:34:47,803 [INFO] ThirdParty:1030 - CMSIS Pack Vendor :STMicroelectronics X-CUBE-AZRTOS-H7RS 1.0.0
2024-09-28 23:34:47,803 [INFO] ThirdParty:1030 - CMSIS Pack Vendor :wolfSSL I-CUBE-wolfMQTT 1.19.0
2024-09-28 23:34:47,803 [INFO] ThirdParty:1030 - CMSIS Pack Vendor :STMicroelectronics X-CUBE-AZRTOS-L4 2.0.0
2024-09-28 23:34:47,803 [INFO] ThirdParty:1030 - CMSIS Pack Vendor :STMicroelectronics FP-ATR-ASTRA1 2.0.0
2024-09-28 23:34:47,803 [INFO] ThirdParty:1030 - CMSIS Pack Vendor :WES I-CUBE-Cesium 1.3.0
2024-09-28 23:34:47,803 [INFO] ThirdParty:1030 - CMSIS Pack Vendor :STMicroelectronics X-CUBE-SFXS2LP1 4.0.0
2024-09-28 23:34:47,803 [INFO] ThirdParty:1030 - CMSIS Pack Vendor :STMicroelectronics X-CUBE-BLE2 3.3.0
2024-09-28 23:34:47,803 [INFO] ThirdParty:1030 - CMSIS Pack Vendor :STMicroelectronics X-CUBE-TOF1 3.4.2
2024-09-28 23:34:47,803 [INFO] ThirdParty:1030 - CMSIS Pack Vendor :Infineon AIROC-Wi-Fi-Bluetooth-STM32 1.6.1
2024-09-28 23:34:47,803 [INFO] ThirdParty:1030 - CMSIS Pack Vendor :wolfSSL I-CUBE-wolfSSH 1.4.17
2024-09-28 23:34:47,804 [INFO] LoadServerUpdatesThread:375 - End of LoadServerUpdate Thread
2024-09-28 23:43:18,383 [ERROR] LogOutputStream:75 - [STDERR_REDIRECT] Exception in thread "SWV client thread" java.lang.NullPointerException: Cannot invoke "com.st.stm32cube.ide.mcu.debug.swv.core.SWVPlugin.isDebugging()" because "com.st.stm32cube.ide.mcu.debug.swv.core.SWVPlugin.plugin" is null
2024-09-28 23:43:18,384 [ERROR] LogOutputStream:75 - [STDERR_REDIRECT] 	at com.st.stm32cube.ide.mcu.debug.swv.core.SWVPlugin.debugTrace(SWVPlugin.java:85)
2024-09-28 23:43:18,384 [ERROR] LogOutputStream:75 - [STDERR_REDIRECT] 	at com.st.stm32cube.ide.mcu.debug.swv.core.SWVClient.TRACE(SWVClient.java:768)
2024-09-28 23:43:18,384 [ERROR] LogOutputStream:75 - [STDERR_REDIRECT] 	at com.st.stm32cube.ide.mcu.debug.swv.core.SWVClient.readByte(SWVClient.java:296)
2024-09-28 23:43:18,385 [ERROR] LogOutputStream:75 - [STDERR_REDIRECT] 	at com.st.stm32cube.ide.mcu.debug.swv.core.SWVClient.getNextByte(SWVClient.java:277)
2024-09-28 23:43:18,385 [ERROR] LogOutputStream:75 - [STDERR_REDIRECT] 	at com.st.stm32cube.ide.mcu.debug.swv.core.SWVClient.run(SWVClient.java:313)
2024-09-28 23:43:18,458 [ERROR] LogOutputStream:75 - [STDERR_REDIRECT] SWT SessionManagerDBus: Failed to connect to org.gnome.SessionManager: Error spawning command line dbus-launch --autolaunch=5b85fb247cee43f298cab29cd7327c5c --binary-syntax --close-stderr: Child process exited with code 1
