2025-04-09 08:03:52,309 [INFO] Activator:176 - 


2025-04-09 08:03:52,312 [INFO] Activator:177 - !SESSION log4j initialized
2025-04-09 08:04:05,140 [INFO] LogOutputStream:77 - [STDOUT_REDIRECT] 
2025-04-09 08:04:06,146 [ERROR] LogOutputStream:75 - [STDERR_REDIRECT] Apr 09, 2025 8:04:06 AM org.glassfish.grizzly.http.server.NetworkListener start
2025-04-09 08:04:06,147 [ERROR] LogOutputStream:75 - [STDERR_REDIRECT] INFO: Started listener bound to [localhost:16721]
2025-04-09 08:04:06,147 [ERROR] LogOutputStream:75 - [STDERR_REDIRECT] 
2025-04-09 08:04:06,148 [ERROR] LogOutputStream:75 - [STDERR_REDIRECT] Apr 09, 2025 8:04:06 AM org.glassfish.grizzly.http.server.HttpServer start
2025-04-09 08:04:06,148 [ERROR] LogOutputStream:75 - [STDERR_REDIRECT] INFO: [HttpServer] Started.
2025-04-09 08:04:06,149 [ERROR] LogOutputStream:75 - [STDERR_REDIRECT] 
2025-04-09 08:04:19,155 [INFO] ApplicationProperties:184 - Using Application install path: /home/vdev/st/stm32cubeide_1.17.0_3/plugins/com.st.stm32cube.common.mx_6.14.0.202502271554
2025-04-09 08:04:19,199 [INFO] DbMcusXml:78 - Set database path to: /home/vdev/st/stm32cubeide_1.17.0_3/plugins/com.st.stm32cube.common.mx_6.14.0.202502271554//db//mcu/
2025-04-09 08:04:19,199 [INFO] ApiDb:274 - Set plugin database path to: /home/vdev/st/stm32cubeide_1.17.0_3/plugins/com.st.stm32cube.common.mx_6.14.0.202502271554//db//plugins/boardmanager/
2025-04-09 08:04:19,200 [WARN] ApiDb:259 - Overriding images path with different value:  => /home/vdev/st/stm32cubeide_1.17.0_3/plugins/com.st.stm32cube.common.mx_6.14.0.202502271554//db//plugins/mcufinder/images/
2025-04-09 08:04:19,255 [INFO] ApiDb:250 - Set database path to: /root/.stmcufinder/plugins/mcufinder//mcu/
2025-04-09 08:04:19,255 [INFO] DbMcusAds:125 - Set database path to: /root/.stmcufinder/plugins/mcufinder//mcu/
2025-04-09 08:04:19,295 [INFO] CrossReferenceDbSqlite:203 - Set database path to: /root/.stmcufinder/plugins/mcufinder//mcu/cs/
2025-04-09 08:04:19,459 [INFO] RulesReader:64 - Compatibility file has been processed (301 Rules)
2025-04-09 08:04:19,630 [INFO] DbMcusXml:78 - Set database path to: /home/vdev/st/stm32cubeide_1.17.0_3/plugins/com.st.stm32cube.common.mx_6.14.0.202502271554//db//mcu/
2025-04-09 08:04:19,630 [INFO] ApiDb:274 - Set plugin database path to: /home/vdev/st/stm32cubeide_1.17.0_3/plugins/com.st.stm32cube.common.mx_6.14.0.202502271554//db//plugins/boardmanager/
2025-04-09 08:04:19,630 [INFO] ApiDb:261 - Set plugin images path to: /home/vdev/st/stm32cubeide_1.17.0_3/plugins/com.st.stm32cube.common.mx_6.14.0.202502271554//db//plugins/mcufinder/images/
2025-04-09 08:04:19,630 [WARN] DbFile:41 - Overriding database path with different value: /root/.stmcufinder/plugins/mcufinder/ => /root/.stmcufinder/plugins/mcufinder
2025-04-09 08:04:19,630 [INFO] ApiDb:250 - Set database path to: /root/.stmcufinder/plugins/mcufinder//mcu/
2025-04-09 08:04:19,630 [WARN] DbFile:41 - Overriding database path with different value: /root/.stmcufinder/plugins/mcufinder/ => /root/.stmcufinder/plugins/mcufinder
2025-04-09 08:04:19,630 [INFO] DbMcusAds:125 - Set database path to: /root/.stmcufinder/plugins/mcufinder//mcu/
2025-04-09 08:04:19,630 [WARN] DbFile:41 - Overriding database path with different value: /root/.stmcufinder/plugins/mcufinder/ => /root/.stmcufinder/plugins/mcufinder
2025-04-09 08:04:19,631 [WARN] DbFile:41 - Overriding database path with different value: /root/.stmcufinder/plugins/mcufinder/ => /root/.stmcufinder/plugins/mcufinder
2025-04-09 08:04:19,668 [INFO] CrossReferenceDbSqlite:203 - Set database path to: /root/.stmcufinder/plugins/mcufinder//mcu/cs/
2025-04-09 08:04:19,912 [INFO] MainPanel:272 - HeapMemory: 268435456
2025-04-09 08:04:20,175 [INFO] DbMcusXml:78 - Set database path to: /home/vdev/st/stm32cubeide_1.17.0_3/plugins/com.st.stm32cube.common.mx_6.14.0.202502271554//db//mcu/
2025-04-09 08:04:20,175 [INFO] ApiDb:274 - Set plugin database path to: /home/vdev/st/stm32cubeide_1.17.0_3/plugins/com.st.stm32cube.common.mx_6.14.0.202502271554//db//plugins/boardmanager/
2025-04-09 08:04:20,175 [INFO] ApiDb:261 - Set plugin images path to: /home/vdev/st/stm32cubeide_1.17.0_3/plugins/com.st.stm32cube.common.mx_6.14.0.202502271554//db//plugins/mcufinder/images/
2025-04-09 08:04:20,176 [WARN] DbFile:41 - Overriding database path with different value: /root/.stmcufinder/plugins/mcufinder/ => /root/.stmcufinder/plugins/mcufinder
2025-04-09 08:04:20,176 [INFO] ApiDb:250 - Set database path to: /root/.stmcufinder/plugins/mcufinder//mcu/
2025-04-09 08:04:20,176 [WARN] DbFile:41 - Overriding database path with different value: /root/.stmcufinder/plugins/mcufinder/ => /root/.stmcufinder/plugins/mcufinder
2025-04-09 08:04:20,177 [INFO] DbMcusAds:125 - Set database path to: /root/.stmcufinder/plugins/mcufinder//mcu/
2025-04-09 08:04:20,177 [WARN] DbFile:41 - Overriding database path with different value: /root/.stmcufinder/plugins/mcufinder/ => /root/.stmcufinder/plugins/mcufinder
2025-04-09 08:04:20,177 [WARN] DbFile:41 - Overriding database path with different value: /root/.stmcufinder/plugins/mcufinder/ => /root/.stmcufinder/plugins/mcufinder
2025-04-09 08:04:20,214 [INFO] CrossReferenceDbSqlite:203 - Set database path to: /root/.stmcufinder/plugins/mcufinder//mcu/cs/
2025-04-09 08:04:20,253 [INFO] ApplicationProperties:184 - Using Application install path: /home/vdev/st/stm32cubeide_1.17.0_3/plugins/com.st.stm32cube.common.mx_6.14.0.202502271554
2025-04-09 08:04:20,256 [INFO] PluginManage:196 - Search for loadable plugins [exclusion list=, ]
2025-04-09 08:04:20,282 [INFO] PluginManage:310 - Check plugin analytics
2025-04-09 08:04:20,635 [INFO] AnalyticsPlugin:253 - Accepted Software Licenses: 
2025-04-09 08:04:20,636 [INFO] AnalyticsPlugin:255 - Accepted CMSIS Pack Licenses: 
2025-04-09 08:04:20,636 [INFO] AnalyticsPlugin:257 - Accepted Firmware Licenses: 
2025-04-09 08:04:20,640 [INFO] PluginManage:359 - Loaded plugin analytics (category:tool,tabindex:-1)
2025-04-09 08:04:20,640 [INFO] PluginManage:310 - Check plugin cadmodel
2025-04-09 08:04:20,664 [INFO] CADModel:105 - Init CAD model plugin
2025-04-09 08:04:20,665 [INFO] PluginManage:359 - Loaded plugin cadmodel (category:power,tabindex:5)
2025-04-09 08:04:20,665 [INFO] PluginManage:310 - Check plugin clock
2025-04-09 08:04:20,752 [INFO] PluginManage:359 - Loaded plugin clock (category:base,tabindex:2)
2025-04-09 08:04:20,753 [INFO] PluginManage:310 - Check plugin ddr
2025-04-09 08:04:20,774 [INFO] PluginManage:359 - Loaded plugin ddr (category:tool,tabindex:6)
2025-04-09 08:04:20,775 [INFO] PluginManage:310 - Check plugin filemanager
2025-04-09 08:04:21,057 [INFO] PluginManage:359 - Loaded plugin filemanager (category:base,tabindex:10)
2025-04-09 08:04:21,057 [INFO] PluginManage:310 - Check plugin ipmanager
2025-04-09 08:04:21,079 [INFO] PluginManage:359 - Loaded plugin ipmanager (category:base,tabindex:5)
2025-04-09 08:04:21,080 [INFO] PluginManage:310 - Check plugin lpbam
2025-04-09 08:04:21,116 [INFO] PluginManage:359 - Loaded plugin lpbam (category:base,tabindex:0)
2025-04-09 08:04:21,116 [INFO] PluginManage:310 - Check plugin memorymap
2025-04-09 08:04:21,168 [INFO] PluginManage:359 - Loaded plugin memorymap (category:base,tabindex:4)
2025-04-09 08:04:21,169 [INFO] PluginManage:310 - Check plugin pinoutandconfiguration
2025-04-09 08:04:21,198 [INFO] PluginManage:359 - Loaded plugin pinoutandconfiguration (category:base,tabindex:1)
2025-04-09 08:04:21,198 [INFO] PluginManage:310 - Check plugin pinoutconfig
2025-04-09 08:04:21,405 [WARN] SupportedApi:132 - Cannot load RTOS API schema: s4s-elt-must-match.1: The content of 'definitions' must match (annotation?, (simpleType | complexType)?, (unique | key | keyref)*)). A problem was found starting at: attribute.
2025-04-09 08:04:21,629 [INFO] PluginManage:359 - Loaded plugin pinoutconfig (category:base,tabindex:0)
2025-04-09 08:04:21,629 [INFO] PluginManage:310 - Check plugin power
2025-04-09 08:04:21,666 [INFO] PluginManage:359 - Loaded plugin power (category:power,tabindex:4)
2025-04-09 08:04:21,667 [INFO] PluginManage:310 - Check plugin projectmanager
2025-04-09 08:04:21,691 [INFO] PluginManage:359 - Loaded plugin projectmanager (category:projectmanager,tabindex:4)
2025-04-09 08:04:21,692 [INFO] PluginManage:310 - Check plugin rif
2025-04-09 08:04:21,715 [INFO] PluginManage:359 - Loaded plugin rif (category:base,tabindex:3)
2025-04-09 08:04:21,715 [INFO] PluginManage:310 - Check plugin thirdparty
2025-04-09 08:04:21,977 [WARN] IntegrityCheckThread:84 - waiting for thirdparty lock release [integrity check]
2025-04-09 08:04:21,977 [INFO] PluginManage:359 - Loaded plugin thirdparty (category:base,tabindex:-1)
2025-04-09 08:04:21,977 [INFO] IntegrityCheckThread:86 - entering critical section [integrity check]
2025-04-09 08:04:21,977 [INFO] PluginManage:310 - Check plugin tools
2025-04-09 08:04:21,978 [INFO] ThirdPartyUpdaterWithRetryManager:70 - Updater plugin not ready yet. [1/15]
2025-04-09 08:04:21,992 [INFO] PluginManage:359 - Loaded plugin tools (category:base,tabindex:7)
2025-04-09 08:04:21,992 [INFO] PluginManage:310 - Check plugin tutovideos
2025-04-09 08:04:22,233 [INFO] PluginManage:359 - Loaded plugin tutovideos (category:base,tabindex:-1)
2025-04-09 08:04:22,233 [INFO] PluginManage:310 - Check plugin updater
2025-04-09 08:04:22,275 [INFO] PluginManage:359 - Loaded plugin updater (category:base,tabindex:12)
2025-04-09 08:04:22,275 [INFO] PluginManage:310 - Check plugin userauth
2025-04-09 08:04:22,287 [INFO] UserAuth:118 - Init User Auth plugin
2025-04-09 08:04:22,288 [INFO] PluginManage:359 - Loaded plugin userauth (category:base,tabindex:14)
2025-04-09 08:04:22,288 [INFO] PluginManage:283 - PluginManage : Loaded plugins [18]
2025-04-09 08:04:22,648 [INFO] PinOutPanel:1589 - setPackage(No Configuration,No Configuration)
2025-04-09 08:04:22,773 [INFO] CADModel:165 - CPN selected for project level
2025-04-09 08:04:22,773 [INFO] CADModel:114 - Register for checkConnection events
2025-04-09 08:04:22,813 [INFO] IPUIPlugin:80 - create IPUIPlugin
2025-04-09 08:04:22,813 [INFO] PluginManager:220 - loadIPPluginJar : add aes
2025-04-09 08:04:22,828 [INFO] IPUIPlugin:80 - create IPUIPlugin
2025-04-09 08:04:22,828 [INFO] PluginManager:220 - loadIPPluginJar : add gfxmmu
2025-04-09 08:04:22,840 [INFO] IPUIPlugin:80 - create IPUIPlugin
2025-04-09 08:04:22,840 [INFO] PluginManager:220 - loadIPPluginJar : add spi
2025-04-09 08:04:22,842 [INFO] IPUIPlugin:80 - create IPUIPlugin
2025-04-09 08:04:22,842 [INFO] PluginManager:220 - loadIPPluginJar : add tim
2025-04-09 08:04:22,856 [INFO] IPUIPlugin:80 - create IPUIPlugin
2025-04-09 08:04:22,856 [INFO] PluginManager:220 - loadIPPluginJar : add dma
2025-04-09 08:04:22,876 [INFO] IPUIPlugin:80 - create IPUIPlugin
2025-04-09 08:04:22,876 [INFO] PluginManager:220 - loadIPPluginJar : add fmc
2025-04-09 08:04:22,878 [INFO] IPUIPlugin:80 - create IPUIPlugin
2025-04-09 08:04:22,878 [INFO] PluginManager:220 - loadIPPluginJar : add ts
2025-04-09 08:04:22,879 [INFO] IPUIPlugin:80 - create IPUIPlugin
2025-04-09 08:04:22,879 [INFO] PluginManager:220 - loadIPPluginJar : add genericplugin
2025-04-09 08:04:22,881 [INFO] IPUIPlugin:80 - create IPUIPlugin
2025-04-09 08:04:22,881 [INFO] PluginManager:220 - loadIPPluginJar : add usart
2025-04-09 08:04:22,882 [INFO] IPUIPlugin:80 - create IPUIPlugin
2025-04-09 08:04:22,883 [INFO] PluginManager:220 - loadIPPluginJar : add dfsdm
2025-04-09 08:04:22,905 [INFO] IPUIPlugin:80 - create IPUIPlugin
2025-04-09 08:04:22,905 [INFO] PluginManager:220 - loadIPPluginJar : add gpio
2025-04-09 08:04:22,907 [INFO] IPUIPlugin:80 - create IPUIPlugin
2025-04-09 08:04:22,907 [INFO] PluginManager:220 - loadIPPluginJar : add tracer_emb
2025-04-09 08:04:22,909 [INFO] IPUIPlugin:80 - create IPUIPlugin
2025-04-09 08:04:22,909 [INFO] PluginManager:220 - loadIPPluginJar : add i2s
2025-04-09 08:04:22,910 [INFO] IPUIPlugin:80 - create IPUIPlugin
2025-04-09 08:04:22,911 [INFO] PluginManager:220 - loadIPPluginJar : add lorawan
2025-04-09 08:04:22,912 [INFO] IPUIPlugin:80 - create IPUIPlugin
2025-04-09 08:04:22,912 [INFO] PluginManager:220 - loadIPPluginJar : add extmemmanager
2025-04-09 08:04:22,914 [INFO] IPUIPlugin:80 - create IPUIPlugin
2025-04-09 08:04:22,915 [INFO] PluginManager:220 - loadIPPluginJar : add gtzc
2025-04-09 08:04:22,936 [INFO] IPUIPlugin:80 - create IPUIPlugin
2025-04-09 08:04:22,936 [INFO] PluginManager:220 - loadIPPluginJar : add ddr_ctrl_phy
2025-04-09 08:04:22,938 [INFO] IPUIPlugin:80 - create IPUIPlugin
2025-04-09 08:04:22,938 [INFO] PluginManager:220 - loadIPPluginJar : add i3c
2025-04-09 08:04:22,939 [INFO] IPUIPlugin:80 - create IPUIPlugin
2025-04-09 08:04:22,939 [INFO] PluginManager:220 - loadIPPluginJar : add fatfs
2025-04-09 08:04:22,940 [INFO] IPUIPlugin:80 - create IPUIPlugin
2025-04-09 08:04:22,941 [INFO] PluginManager:220 - loadIPPluginJar : add tsc
2025-04-09 08:04:22,942 [INFO] IPUIPlugin:80 - create IPUIPlugin
2025-04-09 08:04:22,942 [INFO] PluginManager:220 - loadIPPluginJar : add hash
2025-04-09 08:04:22,944 [INFO] IPUIPlugin:80 - create IPUIPlugin
2025-04-09 08:04:22,944 [INFO] PluginManager:220 - loadIPPluginJar : add ucpd
2025-04-09 08:04:22,946 [INFO] IPUIPlugin:80 - create IPUIPlugin
2025-04-09 08:04:22,946 [INFO] PluginManager:220 - loadIPPluginJar : add touchsensing
2025-04-09 08:04:22,948 [INFO] IPUIPlugin:80 - create IPUIPlugin
2025-04-09 08:04:22,948 [INFO] PluginManager:220 - loadIPPluginJar : add pdm2pcm
2025-04-09 08:04:22,963 [INFO] IPUIPlugin:80 - create IPUIPlugin
2025-04-09 08:04:22,963 [INFO] PluginManager:220 - loadIPPluginJar : add mdma
2025-04-09 08:04:22,974 [INFO] IPUIPlugin:80 - create IPUIPlugin
2025-04-09 08:04:22,974 [INFO] PluginManager:220 - loadIPPluginJar : add ltdc
2025-04-09 08:04:22,989 [INFO] IPUIPlugin:80 - create IPUIPlugin
2025-04-09 08:04:22,990 [INFO] PluginManager:220 - loadIPPluginJar : add gic
2025-04-09 08:04:22,992 [INFO] IPUIPlugin:80 - create IPUIPlugin
2025-04-09 08:04:22,992 [INFO] PluginManager:220 - loadIPPluginJar : add usbx
2025-04-09 08:04:22,994 [INFO] IPUIPlugin:80 - create IPUIPlugin
2025-04-09 08:04:22,994 [INFO] PluginManager:220 - loadIPPluginJar : add can
2025-04-09 08:04:23,015 [INFO] IPUIPlugin:80 - create IPUIPlugin
2025-04-09 08:04:23,015 [INFO] PluginManager:220 - loadIPPluginJar : add resmgrutility
2025-04-09 08:04:23,017 [INFO] IPUIPlugin:80 - create IPUIPlugin
2025-04-09 08:04:23,017 [INFO] PluginManager:220 - loadIPPluginJar : add dma3
2025-04-09 08:04:23,021 [INFO] IPUIPlugin:80 - create IPUIPlugin
2025-04-09 08:04:23,023 [INFO] PluginManager:220 - loadIPPluginJar : add plateformsettings
2025-04-09 08:04:23,025 [INFO] IPUIPlugin:80 - create IPUIPlugin
2025-04-09 08:04:23,026 [INFO] PluginManager:220 - loadIPPluginJar : add openamp
2025-04-09 08:04:23,027 [INFO] IPUIPlugin:80 - create IPUIPlugin
2025-04-09 08:04:23,027 [INFO] PluginManager:220 - loadIPPluginJar : add cryp
2025-04-09 08:04:23,032 [INFO] IPUIPlugin:80 - create IPUIPlugin
2025-04-09 08:04:23,032 [INFO] PluginManager:220 - loadIPPluginJar : add linkedlist
2025-04-09 08:04:23,033 [INFO] IPUIPlugin:80 - create IPUIPlugin
2025-04-09 08:04:23,033 [INFO] PluginManager:220 - loadIPPluginJar : add comp
2025-04-09 08:04:23,038 [INFO] IPUIPlugin:80 - create IPUIPlugin
2025-04-09 08:04:23,038 [INFO] PluginManager:220 - loadIPPluginJar : add adc
2025-04-09 08:04:23,039 [INFO] IPUIPlugin:80 - create IPUIPlugin
2025-04-09 08:04:23,039 [INFO] PluginManager:220 - loadIPPluginJar : add i2c
2025-04-09 08:04:23,041 [INFO] IPUIPlugin:80 - create IPUIPlugin
2025-04-09 08:04:23,041 [INFO] PluginManager:220 - loadIPPluginJar : add radio
2025-04-09 08:04:23,052 [INFO] IPUIPlugin:80 - create IPUIPlugin
2025-04-09 08:04:23,052 [INFO] PluginManager:220 - loadIPPluginJar : add freertos
2025-04-09 08:04:23,055 [INFO] IPUIPlugin:80 - create IPUIPlugin
2025-04-09 08:04:23,055 [INFO] PluginManager:220 - loadIPPluginJar : add sai
2025-04-09 08:04:23,058 [INFO] IPUIPlugin:80 - create IPUIPlugin
2025-04-09 08:04:23,058 [INFO] PluginManager:220 - loadIPPluginJar : add nvic
2025-04-09 08:04:23,072 [INFO] IPUIPlugin:80 - create IPUIPlugin
2025-04-09 08:04:23,072 [INFO] PluginManager:220 - loadIPPluginJar : add ipddr
2025-04-09 08:04:23,076 [INFO] IPUIPlugin:80 - create IPUIPlugin
2025-04-09 08:04:23,076 [INFO] PluginManager:220 - loadIPPluginJar : add stm32_wpan
2025-04-09 08:04:23,077 [INFO] IPUIPlugin:80 - create IPUIPlugin
2025-04-09 08:04:23,077 [INFO] PluginManager:220 - loadIPPluginJar : add quadspi
2025-04-09 08:04:23,079 [INFO] IPUIPlugin:80 - create IPUIPlugin
2025-04-09 08:04:23,079 [INFO] PluginManager:220 - loadIPPluginJar : add opamp
2025-04-09 08:04:23,197 [FATAL] Updater:351 - Updater called before beeing initialized
2025-04-09 08:04:23,265 [INFO] RulesReader:64 - Compatibility file has been processed (301 Rules)
2025-04-09 08:04:23,284 [INFO] RulesReader:64 - Compatibility file has been processed (301 Rules)
2025-04-09 08:04:23,294 [INFO] CADModel:165 - CPN selected for project level
2025-04-09 08:04:23,294 [INFO] CADModel:114 - Register for checkConnection events
2025-04-09 08:04:23,295 [FATAL] Updater:351 - Updater called before beeing initialized
2025-04-09 08:04:23,295 [ERROR] CADModel:125 - Updater not yet initialized, retry later 
2025-04-09 08:04:23,679 [FATAL] Updater:351 - Updater called before beeing initialized
2025-04-09 08:04:23,687 [INFO] CADModel:165 - CPN selected for project level
2025-04-09 08:04:23,687 [INFO] CADModel:114 - Register for checkConnection events
2025-04-09 08:04:23,687 [FATAL] Updater:351 - Updater called before beeing initialized
2025-04-09 08:04:23,687 [ERROR] CADModel:125 - Updater not yet initialized, retry later 
2025-04-09 08:04:23,690 [FATAL] Updater:351 - Updater called before beeing initialized
2025-04-09 08:04:23,813 [FATAL] Updater:351 - Updater called before beeing initialized
2025-04-09 08:04:23,835 [INFO] DbMcusAds:53 - JSON generation date=Thu Sep 30 12:25:09 IST 2021 (1632984909247)
2025-04-09 08:04:23,836 [FATAL] Updater:351 - Updater called before beeing initialized
2025-04-09 08:04:24,064 [WARN] DetailPanel:346 - Failed to get advertising image, set to default
2025-04-09 08:04:24,480 [FATAL] Updater:351 - Updater called before beeing initialized
2025-04-09 08:04:24,481 [FATAL] Updater:351 - Updater called before beeing initialized
2025-04-09 08:04:24,481 [FATAL] Updater:351 - Updater called before beeing initialized
2025-04-09 08:04:24,481 [WARN] DetailPanel:346 - Failed to get advertising image, set to default
2025-04-09 08:04:24,482 [FATAL] Updater:351 - Updater called before beeing initialized
2025-04-09 08:04:24,558 [ERROR] Updater:1198 - MainUpdater not yet initialized. External WinMGr cannot be set.
2025-04-09 08:04:24,564 [INFO] Updater:1134 - Updater Version found : 6.14.0
2025-04-09 08:04:24,593 [INFO] ApplicationProperties:184 - Using Application install path: /home/vdev/st/stm32cubeide_1.17.0_3/plugins/com.st.stm32cube.common.mx_6.14.0.202502271554
2025-04-09 08:04:24,978 [INFO] ThirdPartyUpdaterWithRetryManager:70 - Updater plugin not ready yet. [2/15]
2025-04-09 08:04:25,170 [INFO] MainUpdater:2872 - connection check result : 10
2025-04-09 08:04:25,171 [INFO] MainUpdater:289 - Updater Check For Update Now.
2025-04-09 08:04:25,172 [INFO] MicroXplorer:498 - Change Database Version : DB.6.0.140
2025-04-09 08:04:25,183 [INFO] McuFinderGlobals:63 - Set McuFinder mode to 2 (CubeIDE integrated)
2025-04-09 08:04:25,184 [INFO] UserAuth:171 - activating auth plugin
2025-04-09 08:04:25,197 [INFO] UserAuth:486 - Internet connection configuration mode: 1
2025-04-09 08:04:25,324 [INFO] JxBrowserEngine:152 - Initiate JxBrowser Engine with user profile folder
2025-04-09 08:04:25,562 [INFO] CheckServerUpdateThread:120 - End of CheckServer Thread
2025-04-09 08:04:29,740 [WARN] PackLoader:240 - Cannot read IP mode file for STMicroelectronics.FP-SNS-MOTENVWB1.1.4.0
2025-04-09 08:04:29,776 [WARN] PackLoader:240 - Cannot read IP mode file for STMicroelectronics.FP-ATR-ASTRA1.2.0.1
2025-04-09 08:04:29,807 [WARN] PackLoader:240 - Cannot read IP mode file for STMicroelectronics.X-CUBE-SMBUS.2.1.0
2025-04-09 08:04:29,841 [WARN] PackLoader:240 - Cannot read IP mode file for STMicroelectronics.X-CUBE-WB05N.1.1.0
2025-04-09 08:04:29,990 [WARN] PackLoader:240 - Cannot read IP mode file for STMicroelectronics.X-CUBE-AZRTOS-F7.1.1.0
2025-04-09 08:04:30,031 [WARN] PackLoader:240 - Cannot read IP mode file for STMicroelectronics.FP-SNS-FLIGHT1.5.0.2
2025-04-09 08:04:30,129 [WARN] PackLoader:240 - Cannot read IP mode file for Infineon.AIROC-Wi-Fi-Bluetooth-STM32.1.7.0
2025-04-09 08:04:30,171 [WARN] PackLoader:240 - Cannot read IP mode file for STMicroelectronics.X-CUBE-DISPLAY.3.0.0
2025-04-09 08:04:30,215 [WARN] PackLoader:240 - Cannot read IP mode file for STMicroelectronics.X-CUBE-BLE1.7.0.0
2025-04-09 08:04:30,233 [WARN] PackLoader:240 - Cannot read IP mode file for STMicroelectronics.X-CUBE-NFC10.1.0.0
2025-04-09 08:04:30,281 [WARN] PackLoader:240 - Cannot read IP mode file for STMicroelectronics.X-CUBE-BLEMGR.4.0.0
2025-04-09 08:04:30,295 [WARN] PackLoader:240 - Cannot read IP mode file for emotas.I-CUBE-CANOPEN.1.3.0
2025-04-09 08:04:30,326 [WARN] PackLoader:240 - Cannot read IP mode file for STMicroelectronics.X-CUBE-AI.10.0.0
2025-04-09 08:04:30,347 [WARN] PackLoader:240 - Cannot read IP mode file for STMicroelectronics.FP-SNS-SMARTAG2.1.2.0
2025-04-09 08:04:30,453 [WARN] PackLoader:240 - Cannot read IP mode file for STMicroelectronics.X-CUBE-MEMS1.11.1.0
2025-04-09 08:04:30,641 [INFO] LogOutputStream:77 - [STDOUT_REDIRECT] 1 : Invalid condition id : UX_CORESTACK_Condition cause : null
2025-04-09 08:04:30,642 [INFO] LogOutputStream:77 - [STDOUT_REDIRECT] 1 : Invalid condition id : UX_CORESTACK_Condition cause : null
2025-04-09 08:04:30,642 [INFO] LogOutputStream:77 - [STDOUT_REDIRECT] 1 : Invalid condition id : UX_CORESTACK_Condition cause : null
2025-04-09 08:04:30,642 [INFO] LogOutputStream:77 - [STDOUT_REDIRECT] 1 : Invalid condition id : UX_CORESTACK_Condition cause : null
2025-04-09 08:04:30,642 [INFO] LogOutputStream:77 - [STDOUT_REDIRECT] 1 : Invalid condition id : UX_CORESTACK_Condition cause : null
2025-04-09 08:04:30,646 [WARN] PackLoader:240 - Cannot read IP mode file for STMicroelectronics.X-CUBE-AZRTOS-WL.2.0.0
2025-04-09 08:04:30,670 [WARN] PackLoader:240 - Cannot read IP mode file for STMicroelectronics.FP-SNS-MOTENV1.5.0.0
2025-04-09 08:04:30,705 [WARN] PackLoader:240 - Cannot read IP mode file for wolfSSL.I-CUBE-wolfMQTT.1.19.0
2025-04-09 08:04:30,735 [WARN] PackLoader:240 - Cannot read IP mode file for WES.I-CUBE-Cesium.1.3.0
2025-04-09 08:04:30,769 [WARN] PackLoader:240 - Cannot read IP mode file for STMicroelectronics.X-CUBE-BLE2.3.3.0
2025-04-09 08:04:30,806 [WARN] PackLoader:240 - Cannot read IP mode file for STMicroelectronics.X-CUBE-NFC9.1.0.0
2025-04-09 08:04:30,840 [WARN] PackLoader:240 - Cannot read IP mode file for STMicroelectronics.X-CUBE-BLE1.7.1.0
2025-04-09 08:04:30,900 [WARN] PackLoader:240 - Cannot read IP mode file for STMicroelectronics.X-CUBE-AZRTOS-G0.1.1.0
2025-04-09 08:04:30,951 [WARN] PackLoader:240 - Cannot read IP mode file for STMicroelectronics.X-CUBE-SAFEA1.1.2.2
2025-04-09 08:04:30,996 [WARN] PackLoader:240 - Cannot read IP mode file for STMicroelectronics.X-CUBE-NFC4.3.0.0
2025-04-09 08:04:31,035 [WARN] PackLoader:240 - Cannot read IP mode file for EmbeddedOffice.I-CUBE-FS-RTOS.1.0.1
2025-04-09 08:04:31,070 [WARN] PackLoader:240 - Cannot read IP mode file for STMicroelectronics.X-CUBE-TCPP.4.2.0
2025-04-09 08:04:31,099 [WARN] PackLoader:240 - Cannot read IP mode file for RealThread.X-CUBE-RT-Thread_Nano.4.1.1
2025-04-09 08:04:31,110 [WARN] PackLoader:240 - Cannot read IP mode file for STMicroelectronics.FP-ATR-SIGFOX1.3.2.0
2025-04-09 08:04:31,135 [WARN] ConditionMgr:438 - getConditionDescription Invalid condition id : Cortex-A Device cause : null
2025-04-09 08:04:31,162 [WARN] ConditionMgr:1044 - genDependencies : Invalid condition id : Cortex-A Device cause : null
2025-04-09 08:04:31,163 [WARN] ConditionMgr:1044 - genDependencies : Invalid condition id : Cortex-A Device cause : null
2025-04-09 08:04:31,163 [WARN] ConditionMgr:1044 - genDependencies : Invalid condition id : Cortex-A Device cause : null
2025-04-09 08:04:31,199 [WARN] PackLoader:240 - Cannot read IP mode file for STMicroelectronics.X-CUBE-EEPRMA1.5.1.0
2025-04-09 08:04:31,208 [WARN] PackLoader:240 - Cannot read IP mode file for wolfSSL.I-CUBE-wolfSSL.5.7.6
2025-04-09 08:04:31,240 [WARN] PackLoader:240 - Cannot read IP mode file for ITTIA_DB.I-CUBE-ITTIADB.8.9.0
2025-04-09 08:04:31,314 [WARN] PackLoader:240 - Cannot read IP mode file for SEGGER.I-CUBE-embOS.1.3.1
2025-04-09 08:04:31,469 [WARN] PackLoader:240 - Cannot read IP mode file for STMicroelectronics.X-CUBE-ALGOBUILD.1.4.0
2025-04-09 08:04:31,517 [WARN] PackLoader:240 - Cannot read IP mode file for STMicroelectronics.X-CUBE-AZRTOS-F4.1.1.0
2025-04-09 08:04:31,524 [WARN] PackLoader:240 - Cannot read IP mode file for STMicroelectronics.X-CUBE-ISPU.2.1.0
2025-04-09 08:04:31,591 [WARN] PackLoader:240 - Cannot read IP mode file for STMicroelectronics.X-CUBE-AZRTOS-L5.2.0.0
2025-04-09 08:04:31,625 [WARN] PackLoader:240 - Cannot read IP mode file for STMicroelectronics.X-CUBE-NFC6.3.1.0
2025-04-09 08:04:31,656 [WARN] PackLoader:240 - Cannot read IP mode file for STMicroelectronics.X-CUBE-DPower.1.2.0
2025-04-09 08:04:31,665 [WARN] PackLoader:240 - Cannot read IP mode file for STMicroelectronics.X-CUBE-FREERTOS.1.3.0
2025-04-09 08:04:31,694 [WARN] PackLoader:240 - Cannot read IP mode file for STMicroelectronics.X-CUBE-NFC7.1.0.1
2025-04-09 08:04:31,730 [WARN] PackLoader:240 - Cannot read IP mode file for STMicroelectronics.X-CUBE-DPower.1.3.0
2025-04-09 08:04:31,764 [WARN] ConditionMgr:438 - getConditionDescription Invalid condition id : LAN8742 Phy interface Condition cause : null
2025-04-09 08:04:31,764 [WARN] PackLoader:240 - Cannot read IP mode file for STMicroelectronics.X-CUBE-AZRTOS-L4.2.0.0
2025-04-09 08:04:31,765 [WARN] ConditionMgr:1044 - genDependencies : Invalid condition id : LAN8742 Phy interface Condition cause : null
2025-04-09 08:04:31,766 [WARN] ConditionMgr:1044 - genDependencies : Invalid condition id : LAN8742 Phy interface Condition cause : null
2025-04-09 08:04:31,766 [WARN] ConditionMgr:1044 - genDependencies : Invalid condition id : LAN8742 Phy interface Condition cause : null
2025-04-09 08:04:31,787 [WARN] PackLoader:240 - Cannot read IP mode file for STMicroelectronics.X-CUBE-SFXS2LP1.4.0.0
2025-04-09 08:04:31,855 [WARN] PackLoader:240 - Cannot read IP mode file for STMicroelectronics.X-CUBE-AZRTOS-H7.3.3.0
2025-04-09 08:04:31,901 [WARN] ConditionMgr:438 - getConditionDescription Invalid condition id : UX DEVICE CLASS RTOS Condition cause : null
2025-04-09 08:04:31,901 [WARN] ConditionMgr:438 - getConditionDescription Invalid condition id : UX DEVICE CLASS RTOS Condition cause : null
2025-04-09 08:04:31,902 [WARN] PackLoader:240 - Cannot read IP mode file for STMicroelectronics.X-CUBE-AZRTOS-WB.2.0.0
2025-04-09 08:04:31,903 [WARN] ConditionMgr:1044 - genDependencies : Invalid condition id : UX DEVICE CLASS RTOS Condition cause : null
2025-04-09 08:04:31,903 [WARN] ConditionMgr:1044 - genDependencies : Invalid condition id : UX DEVICE CLASS RTOS Condition cause : null
2025-04-09 08:04:31,903 [WARN] ConditionMgr:1044 - genDependencies : Invalid condition id : UX DEVICE CLASS RTOS Condition cause : null
2025-04-09 08:04:31,904 [WARN] ConditionMgr:1044 - genDependencies : Invalid condition id : UX DEVICE CLASS RTOS Condition cause : null
2025-04-09 08:04:31,904 [WARN] ConditionMgr:1044 - genDependencies : Invalid condition id : UX DEVICE CLASS RTOS Condition cause : null
2025-04-09 08:04:31,914 [WARN] PackLoader:240 - Cannot read IP mode file for STMicroelectronics.X-CUBE-GNSS1.7.0.1
2025-04-09 08:04:31,937 [WARN] PackLoader:240 - Cannot read IP mode file for STMicroelectronics.X-CUBE-TOUCHGFX.4.25.0
2025-04-09 08:04:31,973 [WARN] PackLoader:240 - Cannot read IP mode file for STMicroelectronics.FP-SNS-STBOX1.2.0.0
2025-04-09 08:04:32,006 [WARN] PackLoader:240 - Cannot read IP mode file for STMicroelectronics.X-CUBE-SUBG2.5.0.0
2025-04-09 08:04:32,092 [WARN] PackLoader:240 - Cannot read IP mode file for STMicroelectronics.X-CUBE-AZRTOS-H7RS.1.1.0
2025-04-09 08:04:32,146 [WARN] PackLoader:240 - Cannot read IP mode file for Cesanta.I-CUBE-Mongoose.7.13.0
2025-04-09 08:04:32,194 [WARN] PackLoader:240 - Cannot read IP mode file for STMicroelectronics.X-CUBE-AZRTOS-G4.2.0.0
2025-04-09 08:04:32,232 [WARN] PackLoader:240 - Cannot read IP mode file for STMicroelectronics.X-CUBE-IPS.3.1.0
2025-04-09 08:04:32,258 [WARN] PackLoader:240 - Cannot read IP mode file for STMicroelectronics.X-CUBE-ALS.1.0.2
2025-04-09 08:04:32,278 [WARN] PackLoader:240 - Cannot read IP mode file for STMicroelectronics.X-CUBE-TOUCHGFX.4.24.2
2025-04-09 08:04:32,315 [WARN] PackLoader:240 - Cannot read IP mode file for wolfSSL.I-CUBE-wolfTPM.3.4.0
2025-04-09 08:04:32,347 [WARN] PackLoader:240 - Cannot read IP mode file for portGmbH.I-Cube-SoM-uGOAL.1.1.0
2025-04-09 08:04:32,410 [WARN] PackLoader:240 - Cannot read IP mode file for STMicroelectronics.X-CUBE-AZRTOS-H7RS.1.0.0
2025-04-09 08:04:32,468 [WARN] PackLoader:240 - Cannot read IP mode file for STMicroelectronics.X-CUBE-TOF1.3.4.2
2025-04-09 08:04:32,509 [WARN] PackLoader:240 - Cannot read IP mode file for wolfSSL.I-CUBE-wolfSSH.1.4.17
2025-04-09 08:04:32,510 [INFO] ThirdParty:978 - Integrity check success = true
2025-04-09 08:04:32,510 [INFO] IntegrityCheckThread:100 - exiting critical section [integrity check]
2025-04-09 08:04:32,510 [INFO] IntegrityCheckThread:103 - End integrity checks thread
2025-04-09 08:04:49,621 [INFO] WebApp:169 - Instantiating new browser for Auth
2025-04-09 08:04:58,371 [INFO] WebApp:463 - Apply proxy settings
2025-04-09 08:04:58,372 [INFO] WebApp:548 - Chromium requires no authentication
2025-04-09 08:04:58,658 [INFO] WebApp:491 - Direct internet connection detected
2025-04-09 08:04:59,105 [INFO] WebApp:894 - Register for checkConnection events
2025-04-09 08:04:59,106 [INFO] WebApp:463 - Apply proxy settings
2025-04-09 08:04:59,106 [INFO] WebApp:548 - Chromium requires no authentication
2025-04-09 08:04:59,107 [INFO] WebApp:491 - Direct internet connection detected
2025-04-09 08:05:02,310 [INFO] WebApp:225 - Starting web application
2025-04-09 08:05:02,310 [INFO] WebApp:593 - Web application path used /home/vdev/st/stm32cubeide_1.17.0_3/plugins/com.st.stm32cube.common.mx_6.14.0.202502271554/db/plugins/mcufinder/reactClient1/index.html
2025-04-09 08:05:03,159 [INFO] WebApp:191 - Connection restablished
2025-04-09 08:10:32,066 [ERROR] LogOutputStream:75 - [STDERR_REDIRECT] 
2025-04-09 08:10:32,067 [ERROR] LogOutputStream:75 - [STDERR_REDIRECT] 
2025-04-09 08:15:21,248 [INFO] Activator:176 - 


2025-04-09 08:15:21,250 [INFO] Activator:177 - !SESSION log4j initialized
2025-04-09 08:15:25,854 [INFO] LogOutputStream:77 - [STDOUT_REDIRECT] 
2025-04-09 08:15:26,791 [ERROR] LogOutputStream:75 - [STDERR_REDIRECT] Apr 09, 2025 8:15:26 AM org.glassfish.grizzly.http.server.NetworkListener start
2025-04-09 08:15:26,793 [ERROR] LogOutputStream:75 - [STDERR_REDIRECT] INFO: Started listener bound to [localhost:16721]
2025-04-09 08:15:26,793 [ERROR] LogOutputStream:75 - [STDERR_REDIRECT] 
2025-04-09 08:15:26,794 [ERROR] LogOutputStream:75 - [STDERR_REDIRECT] Apr 09, 2025 8:15:26 AM org.glassfish.grizzly.http.server.HttpServer start
2025-04-09 08:15:26,794 [ERROR] LogOutputStream:75 - [STDERR_REDIRECT] INFO: [HttpServer] Started.
2025-04-09 08:15:26,795 [ERROR] LogOutputStream:75 - [STDERR_REDIRECT] 
2025-04-09 08:15:27,801 [INFO] ApplicationProperties:184 - Using Application install path: /home/vdev/st/stm32cubeide_1.17.0_3/plugins/com.st.stm32cube.common.mx_6.14.0.202502271554
2025-04-09 08:15:27,825 [INFO] DbMcusXml:78 - Set database path to: /home/vdev/st/stm32cubeide_1.17.0_3/plugins/com.st.stm32cube.common.mx_6.14.0.202502271554//db//mcu/
2025-04-09 08:15:27,825 [INFO] ApiDb:274 - Set plugin database path to: /home/vdev/st/stm32cubeide_1.17.0_3/plugins/com.st.stm32cube.common.mx_6.14.0.202502271554//db//plugins/boardmanager/
2025-04-09 08:15:27,826 [WARN] ApiDb:259 - Overriding images path with different value:  => /home/vdev/st/stm32cubeide_1.17.0_3/plugins/com.st.stm32cube.common.mx_6.14.0.202502271554//db//plugins/mcufinder/images/
2025-04-09 08:15:27,831 [INFO] ApiDb:250 - Set database path to: /root/.stmcufinder/plugins/mcufinder//mcu/
2025-04-09 08:15:27,833 [INFO] DbMcusAds:125 - Set database path to: /root/.stmcufinder/plugins/mcufinder//mcu/
2025-04-09 08:15:27,873 [INFO] CrossReferenceDbSqlite:203 - Set database path to: /root/.stmcufinder/plugins/mcufinder//mcu/cs/
2025-04-09 08:15:27,971 [INFO] RulesReader:64 - Compatibility file has been processed (301 Rules)
2025-04-09 08:15:28,011 [INFO] DbMcusXml:78 - Set database path to: /home/vdev/st/stm32cubeide_1.17.0_3/plugins/com.st.stm32cube.common.mx_6.14.0.202502271554//db//mcu/
2025-04-09 08:15:28,011 [INFO] ApiDb:274 - Set plugin database path to: /home/vdev/st/stm32cubeide_1.17.0_3/plugins/com.st.stm32cube.common.mx_6.14.0.202502271554//db//plugins/boardmanager/
2025-04-09 08:15:28,011 [INFO] ApiDb:261 - Set plugin images path to: /home/vdev/st/stm32cubeide_1.17.0_3/plugins/com.st.stm32cube.common.mx_6.14.0.202502271554//db//plugins/mcufinder/images/
2025-04-09 08:15:28,011 [WARN] DbFile:41 - Overriding database path with different value: /root/.stmcufinder/plugins/mcufinder/ => /root/.stmcufinder/plugins/mcufinder
2025-04-09 08:15:28,011 [INFO] ApiDb:250 - Set database path to: /root/.stmcufinder/plugins/mcufinder//mcu/
2025-04-09 08:15:28,011 [WARN] DbFile:41 - Overriding database path with different value: /root/.stmcufinder/plugins/mcufinder/ => /root/.stmcufinder/plugins/mcufinder
2025-04-09 08:15:28,011 [INFO] DbMcusAds:125 - Set database path to: /root/.stmcufinder/plugins/mcufinder//mcu/
2025-04-09 08:15:28,012 [WARN] DbFile:41 - Overriding database path with different value: /root/.stmcufinder/plugins/mcufinder/ => /root/.stmcufinder/plugins/mcufinder
2025-04-09 08:15:28,012 [WARN] DbFile:41 - Overriding database path with different value: /root/.stmcufinder/plugins/mcufinder/ => /root/.stmcufinder/plugins/mcufinder
2025-04-09 08:15:28,049 [INFO] CrossReferenceDbSqlite:203 - Set database path to: /root/.stmcufinder/plugins/mcufinder//mcu/cs/
2025-04-09 08:15:28,178 [INFO] MainPanel:272 - HeapMemory: 268435456
2025-04-09 08:15:28,345 [INFO] DbMcusXml:78 - Set database path to: /home/vdev/st/stm32cubeide_1.17.0_3/plugins/com.st.stm32cube.common.mx_6.14.0.202502271554//db//mcu/
2025-04-09 08:15:28,345 [INFO] ApiDb:274 - Set plugin database path to: /home/vdev/st/stm32cubeide_1.17.0_3/plugins/com.st.stm32cube.common.mx_6.14.0.202502271554//db//plugins/boardmanager/
2025-04-09 08:15:28,345 [INFO] ApiDb:261 - Set plugin images path to: /home/vdev/st/stm32cubeide_1.17.0_3/plugins/com.st.stm32cube.common.mx_6.14.0.202502271554//db//plugins/mcufinder/images/
2025-04-09 08:15:28,345 [WARN] DbFile:41 - Overriding database path with different value: /root/.stmcufinder/plugins/mcufinder/ => /root/.stmcufinder/plugins/mcufinder
2025-04-09 08:15:28,345 [INFO] ApiDb:250 - Set database path to: /root/.stmcufinder/plugins/mcufinder//mcu/
2025-04-09 08:15:28,346 [WARN] DbFile:41 - Overriding database path with different value: /root/.stmcufinder/plugins/mcufinder/ => /root/.stmcufinder/plugins/mcufinder
2025-04-09 08:15:28,346 [INFO] DbMcusAds:125 - Set database path to: /root/.stmcufinder/plugins/mcufinder//mcu/
2025-04-09 08:15:28,346 [WARN] DbFile:41 - Overriding database path with different value: /root/.stmcufinder/plugins/mcufinder/ => /root/.stmcufinder/plugins/mcufinder
2025-04-09 08:15:28,346 [WARN] DbFile:41 - Overriding database path with different value: /root/.stmcufinder/plugins/mcufinder/ => /root/.stmcufinder/plugins/mcufinder
2025-04-09 08:15:28,383 [INFO] CrossReferenceDbSqlite:203 - Set database path to: /root/.stmcufinder/plugins/mcufinder//mcu/cs/
2025-04-09 08:15:28,415 [INFO] ApplicationProperties:184 - Using Application install path: /home/vdev/st/stm32cubeide_1.17.0_3/plugins/com.st.stm32cube.common.mx_6.14.0.202502271554
2025-04-09 08:15:28,419 [INFO] PluginManage:196 - Search for loadable plugins [exclusion list=, ]
2025-04-09 08:15:28,422 [INFO] PluginManage:310 - Check plugin analytics
2025-04-09 08:15:28,762 [INFO] AnalyticsPlugin:253 - Accepted Software Licenses: 
2025-04-09 08:15:28,762 [INFO] AnalyticsPlugin:255 - Accepted CMSIS Pack Licenses: 
2025-04-09 08:15:28,763 [INFO] AnalyticsPlugin:257 - Accepted Firmware Licenses: 
2025-04-09 08:15:28,766 [INFO] PluginManage:359 - Loaded plugin analytics (category:tool,tabindex:-1)
2025-04-09 08:15:28,766 [INFO] PluginManage:310 - Check plugin cadmodel
2025-04-09 08:15:28,769 [INFO] CADModel:105 - Init CAD model plugin
2025-04-09 08:15:28,769 [INFO] PluginManage:359 - Loaded plugin cadmodel (category:power,tabindex:5)
2025-04-09 08:15:28,770 [INFO] PluginManage:310 - Check plugin clock
2025-04-09 08:15:28,777 [INFO] PluginManage:359 - Loaded plugin clock (category:base,tabindex:2)
2025-04-09 08:15:28,777 [INFO] PluginManage:310 - Check plugin ddr
2025-04-09 08:15:28,779 [INFO] PluginManage:359 - Loaded plugin ddr (category:tool,tabindex:6)
2025-04-09 08:15:28,779 [INFO] PluginManage:310 - Check plugin filemanager
2025-04-09 08:15:28,922 [INFO] PluginManage:359 - Loaded plugin filemanager (category:base,tabindex:10)
2025-04-09 08:15:28,922 [INFO] PluginManage:310 - Check plugin ipmanager
2025-04-09 08:15:28,926 [INFO] PluginManage:359 - Loaded plugin ipmanager (category:base,tabindex:5)
2025-04-09 08:15:28,926 [INFO] PluginManage:310 - Check plugin lpbam
2025-04-09 08:15:28,935 [INFO] PluginManage:359 - Loaded plugin lpbam (category:base,tabindex:0)
2025-04-09 08:15:28,935 [INFO] PluginManage:310 - Check plugin memorymap
2025-04-09 08:15:28,947 [INFO] PluginManage:359 - Loaded plugin memorymap (category:base,tabindex:4)
2025-04-09 08:15:28,947 [INFO] PluginManage:310 - Check plugin pinoutandconfiguration
2025-04-09 08:15:28,955 [INFO] PluginManage:359 - Loaded plugin pinoutandconfiguration (category:base,tabindex:1)
2025-04-09 08:15:28,955 [INFO] PluginManage:310 - Check plugin pinoutconfig
2025-04-09 08:15:29,063 [WARN] SupportedApi:132 - Cannot load RTOS API schema: s4s-elt-must-match.1: The content of 'definitions' must match (annotation?, (simpleType | complexType)?, (unique | key | keyref)*)). A problem was found starting at: attribute.
2025-04-09 08:15:29,224 [INFO] PluginManage:359 - Loaded plugin pinoutconfig (category:base,tabindex:0)
2025-04-09 08:15:29,224 [INFO] PluginManage:310 - Check plugin power
2025-04-09 08:15:29,235 [INFO] PluginManage:359 - Loaded plugin power (category:power,tabindex:4)
2025-04-09 08:15:29,235 [INFO] PluginManage:310 - Check plugin projectmanager
2025-04-09 08:15:29,257 [INFO] PluginManage:359 - Loaded plugin projectmanager (category:projectmanager,tabindex:4)
2025-04-09 08:15:29,257 [INFO] PluginManage:310 - Check plugin rif
2025-04-09 08:15:29,266 [INFO] PluginManage:359 - Loaded plugin rif (category:base,tabindex:3)
2025-04-09 08:15:29,266 [INFO] PluginManage:310 - Check plugin thirdparty
2025-04-09 08:15:29,428 [WARN] IntegrityCheckThread:84 - waiting for thirdparty lock release [integrity check]
2025-04-09 08:15:29,429 [INFO] PluginManage:359 - Loaded plugin thirdparty (category:base,tabindex:-1)
2025-04-09 08:15:29,429 [INFO] PluginManage:310 - Check plugin tools
2025-04-09 08:15:29,429 [INFO] IntegrityCheckThread:86 - entering critical section [integrity check]
2025-04-09 08:15:29,431 [INFO] ThirdPartyUpdaterWithRetryManager:70 - Updater plugin not ready yet. [1/15]
2025-04-09 08:15:29,434 [INFO] PluginManage:359 - Loaded plugin tools (category:base,tabindex:7)
2025-04-09 08:15:29,434 [INFO] PluginManage:310 - Check plugin tutovideos
2025-04-09 08:15:29,692 [INFO] PluginManage:359 - Loaded plugin tutovideos (category:base,tabindex:-1)
2025-04-09 08:15:29,692 [INFO] PluginManage:310 - Check plugin updater
2025-04-09 08:15:29,717 [INFO] PluginManage:359 - Loaded plugin updater (category:base,tabindex:12)
2025-04-09 08:15:29,717 [INFO] PluginManage:310 - Check plugin userauth
2025-04-09 08:15:29,722 [INFO] UserAuth:118 - Init User Auth plugin
2025-04-09 08:15:29,723 [INFO] PluginManage:359 - Loaded plugin userauth (category:base,tabindex:14)
2025-04-09 08:15:29,724 [INFO] PluginManage:283 - PluginManage : Loaded plugins [18]
2025-04-09 08:15:29,928 [INFO] PinOutPanel:1589 - setPackage(No Configuration,No Configuration)
2025-04-09 08:15:29,990 [INFO] CADModel:165 - CPN selected for project level
2025-04-09 08:15:29,990 [INFO] CADModel:114 - Register for checkConnection events
2025-04-09 08:15:30,002 [INFO] IPUIPlugin:80 - create IPUIPlugin
2025-04-09 08:15:30,003 [INFO] PluginManager:220 - loadIPPluginJar : add aes
2025-04-09 08:15:30,004 [INFO] IPUIPlugin:80 - create IPUIPlugin
2025-04-09 08:15:30,005 [INFO] PluginManager:220 - loadIPPluginJar : add gfxmmu
2025-04-09 08:15:30,007 [INFO] IPUIPlugin:80 - create IPUIPlugin
2025-04-09 08:15:30,007 [INFO] PluginManager:220 - loadIPPluginJar : add spi
2025-04-09 08:15:30,008 [INFO] IPUIPlugin:80 - create IPUIPlugin
2025-04-09 08:15:30,009 [INFO] PluginManager:220 - loadIPPluginJar : add tim
2025-04-09 08:15:30,014 [INFO] IPUIPlugin:80 - create IPUIPlugin
2025-04-09 08:15:30,015 [INFO] PluginManager:220 - loadIPPluginJar : add dma
2025-04-09 08:15:30,020 [INFO] IPUIPlugin:80 - create IPUIPlugin
2025-04-09 08:15:30,020 [INFO] PluginManager:220 - loadIPPluginJar : add fmc
2025-04-09 08:15:30,022 [INFO] IPUIPlugin:80 - create IPUIPlugin
2025-04-09 08:15:30,022 [INFO] PluginManager:220 - loadIPPluginJar : add ts
2025-04-09 08:15:30,023 [INFO] IPUIPlugin:80 - create IPUIPlugin
2025-04-09 08:15:30,023 [INFO] PluginManager:220 - loadIPPluginJar : add genericplugin
2025-04-09 08:15:30,025 [INFO] IPUIPlugin:80 - create IPUIPlugin
2025-04-09 08:15:30,025 [INFO] PluginManager:220 - loadIPPluginJar : add usart
2025-04-09 08:15:30,027 [INFO] IPUIPlugin:80 - create IPUIPlugin
2025-04-09 08:15:30,027 [INFO] PluginManager:220 - loadIPPluginJar : add dfsdm
2025-04-09 08:15:30,030 [INFO] IPUIPlugin:80 - create IPUIPlugin
2025-04-09 08:15:30,030 [INFO] PluginManager:220 - loadIPPluginJar : add gpio
2025-04-09 08:15:30,032 [INFO] IPUIPlugin:80 - create IPUIPlugin
2025-04-09 08:15:30,032 [INFO] PluginManager:220 - loadIPPluginJar : add tracer_emb
2025-04-09 08:15:30,034 [INFO] IPUIPlugin:80 - create IPUIPlugin
2025-04-09 08:15:30,035 [INFO] PluginManager:220 - loadIPPluginJar : add i2s
2025-04-09 08:15:30,037 [INFO] IPUIPlugin:80 - create IPUIPlugin
2025-04-09 08:15:30,037 [INFO] PluginManager:220 - loadIPPluginJar : add lorawan
2025-04-09 08:15:30,040 [INFO] IPUIPlugin:80 - create IPUIPlugin
2025-04-09 08:15:30,040 [INFO] PluginManager:220 - loadIPPluginJar : add extmemmanager
2025-04-09 08:15:30,042 [INFO] IPUIPlugin:80 - create IPUIPlugin
2025-04-09 08:15:30,042 [INFO] PluginManager:220 - loadIPPluginJar : add gtzc
2025-04-09 08:15:30,044 [INFO] IPUIPlugin:80 - create IPUIPlugin
2025-04-09 08:15:30,044 [INFO] PluginManager:220 - loadIPPluginJar : add ddr_ctrl_phy
2025-04-09 08:15:30,047 [INFO] IPUIPlugin:80 - create IPUIPlugin
2025-04-09 08:15:30,047 [INFO] PluginManager:220 - loadIPPluginJar : add i3c
2025-04-09 08:15:30,048 [INFO] IPUIPlugin:80 - create IPUIPlugin
2025-04-09 08:15:30,048 [INFO] PluginManager:220 - loadIPPluginJar : add fatfs
2025-04-09 08:15:30,049 [INFO] IPUIPlugin:80 - create IPUIPlugin
2025-04-09 08:15:30,049 [INFO] PluginManager:220 - loadIPPluginJar : add tsc
2025-04-09 08:15:30,051 [INFO] IPUIPlugin:80 - create IPUIPlugin
2025-04-09 08:15:30,051 [INFO] PluginManager:220 - loadIPPluginJar : add hash
2025-04-09 08:15:30,053 [INFO] IPUIPlugin:80 - create IPUIPlugin
2025-04-09 08:15:30,053 [INFO] PluginManager:220 - loadIPPluginJar : add ucpd
2025-04-09 08:15:30,056 [INFO] IPUIPlugin:80 - create IPUIPlugin
2025-04-09 08:15:30,056 [INFO] PluginManager:220 - loadIPPluginJar : add touchsensing
2025-04-09 08:15:30,058 [INFO] IPUIPlugin:80 - create IPUIPlugin
2025-04-09 08:15:30,059 [INFO] PluginManager:220 - loadIPPluginJar : add pdm2pcm
2025-04-09 08:15:30,064 [INFO] IPUIPlugin:80 - create IPUIPlugin
2025-04-09 08:15:30,064 [INFO] PluginManager:220 - loadIPPluginJar : add mdma
2025-04-09 08:15:30,065 [INFO] IPUIPlugin:80 - create IPUIPlugin
2025-04-09 08:15:30,065 [INFO] PluginManager:220 - loadIPPluginJar : add ltdc
2025-04-09 08:15:30,070 [INFO] IPUIPlugin:80 - create IPUIPlugin
2025-04-09 08:15:30,070 [INFO] PluginManager:220 - loadIPPluginJar : add gic
2025-04-09 08:15:30,072 [INFO] IPUIPlugin:80 - create IPUIPlugin
2025-04-09 08:15:30,073 [INFO] PluginManager:220 - loadIPPluginJar : add usbx
2025-04-09 08:15:30,075 [INFO] IPUIPlugin:80 - create IPUIPlugin
2025-04-09 08:15:30,075 [INFO] PluginManager:220 - loadIPPluginJar : add can
2025-04-09 08:15:30,077 [INFO] IPUIPlugin:80 - create IPUIPlugin
2025-04-09 08:15:30,078 [INFO] PluginManager:220 - loadIPPluginJar : add resmgrutility
2025-04-09 08:15:30,079 [INFO] IPUIPlugin:80 - create IPUIPlugin
2025-04-09 08:15:30,079 [INFO] PluginManager:220 - loadIPPluginJar : add dma3
2025-04-09 08:15:30,085 [INFO] IPUIPlugin:80 - create IPUIPlugin
2025-04-09 08:15:30,087 [INFO] PluginManager:220 - loadIPPluginJar : add plateformsettings
2025-04-09 08:15:30,090 [INFO] IPUIPlugin:80 - create IPUIPlugin
2025-04-09 08:15:30,090 [INFO] PluginManager:220 - loadIPPluginJar : add openamp
2025-04-09 08:15:30,092 [INFO] IPUIPlugin:80 - create IPUIPlugin
2025-04-09 08:15:30,092 [INFO] PluginManager:220 - loadIPPluginJar : add cryp
2025-04-09 08:15:30,098 [INFO] IPUIPlugin:80 - create IPUIPlugin
2025-04-09 08:15:30,099 [INFO] PluginManager:220 - loadIPPluginJar : add linkedlist
2025-04-09 08:15:30,100 [INFO] IPUIPlugin:80 - create IPUIPlugin
2025-04-09 08:15:30,100 [INFO] PluginManager:220 - loadIPPluginJar : add comp
2025-04-09 08:15:30,106 [INFO] IPUIPlugin:80 - create IPUIPlugin
2025-04-09 08:15:30,106 [INFO] PluginManager:220 - loadIPPluginJar : add adc
2025-04-09 08:15:30,108 [INFO] IPUIPlugin:80 - create IPUIPlugin
2025-04-09 08:15:30,108 [INFO] PluginManager:220 - loadIPPluginJar : add i2c
2025-04-09 08:15:30,110 [INFO] IPUIPlugin:80 - create IPUIPlugin
2025-04-09 08:15:30,110 [INFO] PluginManager:220 - loadIPPluginJar : add radio
2025-04-09 08:15:30,114 [INFO] IPUIPlugin:80 - create IPUIPlugin
2025-04-09 08:15:30,115 [INFO] PluginManager:220 - loadIPPluginJar : add freertos
2025-04-09 08:15:30,117 [INFO] IPUIPlugin:80 - create IPUIPlugin
2025-04-09 08:15:30,117 [INFO] PluginManager:220 - loadIPPluginJar : add sai
2025-04-09 08:15:30,119 [INFO] IPUIPlugin:80 - create IPUIPlugin
2025-04-09 08:15:30,119 [INFO] PluginManager:220 - loadIPPluginJar : add nvic
2025-04-09 08:15:30,121 [INFO] IPUIPlugin:80 - create IPUIPlugin
2025-04-09 08:15:30,122 [INFO] PluginManager:220 - loadIPPluginJar : add ipddr
2025-04-09 08:15:30,127 [INFO] IPUIPlugin:80 - create IPUIPlugin
2025-04-09 08:15:30,127 [INFO] PluginManager:220 - loadIPPluginJar : add stm32_wpan
2025-04-09 08:15:30,128 [INFO] IPUIPlugin:80 - create IPUIPlugin
2025-04-09 08:15:30,128 [INFO] PluginManager:220 - loadIPPluginJar : add quadspi
2025-04-09 08:15:30,130 [INFO] IPUIPlugin:80 - create IPUIPlugin
2025-04-09 08:15:30,130 [INFO] PluginManager:220 - loadIPPluginJar : add opamp
2025-04-09 08:15:30,233 [FATAL] Updater:351 - Updater called before beeing initialized
2025-04-09 08:15:30,258 [INFO] RulesReader:64 - Compatibility file has been processed (301 Rules)
2025-04-09 08:15:30,269 [INFO] RulesReader:64 - Compatibility file has been processed (301 Rules)
2025-04-09 08:15:30,276 [INFO] CADModel:165 - CPN selected for project level
2025-04-09 08:15:30,276 [INFO] CADModel:114 - Register for checkConnection events
2025-04-09 08:15:30,276 [FATAL] Updater:351 - Updater called before beeing initialized
2025-04-09 08:15:30,276 [ERROR] CADModel:125 - Updater not yet initialized, retry later 
2025-04-09 08:15:30,419 [FATAL] Updater:351 - Updater called before beeing initialized
2025-04-09 08:15:30,421 [INFO] CADModel:165 - CPN selected for project level
2025-04-09 08:15:30,421 [INFO] CADModel:114 - Register for checkConnection events
2025-04-09 08:15:30,421 [FATAL] Updater:351 - Updater called before beeing initialized
2025-04-09 08:15:30,421 [ERROR] CADModel:125 - Updater not yet initialized, retry later 
2025-04-09 08:15:30,426 [FATAL] Updater:351 - Updater called before beeing initialized
2025-04-09 08:15:30,525 [FATAL] Updater:351 - Updater called before beeing initialized
2025-04-09 08:15:30,529 [INFO] DbMcusAds:53 - JSON generation date=Thu Sep 30 12:25:09 IST 2021 (1632984909247)
2025-04-09 08:15:30,529 [FATAL] Updater:351 - Updater called before beeing initialized
2025-04-09 08:15:30,564 [WARN] DetailPanel:346 - Failed to get advertising image, set to default
2025-04-09 08:15:30,921 [FATAL] Updater:351 - Updater called before beeing initialized
2025-04-09 08:15:30,922 [FATAL] Updater:351 - Updater called before beeing initialized
2025-04-09 08:15:30,922 [FATAL] Updater:351 - Updater called before beeing initialized
2025-04-09 08:15:30,923 [WARN] DetailPanel:346 - Failed to get advertising image, set to default
2025-04-09 08:15:30,924 [FATAL] Updater:351 - Updater called before beeing initialized
2025-04-09 08:15:30,965 [ERROR] Updater:1198 - MainUpdater not yet initialized. External WinMGr cannot be set.
2025-04-09 08:15:30,967 [INFO] Updater:1134 - Updater Version found : 6.14.0
2025-04-09 08:15:30,991 [INFO] ApplicationProperties:184 - Using Application install path: /home/vdev/st/stm32cubeide_1.17.0_3/plugins/com.st.stm32cube.common.mx_6.14.0.202502271554
2025-04-09 08:15:31,791 [INFO] MainUpdater:2872 - connection check result : 10
2025-04-09 08:15:31,792 [INFO] MainUpdater:289 - Updater Check For Update Now.
2025-04-09 08:15:31,792 [INFO] MicroXplorer:498 - Change Database Version : DB.6.0.140
2025-04-09 08:15:31,804 [INFO] McuFinderGlobals:63 - Set McuFinder mode to 2 (CubeIDE integrated)
2025-04-09 08:15:31,804 [INFO] UserAuth:171 - activating auth plugin
2025-04-09 08:15:31,809 [INFO] UserAuth:486 - Internet connection configuration mode: 1
2025-04-09 08:15:31,837 [INFO] JxBrowserEngine:152 - Initiate JxBrowser Engine with user profile folder
2025-04-09 08:15:32,090 [INFO] CheckServerUpdateThread:120 - End of CheckServer Thread
2025-04-09 08:15:32,758 [WARN] PackLoader:240 - Cannot read IP mode file for STMicroelectronics.FP-SNS-MOTENVWB1.1.4.0
2025-04-09 08:15:32,774 [WARN] PackLoader:240 - Cannot read IP mode file for STMicroelectronics.FP-ATR-ASTRA1.2.0.1
2025-04-09 08:15:32,788 [WARN] PackLoader:240 - Cannot read IP mode file for STMicroelectronics.X-CUBE-SMBUS.2.1.0
2025-04-09 08:15:32,802 [WARN] PackLoader:240 - Cannot read IP mode file for STMicroelectronics.X-CUBE-WB05N.1.1.0
2025-04-09 08:15:32,879 [WARN] PackLoader:240 - Cannot read IP mode file for STMicroelectronics.X-CUBE-AZRTOS-F7.1.1.0
2025-04-09 08:15:32,921 [WARN] PackLoader:240 - Cannot read IP mode file for STMicroelectronics.FP-SNS-FLIGHT1.5.0.2
2025-04-09 08:15:32,936 [INFO] WebApp:169 - Instantiating new browser for Auth
2025-04-09 08:15:32,984 [WARN] PackLoader:240 - Cannot read IP mode file for Infineon.AIROC-Wi-Fi-Bluetooth-STM32.1.7.0
2025-04-09 08:15:33,027 [WARN] PackLoader:240 - Cannot read IP mode file for STMicroelectronics.X-CUBE-DISPLAY.3.0.0
2025-04-09 08:15:33,041 [WARN] PackLoader:240 - Cannot read IP mode file for STMicroelectronics.X-CUBE-BLE1.7.0.0
2025-04-09 08:15:33,052 [WARN] PackLoader:240 - Cannot read IP mode file for STMicroelectronics.X-CUBE-NFC10.1.0.0
2025-04-09 08:15:33,082 [WARN] PackLoader:240 - Cannot read IP mode file for STMicroelectronics.X-CUBE-BLEMGR.4.0.0
2025-04-09 08:15:33,099 [WARN] PackLoader:240 - Cannot read IP mode file for emotas.I-CUBE-CANOPEN.1.3.0
2025-04-09 08:15:33,105 [WARN] PackLoader:240 - Cannot read IP mode file for STMicroelectronics.X-CUBE-AI.10.0.0
2025-04-09 08:15:33,141 [WARN] PackLoader:240 - Cannot read IP mode file for STMicroelectronics.FP-SNS-SMARTAG2.1.2.0
2025-04-09 08:15:33,275 [WARN] PackLoader:240 - Cannot read IP mode file for STMicroelectronics.X-CUBE-MEMS1.11.1.0
2025-04-09 08:15:33,550 [INFO] LogOutputStream:77 - [STDOUT_REDIRECT] 1 : Invalid condition id : UX_CORESTACK_Condition cause : null
2025-04-09 08:15:33,551 [INFO] LogOutputStream:77 - [STDOUT_REDIRECT] 1 : Invalid condition id : UX_CORESTACK_Condition cause : null
2025-04-09 08:15:33,551 [INFO] LogOutputStream:77 - [STDOUT_REDIRECT] 1 : Invalid condition id : UX_CORESTACK_Condition cause : null
2025-04-09 08:15:33,552 [INFO] LogOutputStream:77 - [STDOUT_REDIRECT] 1 : Invalid condition id : UX_CORESTACK_Condition cause : null
2025-04-09 08:15:33,552 [INFO] LogOutputStream:77 - [STDOUT_REDIRECT] 1 : Invalid condition id : UX_CORESTACK_Condition cause : null
2025-04-09 08:15:33,561 [WARN] PackLoader:240 - Cannot read IP mode file for STMicroelectronics.X-CUBE-AZRTOS-WL.2.0.0
2025-04-09 08:15:33,575 [WARN] PackLoader:240 - Cannot read IP mode file for STMicroelectronics.FP-SNS-MOTENV1.5.0.0
2025-04-09 08:15:33,585 [WARN] PackLoader:240 - Cannot read IP mode file for wolfSSL.I-CUBE-wolfMQTT.1.19.0
2025-04-09 08:15:33,600 [WARN] PackLoader:240 - Cannot read IP mode file for WES.I-CUBE-Cesium.1.3.0
2025-04-09 08:15:33,606 [WARN] PackLoader:240 - Cannot read IP mode file for STMicroelectronics.X-CUBE-BLE2.3.3.0
2025-04-09 08:15:33,614 [WARN] PackLoader:240 - Cannot read IP mode file for STMicroelectronics.X-CUBE-NFC9.1.0.0
2025-04-09 08:15:33,622 [WARN] PackLoader:240 - Cannot read IP mode file for STMicroelectronics.X-CUBE-BLE1.7.1.0
2025-04-09 08:15:33,644 [WARN] PackLoader:240 - Cannot read IP mode file for STMicroelectronics.X-CUBE-AZRTOS-G0.1.1.0
2025-04-09 08:15:33,652 [WARN] PackLoader:240 - Cannot read IP mode file for STMicroelectronics.X-CUBE-SAFEA1.1.2.2
2025-04-09 08:15:33,658 [WARN] PackLoader:240 - Cannot read IP mode file for STMicroelectronics.X-CUBE-NFC4.3.0.0
2025-04-09 08:15:33,668 [WARN] PackLoader:240 - Cannot read IP mode file for EmbeddedOffice.I-CUBE-FS-RTOS.1.0.1
2025-04-09 08:15:33,675 [WARN] PackLoader:240 - Cannot read IP mode file for STMicroelectronics.X-CUBE-TCPP.4.2.0
2025-04-09 08:15:33,681 [WARN] PackLoader:240 - Cannot read IP mode file for RealThread.X-CUBE-RT-Thread_Nano.4.1.1
2025-04-09 08:15:33,688 [WARN] PackLoader:240 - Cannot read IP mode file for STMicroelectronics.FP-ATR-SIGFOX1.3.2.0
2025-04-09 08:15:33,693 [WARN] ConditionMgr:438 - getConditionDescription Invalid condition id : Cortex-A Device cause : null
2025-04-09 08:15:33,707 [WARN] ConditionMgr:1044 - genDependencies : Invalid condition id : Cortex-A Device cause : null
2025-04-09 08:15:33,707 [WARN] ConditionMgr:1044 - genDependencies : Invalid condition id : Cortex-A Device cause : null
2025-04-09 08:15:33,708 [WARN] ConditionMgr:1044 - genDependencies : Invalid condition id : Cortex-A Device cause : null
2025-04-09 08:15:33,715 [WARN] PackLoader:240 - Cannot read IP mode file for STMicroelectronics.X-CUBE-EEPRMA1.5.1.0
2025-04-09 08:15:33,722 [WARN] PackLoader:240 - Cannot read IP mode file for wolfSSL.I-CUBE-wolfSSL.5.7.6
2025-04-09 08:15:33,732 [WARN] PackLoader:240 - Cannot read IP mode file for ITTIA_DB.I-CUBE-ITTIADB.8.9.0
2025-04-09 08:15:33,784 [WARN] PackLoader:240 - Cannot read IP mode file for SEGGER.I-CUBE-embOS.1.3.1
2025-04-09 08:15:33,841 [WARN] PackLoader:240 - Cannot read IP mode file for STMicroelectronics.X-CUBE-ALGOBUILD.1.4.0
2025-04-09 08:15:33,863 [WARN] PackLoader:240 - Cannot read IP mode file for STMicroelectronics.X-CUBE-AZRTOS-F4.1.1.0
2025-04-09 08:15:33,869 [WARN] PackLoader:240 - Cannot read IP mode file for STMicroelectronics.X-CUBE-ISPU.2.1.0
2025-04-09 08:15:33,894 [WARN] PackLoader:240 - Cannot read IP mode file for STMicroelectronics.X-CUBE-AZRTOS-L5.2.0.0
2025-04-09 08:15:33,907 [WARN] PackLoader:240 - Cannot read IP mode file for STMicroelectronics.X-CUBE-NFC6.3.1.0
2025-04-09 08:15:33,915 [WARN] PackLoader:240 - Cannot read IP mode file for STMicroelectronics.X-CUBE-DPower.1.2.0
2025-04-09 08:15:33,920 [WARN] PackLoader:240 - Cannot read IP mode file for STMicroelectronics.X-CUBE-FREERTOS.1.3.0
2025-04-09 08:15:33,927 [WARN] PackLoader:240 - Cannot read IP mode file for STMicroelectronics.X-CUBE-NFC7.1.0.1
2025-04-09 08:15:33,932 [WARN] PackLoader:240 - Cannot read IP mode file for STMicroelectronics.X-CUBE-DPower.1.3.0
2025-04-09 08:15:33,954 [WARN] ConditionMgr:438 - getConditionDescription Invalid condition id : LAN8742 Phy interface Condition cause : null
2025-04-09 08:15:33,955 [WARN] PackLoader:240 - Cannot read IP mode file for STMicroelectronics.X-CUBE-AZRTOS-L4.2.0.0
2025-04-09 08:15:33,958 [WARN] ConditionMgr:1044 - genDependencies : Invalid condition id : LAN8742 Phy interface Condition cause : null
2025-04-09 08:15:33,959 [WARN] ConditionMgr:1044 - genDependencies : Invalid condition id : LAN8742 Phy interface Condition cause : null
2025-04-09 08:15:33,960 [WARN] ConditionMgr:1044 - genDependencies : Invalid condition id : LAN8742 Phy interface Condition cause : null
2025-04-09 08:15:33,968 [WARN] PackLoader:240 - Cannot read IP mode file for STMicroelectronics.X-CUBE-SFXS2LP1.4.0.0
2025-04-09 08:15:33,990 [WARN] PackLoader:240 - Cannot read IP mode file for STMicroelectronics.X-CUBE-AZRTOS-H7.3.3.0
2025-04-09 08:15:34,009 [WARN] ConditionMgr:438 - getConditionDescription Invalid condition id : UX DEVICE CLASS RTOS Condition cause : null
2025-04-09 08:15:34,009 [WARN] ConditionMgr:438 - getConditionDescription Invalid condition id : UX DEVICE CLASS RTOS Condition cause : null
2025-04-09 08:15:34,012 [WARN] PackLoader:240 - Cannot read IP mode file for STMicroelectronics.X-CUBE-AZRTOS-WB.2.0.0
2025-04-09 08:15:34,013 [WARN] ConditionMgr:1044 - genDependencies : Invalid condition id : UX DEVICE CLASS RTOS Condition cause : null
2025-04-09 08:15:34,013 [WARN] ConditionMgr:1044 - genDependencies : Invalid condition id : UX DEVICE CLASS RTOS Condition cause : null
2025-04-09 08:15:34,014 [WARN] ConditionMgr:1044 - genDependencies : Invalid condition id : UX DEVICE CLASS RTOS Condition cause : null
2025-04-09 08:15:34,014 [WARN] ConditionMgr:1044 - genDependencies : Invalid condition id : UX DEVICE CLASS RTOS Condition cause : null
2025-04-09 08:15:34,015 [WARN] ConditionMgr:1044 - genDependencies : Invalid condition id : UX DEVICE CLASS RTOS Condition cause : null
2025-04-09 08:15:34,020 [WARN] PackLoader:240 - Cannot read IP mode file for STMicroelectronics.X-CUBE-GNSS1.7.0.1
2025-04-09 08:15:34,026 [WARN] PackLoader:240 - Cannot read IP mode file for STMicroelectronics.X-CUBE-TOUCHGFX.4.25.0
2025-04-09 08:15:34,031 [WARN] PackLoader:240 - Cannot read IP mode file for STMicroelectronics.FP-SNS-STBOX1.2.0.0
2025-04-09 08:15:34,042 [WARN] PackLoader:240 - Cannot read IP mode file for STMicroelectronics.X-CUBE-SUBG2.5.0.0
2025-04-09 08:15:34,070 [WARN] PackLoader:240 - Cannot read IP mode file for STMicroelectronics.X-CUBE-AZRTOS-H7RS.1.1.0
2025-04-09 08:15:34,099 [WARN] PackLoader:240 - Cannot read IP mode file for Cesanta.I-CUBE-Mongoose.7.13.0
2025-04-09 08:15:34,119 [WARN] PackLoader:240 - Cannot read IP mode file for STMicroelectronics.X-CUBE-AZRTOS-G4.2.0.0
2025-04-09 08:15:34,140 [WARN] PackLoader:240 - Cannot read IP mode file for STMicroelectronics.X-CUBE-IPS.3.1.0
2025-04-09 08:15:34,152 [WARN] PackLoader:240 - Cannot read IP mode file for STMicroelectronics.X-CUBE-ALS.1.0.2
2025-04-09 08:15:34,157 [WARN] PackLoader:240 - Cannot read IP mode file for STMicroelectronics.X-CUBE-TOUCHGFX.4.24.2
2025-04-09 08:15:34,160 [WARN] PackLoader:240 - Cannot read IP mode file for wolfSSL.I-CUBE-wolfTPM.3.4.0
2025-04-09 08:15:34,165 [WARN] PackLoader:240 - Cannot read IP mode file for portGmbH.I-Cube-SoM-uGOAL.1.1.0
2025-04-09 08:15:34,189 [WARN] PackLoader:240 - Cannot read IP mode file for STMicroelectronics.X-CUBE-AZRTOS-H7RS.1.0.0
2025-04-09 08:15:34,206 [WARN] PackLoader:240 - Cannot read IP mode file for STMicroelectronics.X-CUBE-TOF1.3.4.2
2025-04-09 08:15:34,224 [WARN] PackLoader:240 - Cannot read IP mode file for wolfSSL.I-CUBE-wolfSSH.1.4.17
2025-04-09 08:15:34,225 [INFO] ThirdParty:978 - Integrity check success = true
2025-04-09 08:15:34,225 [INFO] IntegrityCheckThread:100 - exiting critical section [integrity check]
2025-04-09 08:15:34,225 [INFO] IntegrityCheckThread:103 - End integrity checks thread
2025-04-09 08:15:34,649 [INFO] WebApp:463 - Apply proxy settings
2025-04-09 08:15:34,650 [INFO] WebApp:548 - Chromium requires no authentication
2025-04-09 08:15:34,655 [INFO] WebApp:491 - Direct internet connection detected
2025-04-09 08:15:34,669 [INFO] WebApp:894 - Register for checkConnection events
2025-04-09 08:15:34,669 [INFO] WebApp:463 - Apply proxy settings
2025-04-09 08:15:34,669 [INFO] WebApp:548 - Chromium requires no authentication
2025-04-09 08:15:34,670 [INFO] WebApp:491 - Direct internet connection detected
2025-04-09 08:15:34,779 [INFO] WebApp:225 - Starting web application
2025-04-09 08:15:34,779 [INFO] WebApp:593 - Web application path used /home/vdev/st/stm32cubeide_1.17.0_3/plugins/com.st.stm32cube.common.mx_6.14.0.202502271554/db/plugins/mcufinder/reactClient1/index.html
2025-04-09 08:15:37,719 [INFO] WebApp:191 - Connection restablished
2025-04-09 08:18:49,150 [ERROR] LogOutputStream:75 - [STDERR_REDIRECT] 
2025-04-09 08:18:49,152 [ERROR] LogOutputStream:75 - [STDERR_REDIRECT] 
2025-04-09 08:26:46,760 [INFO] Activator:176 - 


2025-04-09 08:26:46,762 [INFO] Activator:177 - !SESSION log4j initialized
2025-04-09 08:26:51,890 [INFO] LogOutputStream:77 - [STDOUT_REDIRECT] 
2025-04-09 08:26:52,561 [ERROR] LogOutputStream:75 - [STDERR_REDIRECT] Apr 09, 2025 8:26:52 AM org.glassfish.grizzly.http.server.NetworkListener start
2025-04-09 08:26:52,562 [ERROR] LogOutputStream:75 - [STDERR_REDIRECT] INFO: Started listener bound to [localhost:16721]
2025-04-09 08:26:52,562 [ERROR] LogOutputStream:75 - [STDERR_REDIRECT] 
2025-04-09 08:26:52,563 [ERROR] LogOutputStream:75 - [STDERR_REDIRECT] Apr 09, 2025 8:26:52 AM org.glassfish.grizzly.http.server.HttpServer start
2025-04-09 08:26:52,563 [ERROR] LogOutputStream:75 - [STDERR_REDIRECT] INFO: [HttpServer] Started.
2025-04-09 08:26:52,563 [ERROR] LogOutputStream:75 - [STDERR_REDIRECT] 
2025-04-09 08:26:53,960 [INFO] ApplicationProperties:184 - Using Application install path: /home/vdev/st/stm32cubeide_1.17.0_3/plugins/com.st.stm32cube.common.mx_6.14.0.202502271554
2025-04-09 08:26:53,980 [INFO] DbMcusXml:78 - Set database path to: /home/vdev/st/stm32cubeide_1.17.0_3/plugins/com.st.stm32cube.common.mx_6.14.0.202502271554//db//mcu/
2025-04-09 08:26:53,981 [INFO] ApiDb:274 - Set plugin database path to: /home/vdev/st/stm32cubeide_1.17.0_3/plugins/com.st.stm32cube.common.mx_6.14.0.202502271554//db//plugins/boardmanager/
2025-04-09 08:26:53,981 [WARN] ApiDb:259 - Overriding images path with different value:  => /home/vdev/st/stm32cubeide_1.17.0_3/plugins/com.st.stm32cube.common.mx_6.14.0.202502271554//db//plugins/mcufinder/images/
2025-04-09 08:26:53,985 [INFO] ApiDb:250 - Set database path to: /root/.stmcufinder/plugins/mcufinder//mcu/
2025-04-09 08:26:53,986 [INFO] DbMcusAds:125 - Set database path to: /root/.stmcufinder/plugins/mcufinder//mcu/
2025-04-09 08:26:54,028 [INFO] CrossReferenceDbSqlite:203 - Set database path to: /root/.stmcufinder/plugins/mcufinder//mcu/cs/
2025-04-09 08:26:54,165 [INFO] RulesReader:64 - Compatibility file has been processed (301 Rules)
2025-04-09 08:26:54,250 [INFO] DbMcusXml:78 - Set database path to: /home/vdev/st/stm32cubeide_1.17.0_3/plugins/com.st.stm32cube.common.mx_6.14.0.202502271554//db//mcu/
2025-04-09 08:26:54,250 [INFO] ApiDb:274 - Set plugin database path to: /home/vdev/st/stm32cubeide_1.17.0_3/plugins/com.st.stm32cube.common.mx_6.14.0.202502271554//db//plugins/boardmanager/
2025-04-09 08:26:54,251 [INFO] ApiDb:261 - Set plugin images path to: /home/vdev/st/stm32cubeide_1.17.0_3/plugins/com.st.stm32cube.common.mx_6.14.0.202502271554//db//plugins/mcufinder/images/
2025-04-09 08:26:54,251 [WARN] DbFile:41 - Overriding database path with different value: /root/.stmcufinder/plugins/mcufinder/ => /root/.stmcufinder/plugins/mcufinder
2025-04-09 08:26:54,251 [INFO] ApiDb:250 - Set database path to: /root/.stmcufinder/plugins/mcufinder//mcu/
2025-04-09 08:26:54,251 [WARN] DbFile:41 - Overriding database path with different value: /root/.stmcufinder/plugins/mcufinder/ => /root/.stmcufinder/plugins/mcufinder
2025-04-09 08:26:54,251 [INFO] DbMcusAds:125 - Set database path to: /root/.stmcufinder/plugins/mcufinder//mcu/
2025-04-09 08:26:54,252 [WARN] DbFile:41 - Overriding database path with different value: /root/.stmcufinder/plugins/mcufinder/ => /root/.stmcufinder/plugins/mcufinder
2025-04-09 08:26:54,252 [WARN] DbFile:41 - Overriding database path with different value: /root/.stmcufinder/plugins/mcufinder/ => /root/.stmcufinder/plugins/mcufinder
2025-04-09 08:26:54,289 [INFO] CrossReferenceDbSqlite:203 - Set database path to: /root/.stmcufinder/plugins/mcufinder//mcu/cs/
2025-04-09 08:26:54,357 [INFO] MainPanel:272 - HeapMemory: 268435456
2025-04-09 08:26:54,477 [INFO] DbMcusXml:78 - Set database path to: /home/vdev/st/stm32cubeide_1.17.0_3/plugins/com.st.stm32cube.common.mx_6.14.0.202502271554//db//mcu/
2025-04-09 08:26:54,477 [INFO] ApiDb:274 - Set plugin database path to: /home/vdev/st/stm32cubeide_1.17.0_3/plugins/com.st.stm32cube.common.mx_6.14.0.202502271554//db//plugins/boardmanager/
2025-04-09 08:26:54,478 [INFO] ApiDb:261 - Set plugin images path to: /home/vdev/st/stm32cubeide_1.17.0_3/plugins/com.st.stm32cube.common.mx_6.14.0.202502271554//db//plugins/mcufinder/images/
2025-04-09 08:26:54,479 [WARN] DbFile:41 - Overriding database path with different value: /root/.stmcufinder/plugins/mcufinder/ => /root/.stmcufinder/plugins/mcufinder
2025-04-09 08:26:54,480 [INFO] ApiDb:250 - Set database path to: /root/.stmcufinder/plugins/mcufinder//mcu/
2025-04-09 08:26:54,480 [WARN] DbFile:41 - Overriding database path with different value: /root/.stmcufinder/plugins/mcufinder/ => /root/.stmcufinder/plugins/mcufinder
2025-04-09 08:26:54,480 [INFO] DbMcusAds:125 - Set database path to: /root/.stmcufinder/plugins/mcufinder//mcu/
2025-04-09 08:26:54,480 [WARN] DbFile:41 - Overriding database path with different value: /root/.stmcufinder/plugins/mcufinder/ => /root/.stmcufinder/plugins/mcufinder
2025-04-09 08:26:54,480 [WARN] DbFile:41 - Overriding database path with different value: /root/.stmcufinder/plugins/mcufinder/ => /root/.stmcufinder/plugins/mcufinder
2025-04-09 08:26:54,517 [INFO] CrossReferenceDbSqlite:203 - Set database path to: /root/.stmcufinder/plugins/mcufinder//mcu/cs/
2025-04-09 08:26:54,538 [INFO] ApplicationProperties:184 - Using Application install path: /home/vdev/st/stm32cubeide_1.17.0_3/plugins/com.st.stm32cube.common.mx_6.14.0.202502271554
2025-04-09 08:26:54,540 [INFO] PluginManage:196 - Search for loadable plugins [exclusion list=, ]
2025-04-09 08:26:54,541 [INFO] PluginManage:310 - Check plugin analytics
2025-04-09 08:26:54,790 [INFO] AnalyticsPlugin:253 - Accepted Software Licenses: 
2025-04-09 08:26:54,790 [INFO] AnalyticsPlugin:255 - Accepted CMSIS Pack Licenses: 
2025-04-09 08:26:54,790 [INFO] AnalyticsPlugin:257 - Accepted Firmware Licenses: 
2025-04-09 08:26:54,793 [INFO] PluginManage:359 - Loaded plugin analytics (category:tool,tabindex:-1)
2025-04-09 08:26:54,794 [INFO] PluginManage:310 - Check plugin cadmodel
2025-04-09 08:26:54,798 [INFO] CADModel:105 - Init CAD model plugin
2025-04-09 08:26:54,799 [INFO] PluginManage:359 - Loaded plugin cadmodel (category:power,tabindex:5)
2025-04-09 08:26:54,799 [INFO] PluginManage:310 - Check plugin clock
2025-04-09 08:26:54,808 [INFO] PluginManage:359 - Loaded plugin clock (category:base,tabindex:2)
2025-04-09 08:26:54,808 [INFO] PluginManage:310 - Check plugin ddr
2025-04-09 08:26:54,810 [INFO] PluginManage:359 - Loaded plugin ddr (category:tool,tabindex:6)
2025-04-09 08:26:54,810 [INFO] PluginManage:310 - Check plugin filemanager
2025-04-09 08:26:54,978 [INFO] PluginManage:359 - Loaded plugin filemanager (category:base,tabindex:10)
2025-04-09 08:26:54,978 [INFO] PluginManage:310 - Check plugin ipmanager
2025-04-09 08:26:54,983 [INFO] PluginManage:359 - Loaded plugin ipmanager (category:base,tabindex:5)
2025-04-09 08:26:54,983 [INFO] PluginManage:310 - Check plugin lpbam
2025-04-09 08:26:54,992 [INFO] PluginManage:359 - Loaded plugin lpbam (category:base,tabindex:0)
2025-04-09 08:26:54,992 [INFO] PluginManage:310 - Check plugin memorymap
2025-04-09 08:26:55,002 [INFO] PluginManage:359 - Loaded plugin memorymap (category:base,tabindex:4)
2025-04-09 08:26:55,003 [INFO] PluginManage:310 - Check plugin pinoutandconfiguration
2025-04-09 08:26:55,010 [INFO] PluginManage:359 - Loaded plugin pinoutandconfiguration (category:base,tabindex:1)
2025-04-09 08:26:55,010 [INFO] PluginManage:310 - Check plugin pinoutconfig
2025-04-09 08:26:55,105 [WARN] SupportedApi:132 - Cannot load RTOS API schema: s4s-elt-must-match.1: The content of 'definitions' must match (annotation?, (simpleType | complexType)?, (unique | key | keyref)*)). A problem was found starting at: attribute.
2025-04-09 08:26:55,232 [INFO] PluginManage:359 - Loaded plugin pinoutconfig (category:base,tabindex:0)
2025-04-09 08:26:55,233 [INFO] PluginManage:310 - Check plugin power
2025-04-09 08:26:55,242 [INFO] PluginManage:359 - Loaded plugin power (category:power,tabindex:4)
2025-04-09 08:26:55,242 [INFO] PluginManage:310 - Check plugin projectmanager
2025-04-09 08:26:55,267 [INFO] PluginManage:359 - Loaded plugin projectmanager (category:projectmanager,tabindex:4)
2025-04-09 08:26:55,267 [INFO] PluginManage:310 - Check plugin rif
2025-04-09 08:26:55,276 [INFO] PluginManage:359 - Loaded plugin rif (category:base,tabindex:3)
2025-04-09 08:26:55,276 [INFO] PluginManage:310 - Check plugin thirdparty
2025-04-09 08:26:55,406 [WARN] IntegrityCheckThread:84 - waiting for thirdparty lock release [integrity check]
2025-04-09 08:26:55,407 [INFO] PluginManage:359 - Loaded plugin thirdparty (category:base,tabindex:-1)
2025-04-09 08:26:55,407 [INFO] IntegrityCheckThread:86 - entering critical section [integrity check]
2025-04-09 08:26:55,407 [INFO] PluginManage:310 - Check plugin tools
2025-04-09 08:26:55,407 [INFO] ThirdPartyUpdaterWithRetryManager:70 - Updater plugin not ready yet. [1/15]
2025-04-09 08:26:55,411 [INFO] PluginManage:359 - Loaded plugin tools (category:base,tabindex:7)
2025-04-09 08:26:55,412 [INFO] PluginManage:310 - Check plugin tutovideos
2025-04-09 08:26:55,637 [INFO] PluginManage:359 - Loaded plugin tutovideos (category:base,tabindex:-1)
2025-04-09 08:26:55,638 [INFO] PluginManage:310 - Check plugin updater
2025-04-09 08:26:55,667 [INFO] PluginManage:359 - Loaded plugin updater (category:base,tabindex:12)
2025-04-09 08:26:55,668 [INFO] PluginManage:310 - Check plugin userauth
2025-04-09 08:26:55,673 [INFO] UserAuth:118 - Init User Auth plugin
2025-04-09 08:26:55,675 [INFO] PluginManage:359 - Loaded plugin userauth (category:base,tabindex:14)
2025-04-09 08:26:55,676 [INFO] PluginManage:283 - PluginManage : Loaded plugins [18]
2025-04-09 08:26:55,875 [INFO] PinOutPanel:1589 - setPackage(No Configuration,No Configuration)
2025-04-09 08:26:55,972 [INFO] CADModel:165 - CPN selected for project level
2025-04-09 08:26:55,972 [INFO] CADModel:114 - Register for checkConnection events
2025-04-09 08:26:55,988 [INFO] IPUIPlugin:80 - create IPUIPlugin
2025-04-09 08:26:55,988 [INFO] PluginManager:220 - loadIPPluginJar : add aes
2025-04-09 08:26:55,991 [INFO] IPUIPlugin:80 - create IPUIPlugin
2025-04-09 08:26:55,991 [INFO] PluginManager:220 - loadIPPluginJar : add gfxmmu
2025-04-09 08:26:55,994 [INFO] IPUIPlugin:80 - create IPUIPlugin
2025-04-09 08:26:55,994 [INFO] PluginManager:220 - loadIPPluginJar : add spi
2025-04-09 08:26:55,997 [INFO] IPUIPlugin:80 - create IPUIPlugin
2025-04-09 08:26:55,998 [INFO] PluginManager:220 - loadIPPluginJar : add tim
2025-04-09 08:26:56,005 [INFO] IPUIPlugin:80 - create IPUIPlugin
2025-04-09 08:26:56,006 [INFO] PluginManager:220 - loadIPPluginJar : add dma
2025-04-09 08:26:56,014 [INFO] IPUIPlugin:80 - create IPUIPlugin
2025-04-09 08:26:56,014 [INFO] PluginManager:220 - loadIPPluginJar : add fmc
2025-04-09 08:26:56,016 [INFO] IPUIPlugin:80 - create IPUIPlugin
2025-04-09 08:26:56,016 [INFO] PluginManager:220 - loadIPPluginJar : add ts
2025-04-09 08:26:56,017 [INFO] IPUIPlugin:80 - create IPUIPlugin
2025-04-09 08:26:56,018 [INFO] PluginManager:220 - loadIPPluginJar : add genericplugin
2025-04-09 08:26:56,023 [INFO] IPUIPlugin:80 - create IPUIPlugin
2025-04-09 08:26:56,023 [INFO] PluginManager:220 - loadIPPluginJar : add usart
2025-04-09 08:26:56,026 [INFO] IPUIPlugin:80 - create IPUIPlugin
2025-04-09 08:26:56,027 [INFO] PluginManager:220 - loadIPPluginJar : add dfsdm
2025-04-09 08:26:56,033 [INFO] IPUIPlugin:80 - create IPUIPlugin
2025-04-09 08:26:56,034 [INFO] PluginManager:220 - loadIPPluginJar : add gpio
2025-04-09 08:26:56,037 [INFO] IPUIPlugin:80 - create IPUIPlugin
2025-04-09 08:26:56,038 [INFO] PluginManager:220 - loadIPPluginJar : add tracer_emb
2025-04-09 08:26:56,041 [INFO] IPUIPlugin:80 - create IPUIPlugin
2025-04-09 08:26:56,042 [INFO] PluginManager:220 - loadIPPluginJar : add i2s
2025-04-09 08:26:56,046 [INFO] IPUIPlugin:80 - create IPUIPlugin
2025-04-09 08:26:56,047 [INFO] PluginManager:220 - loadIPPluginJar : add lorawan
2025-04-09 08:26:56,051 [INFO] IPUIPlugin:80 - create IPUIPlugin
2025-04-09 08:26:56,051 [INFO] PluginManager:220 - loadIPPluginJar : add extmemmanager
2025-04-09 08:26:56,056 [INFO] IPUIPlugin:80 - create IPUIPlugin
2025-04-09 08:26:56,056 [INFO] PluginManager:220 - loadIPPluginJar : add gtzc
2025-04-09 08:26:56,060 [INFO] IPUIPlugin:80 - create IPUIPlugin
2025-04-09 08:26:56,060 [INFO] PluginManager:220 - loadIPPluginJar : add ddr_ctrl_phy
2025-04-09 08:26:56,065 [INFO] IPUIPlugin:80 - create IPUIPlugin
2025-04-09 08:26:56,065 [INFO] PluginManager:220 - loadIPPluginJar : add i3c
2025-04-09 08:26:56,067 [INFO] IPUIPlugin:80 - create IPUIPlugin
2025-04-09 08:26:56,067 [INFO] PluginManager:220 - loadIPPluginJar : add fatfs
2025-04-09 08:26:56,070 [INFO] IPUIPlugin:80 - create IPUIPlugin
2025-04-09 08:26:56,070 [INFO] PluginManager:220 - loadIPPluginJar : add tsc
2025-04-09 08:26:56,074 [INFO] IPUIPlugin:80 - create IPUIPlugin
2025-04-09 08:26:56,074 [INFO] PluginManager:220 - loadIPPluginJar : add hash
2025-04-09 08:26:56,077 [INFO] IPUIPlugin:80 - create IPUIPlugin
2025-04-09 08:26:56,077 [INFO] PluginManager:220 - loadIPPluginJar : add ucpd
2025-04-09 08:26:56,083 [INFO] IPUIPlugin:80 - create IPUIPlugin
2025-04-09 08:26:56,083 [INFO] PluginManager:220 - loadIPPluginJar : add touchsensing
2025-04-09 08:26:56,088 [INFO] IPUIPlugin:80 - create IPUIPlugin
2025-04-09 08:26:56,088 [INFO] PluginManager:220 - loadIPPluginJar : add pdm2pcm
2025-04-09 08:26:56,098 [INFO] IPUIPlugin:80 - create IPUIPlugin
2025-04-09 08:26:56,098 [INFO] PluginManager:220 - loadIPPluginJar : add mdma
2025-04-09 08:26:56,100 [INFO] IPUIPlugin:80 - create IPUIPlugin
2025-04-09 08:26:56,100 [INFO] PluginManager:220 - loadIPPluginJar : add ltdc
2025-04-09 08:26:56,108 [INFO] IPUIPlugin:80 - create IPUIPlugin
2025-04-09 08:26:56,108 [INFO] PluginManager:220 - loadIPPluginJar : add gic
2025-04-09 08:26:56,114 [INFO] IPUIPlugin:80 - create IPUIPlugin
2025-04-09 08:26:56,114 [INFO] PluginManager:220 - loadIPPluginJar : add usbx
2025-04-09 08:26:56,118 [INFO] IPUIPlugin:80 - create IPUIPlugin
2025-04-09 08:26:56,118 [INFO] PluginManager:220 - loadIPPluginJar : add can
2025-04-09 08:26:56,123 [INFO] IPUIPlugin:80 - create IPUIPlugin
2025-04-09 08:26:56,123 [INFO] PluginManager:220 - loadIPPluginJar : add resmgrutility
2025-04-09 08:26:56,126 [INFO] IPUIPlugin:80 - create IPUIPlugin
2025-04-09 08:26:56,127 [INFO] PluginManager:220 - loadIPPluginJar : add dma3
2025-04-09 08:26:56,137 [INFO] IPUIPlugin:80 - create IPUIPlugin
2025-04-09 08:26:56,140 [INFO] PluginManager:220 - loadIPPluginJar : add plateformsettings
2025-04-09 08:26:56,144 [INFO] IPUIPlugin:80 - create IPUIPlugin
2025-04-09 08:26:56,145 [INFO] PluginManager:220 - loadIPPluginJar : add openamp
2025-04-09 08:26:56,148 [INFO] IPUIPlugin:80 - create IPUIPlugin
2025-04-09 08:26:56,148 [INFO] PluginManager:220 - loadIPPluginJar : add cryp
2025-04-09 08:26:56,157 [INFO] IPUIPlugin:80 - create IPUIPlugin
2025-04-09 08:26:56,157 [INFO] PluginManager:220 - loadIPPluginJar : add linkedlist
2025-04-09 08:26:56,158 [INFO] IPUIPlugin:80 - create IPUIPlugin
2025-04-09 08:26:56,158 [INFO] PluginManager:220 - loadIPPluginJar : add comp
2025-04-09 08:26:56,166 [INFO] IPUIPlugin:80 - create IPUIPlugin
2025-04-09 08:26:56,166 [INFO] PluginManager:220 - loadIPPluginJar : add adc
2025-04-09 08:26:56,168 [INFO] IPUIPlugin:80 - create IPUIPlugin
2025-04-09 08:26:56,169 [INFO] PluginManager:220 - loadIPPluginJar : add i2c
2025-04-09 08:26:56,172 [INFO] IPUIPlugin:80 - create IPUIPlugin
2025-04-09 08:26:56,172 [INFO] PluginManager:220 - loadIPPluginJar : add radio
2025-04-09 08:26:56,178 [INFO] IPUIPlugin:80 - create IPUIPlugin
2025-04-09 08:26:56,179 [INFO] PluginManager:220 - loadIPPluginJar : add freertos
2025-04-09 08:26:56,183 [INFO] IPUIPlugin:80 - create IPUIPlugin
2025-04-09 08:26:56,183 [INFO] PluginManager:220 - loadIPPluginJar : add sai
2025-04-09 08:26:56,188 [INFO] IPUIPlugin:80 - create IPUIPlugin
2025-04-09 08:26:56,189 [INFO] PluginManager:220 - loadIPPluginJar : add nvic
2025-04-09 08:26:56,192 [INFO] IPUIPlugin:80 - create IPUIPlugin
2025-04-09 08:26:56,193 [INFO] PluginManager:220 - loadIPPluginJar : add ipddr
2025-04-09 08:26:56,201 [INFO] IPUIPlugin:80 - create IPUIPlugin
2025-04-09 08:26:56,202 [INFO] PluginManager:220 - loadIPPluginJar : add stm32_wpan
2025-04-09 08:26:56,204 [INFO] IPUIPlugin:80 - create IPUIPlugin
2025-04-09 08:26:56,205 [INFO] PluginManager:220 - loadIPPluginJar : add quadspi
2025-04-09 08:26:56,208 [INFO] IPUIPlugin:80 - create IPUIPlugin
2025-04-09 08:26:56,209 [INFO] PluginManager:220 - loadIPPluginJar : add opamp
2025-04-09 08:26:56,338 [FATAL] Updater:351 - Updater called before beeing initialized
2025-04-09 08:26:56,378 [INFO] RulesReader:64 - Compatibility file has been processed (301 Rules)
2025-04-09 08:26:56,395 [INFO] RulesReader:64 - Compatibility file has been processed (301 Rules)
2025-04-09 08:26:56,403 [INFO] CADModel:165 - CPN selected for project level
2025-04-09 08:26:56,403 [INFO] CADModel:114 - Register for checkConnection events
2025-04-09 08:26:56,403 [FATAL] Updater:351 - Updater called before beeing initialized
2025-04-09 08:26:56,403 [ERROR] CADModel:125 - Updater not yet initialized, retry later 
2025-04-09 08:26:56,515 [FATAL] Updater:351 - Updater called before beeing initialized
2025-04-09 08:26:56,517 [INFO] CADModel:165 - CPN selected for project level
2025-04-09 08:26:56,517 [INFO] CADModel:114 - Register for checkConnection events
2025-04-09 08:26:56,517 [FATAL] Updater:351 - Updater called before beeing initialized
2025-04-09 08:26:56,517 [ERROR] CADModel:125 - Updater not yet initialized, retry later 
2025-04-09 08:26:56,520 [FATAL] Updater:351 - Updater called before beeing initialized
2025-04-09 08:26:56,579 [FATAL] Updater:351 - Updater called before beeing initialized
2025-04-09 08:26:56,582 [INFO] DbMcusAds:53 - JSON generation date=Thu Sep 30 12:25:09 IST 2021 (1632984909247)
2025-04-09 08:26:56,582 [FATAL] Updater:351 - Updater called before beeing initialized
2025-04-09 08:26:56,609 [WARN] DetailPanel:346 - Failed to get advertising image, set to default
2025-04-09 08:26:56,837 [FATAL] Updater:351 - Updater called before beeing initialized
2025-04-09 08:26:56,838 [FATAL] Updater:351 - Updater called before beeing initialized
2025-04-09 08:26:56,838 [FATAL] Updater:351 - Updater called before beeing initialized
2025-04-09 08:26:56,838 [WARN] DetailPanel:346 - Failed to get advertising image, set to default
2025-04-09 08:26:56,839 [FATAL] Updater:351 - Updater called before beeing initialized
2025-04-09 08:26:56,867 [ERROR] Updater:1198 - MainUpdater not yet initialized. External WinMGr cannot be set.
2025-04-09 08:26:56,868 [INFO] Updater:1134 - Updater Version found : 6.14.0
2025-04-09 08:26:56,909 [INFO] ApplicationProperties:184 - Using Application install path: /home/vdev/st/stm32cubeide_1.17.0_3/plugins/com.st.stm32cube.common.mx_6.14.0.202502271554
2025-04-09 08:26:57,987 [INFO] MainUpdater:2872 - connection check result : 10
2025-04-09 08:26:57,989 [INFO] MainUpdater:289 - Updater Check For Update Now.
2025-04-09 08:26:57,989 [INFO] MicroXplorer:498 - Change Database Version : DB.6.0.140
2025-04-09 08:26:57,999 [INFO] McuFinderGlobals:63 - Set McuFinder mode to 2 (CubeIDE integrated)
2025-04-09 08:26:57,999 [INFO] UserAuth:171 - activating auth plugin
2025-04-09 08:26:58,005 [INFO] UserAuth:486 - Internet connection configuration mode: 1
2025-04-09 08:26:58,030 [INFO] JxBrowserEngine:152 - Initiate JxBrowser Engine with user profile folder
2025-04-09 08:26:58,278 [INFO] CheckServerUpdateThread:120 - End of CheckServer Thread
2025-04-09 08:26:58,585 [WARN] PackLoader:240 - Cannot read IP mode file for STMicroelectronics.FP-SNS-MOTENVWB1.1.4.0
2025-04-09 08:26:58,598 [WARN] PackLoader:240 - Cannot read IP mode file for STMicroelectronics.FP-ATR-ASTRA1.2.0.1
2025-04-09 08:26:58,611 [WARN] PackLoader:240 - Cannot read IP mode file for STMicroelectronics.X-CUBE-SMBUS.2.1.0
2025-04-09 08:26:58,627 [WARN] PackLoader:240 - Cannot read IP mode file for STMicroelectronics.X-CUBE-WB05N.1.1.0
2025-04-09 08:26:58,682 [WARN] PackLoader:240 - Cannot read IP mode file for STMicroelectronics.X-CUBE-AZRTOS-F7.1.1.0
2025-04-09 08:26:58,692 [WARN] PackLoader:240 - Cannot read IP mode file for STMicroelectronics.FP-SNS-FLIGHT1.5.0.2
2025-04-09 08:26:58,732 [WARN] PackLoader:240 - Cannot read IP mode file for Infineon.AIROC-Wi-Fi-Bluetooth-STM32.1.7.0
2025-04-09 08:26:58,799 [WARN] PackLoader:240 - Cannot read IP mode file for STMicroelectronics.X-CUBE-DISPLAY.3.0.0
2025-04-09 08:26:58,818 [WARN] PackLoader:240 - Cannot read IP mode file for STMicroelectronics.X-CUBE-BLE1.7.0.0
2025-04-09 08:26:58,832 [WARN] PackLoader:240 - Cannot read IP mode file for STMicroelectronics.X-CUBE-NFC10.1.0.0
2025-04-09 08:26:58,850 [WARN] PackLoader:240 - Cannot read IP mode file for STMicroelectronics.X-CUBE-BLEMGR.4.0.0
2025-04-09 08:26:58,869 [WARN] PackLoader:240 - Cannot read IP mode file for emotas.I-CUBE-CANOPEN.1.3.0
2025-04-09 08:26:58,874 [WARN] PackLoader:240 - Cannot read IP mode file for STMicroelectronics.X-CUBE-AI.10.0.0
2025-04-09 08:26:58,879 [WARN] PackLoader:240 - Cannot read IP mode file for STMicroelectronics.FP-SNS-SMARTAG2.1.2.0
2025-04-09 08:26:58,993 [WARN] PackLoader:240 - Cannot read IP mode file for STMicroelectronics.X-CUBE-MEMS1.11.1.0
2025-04-09 08:26:59,049 [INFO] WebApp:169 - Instantiating new browser for Auth
2025-04-09 08:26:59,195 [INFO] LogOutputStream:77 - [STDOUT_REDIRECT] 1 : Invalid condition id : UX_CORESTACK_Condition cause : null
2025-04-09 08:26:59,195 [INFO] LogOutputStream:77 - [STDOUT_REDIRECT] 1 : Invalid condition id : UX_CORESTACK_Condition cause : null
2025-04-09 08:26:59,196 [INFO] LogOutputStream:77 - [STDOUT_REDIRECT] 1 : Invalid condition id : UX_CORESTACK_Condition cause : null
2025-04-09 08:26:59,196 [INFO] LogOutputStream:77 - [STDOUT_REDIRECT] 1 : Invalid condition id : UX_CORESTACK_Condition cause : null
2025-04-09 08:26:59,196 [INFO] LogOutputStream:77 - [STDOUT_REDIRECT] 1 : Invalid condition id : UX_CORESTACK_Condition cause : null
2025-04-09 08:26:59,201 [WARN] PackLoader:240 - Cannot read IP mode file for STMicroelectronics.X-CUBE-AZRTOS-WL.2.0.0
2025-04-09 08:26:59,206 [WARN] PackLoader:240 - Cannot read IP mode file for STMicroelectronics.FP-SNS-MOTENV1.5.0.0
2025-04-09 08:26:59,210 [WARN] PackLoader:240 - Cannot read IP mode file for wolfSSL.I-CUBE-wolfMQTT.1.19.0
2025-04-09 08:26:59,222 [WARN] PackLoader:240 - Cannot read IP mode file for WES.I-CUBE-Cesium.1.3.0
2025-04-09 08:26:59,227 [WARN] PackLoader:240 - Cannot read IP mode file for STMicroelectronics.X-CUBE-BLE2.3.3.0
2025-04-09 08:26:59,235 [WARN] PackLoader:240 - Cannot read IP mode file for STMicroelectronics.X-CUBE-NFC9.1.0.0
2025-04-09 08:26:59,242 [WARN] PackLoader:240 - Cannot read IP mode file for STMicroelectronics.X-CUBE-BLE1.7.1.0
2025-04-09 08:26:59,261 [WARN] PackLoader:240 - Cannot read IP mode file for STMicroelectronics.X-CUBE-AZRTOS-G0.1.1.0
2025-04-09 08:26:59,268 [WARN] PackLoader:240 - Cannot read IP mode file for STMicroelectronics.X-CUBE-SAFEA1.1.2.2
2025-04-09 08:26:59,274 [WARN] PackLoader:240 - Cannot read IP mode file for STMicroelectronics.X-CUBE-NFC4.3.0.0
2025-04-09 08:26:59,282 [WARN] PackLoader:240 - Cannot read IP mode file for EmbeddedOffice.I-CUBE-FS-RTOS.1.0.1
2025-04-09 08:26:59,288 [WARN] PackLoader:240 - Cannot read IP mode file for STMicroelectronics.X-CUBE-TCPP.4.2.0
2025-04-09 08:26:59,293 [WARN] PackLoader:240 - Cannot read IP mode file for RealThread.X-CUBE-RT-Thread_Nano.4.1.1
2025-04-09 08:26:59,297 [WARN] PackLoader:240 - Cannot read IP mode file for STMicroelectronics.FP-ATR-SIGFOX1.3.2.0
2025-04-09 08:26:59,300 [WARN] ConditionMgr:438 - getConditionDescription Invalid condition id : Cortex-A Device cause : null
2025-04-09 08:26:59,312 [WARN] ConditionMgr:1044 - genDependencies : Invalid condition id : Cortex-A Device cause : null
2025-04-09 08:26:59,312 [WARN] ConditionMgr:1044 - genDependencies : Invalid condition id : Cortex-A Device cause : null
2025-04-09 08:26:59,312 [WARN] ConditionMgr:1044 - genDependencies : Invalid condition id : Cortex-A Device cause : null
2025-04-09 08:26:59,317 [WARN] PackLoader:240 - Cannot read IP mode file for STMicroelectronics.X-CUBE-EEPRMA1.5.1.0
2025-04-09 08:26:59,322 [WARN] PackLoader:240 - Cannot read IP mode file for wolfSSL.I-CUBE-wolfSSL.5.7.6
2025-04-09 08:26:59,327 [WARN] PackLoader:240 - Cannot read IP mode file for ITTIA_DB.I-CUBE-ITTIADB.8.9.0
2025-04-09 08:26:59,357 [WARN] PackLoader:240 - Cannot read IP mode file for SEGGER.I-CUBE-embOS.1.3.1
2025-04-09 08:26:59,426 [WARN] PackLoader:240 - Cannot read IP mode file for STMicroelectronics.X-CUBE-ALGOBUILD.1.4.0
2025-04-09 08:26:59,444 [WARN] PackLoader:240 - Cannot read IP mode file for STMicroelectronics.X-CUBE-AZRTOS-F4.1.1.0
2025-04-09 08:26:59,450 [WARN] PackLoader:240 - Cannot read IP mode file for STMicroelectronics.X-CUBE-ISPU.2.1.0
2025-04-09 08:26:59,467 [WARN] PackLoader:240 - Cannot read IP mode file for STMicroelectronics.X-CUBE-AZRTOS-L5.2.0.0
2025-04-09 08:26:59,476 [WARN] PackLoader:240 - Cannot read IP mode file for STMicroelectronics.X-CUBE-NFC6.3.1.0
2025-04-09 08:26:59,482 [WARN] PackLoader:240 - Cannot read IP mode file for STMicroelectronics.X-CUBE-DPower.1.2.0
2025-04-09 08:26:59,486 [WARN] PackLoader:240 - Cannot read IP mode file for STMicroelectronics.X-CUBE-FREERTOS.1.3.0
2025-04-09 08:26:59,490 [WARN] PackLoader:240 - Cannot read IP mode file for STMicroelectronics.X-CUBE-NFC7.1.0.1
2025-04-09 08:26:59,496 [WARN] PackLoader:240 - Cannot read IP mode file for STMicroelectronics.X-CUBE-DPower.1.3.0
2025-04-09 08:26:59,517 [WARN] ConditionMgr:438 - getConditionDescription Invalid condition id : LAN8742 Phy interface Condition cause : null
2025-04-09 08:26:59,518 [WARN] PackLoader:240 - Cannot read IP mode file for STMicroelectronics.X-CUBE-AZRTOS-L4.2.0.0
2025-04-09 08:26:59,520 [WARN] ConditionMgr:1044 - genDependencies : Invalid condition id : LAN8742 Phy interface Condition cause : null
2025-04-09 08:26:59,520 [WARN] ConditionMgr:1044 - genDependencies : Invalid condition id : LAN8742 Phy interface Condition cause : null
2025-04-09 08:26:59,521 [WARN] ConditionMgr:1044 - genDependencies : Invalid condition id : LAN8742 Phy interface Condition cause : null
2025-04-09 08:26:59,532 [WARN] PackLoader:240 - Cannot read IP mode file for STMicroelectronics.X-CUBE-SFXS2LP1.4.0.0
2025-04-09 08:26:59,556 [WARN] PackLoader:240 - Cannot read IP mode file for STMicroelectronics.X-CUBE-AZRTOS-H7.3.3.0
2025-04-09 08:26:59,572 [WARN] ConditionMgr:438 - getConditionDescription Invalid condition id : UX DEVICE CLASS RTOS Condition cause : null
2025-04-09 08:26:59,572 [WARN] ConditionMgr:438 - getConditionDescription Invalid condition id : UX DEVICE CLASS RTOS Condition cause : null
2025-04-09 08:26:59,575 [WARN] PackLoader:240 - Cannot read IP mode file for STMicroelectronics.X-CUBE-AZRTOS-WB.2.0.0
2025-04-09 08:26:59,576 [WARN] ConditionMgr:1044 - genDependencies : Invalid condition id : UX DEVICE CLASS RTOS Condition cause : null
2025-04-09 08:26:59,576 [WARN] ConditionMgr:1044 - genDependencies : Invalid condition id : UX DEVICE CLASS RTOS Condition cause : null
2025-04-09 08:26:59,577 [WARN] ConditionMgr:1044 - genDependencies : Invalid condition id : UX DEVICE CLASS RTOS Condition cause : null
2025-04-09 08:26:59,577 [WARN] ConditionMgr:1044 - genDependencies : Invalid condition id : UX DEVICE CLASS RTOS Condition cause : null
2025-04-09 08:26:59,577 [WARN] ConditionMgr:1044 - genDependencies : Invalid condition id : UX DEVICE CLASS RTOS Condition cause : null
2025-04-09 08:26:59,586 [WARN] PackLoader:240 - Cannot read IP mode file for STMicroelectronics.X-CUBE-GNSS1.7.0.1
2025-04-09 08:26:59,591 [WARN] PackLoader:240 - Cannot read IP mode file for STMicroelectronics.X-CUBE-TOUCHGFX.4.25.0
2025-04-09 08:26:59,597 [WARN] PackLoader:240 - Cannot read IP mode file for STMicroelectronics.FP-SNS-STBOX1.2.0.0
2025-04-09 08:26:59,610 [WARN] PackLoader:240 - Cannot read IP mode file for STMicroelectronics.X-CUBE-SUBG2.5.0.0
2025-04-09 08:26:59,656 [WARN] PackLoader:240 - Cannot read IP mode file for STMicroelectronics.X-CUBE-AZRTOS-H7RS.1.1.0
2025-04-09 08:26:59,677 [WARN] PackLoader:240 - Cannot read IP mode file for Cesanta.I-CUBE-Mongoose.7.13.0
2025-04-09 08:26:59,713 [WARN] PackLoader:240 - Cannot read IP mode file for STMicroelectronics.X-CUBE-AZRTOS-G4.2.0.0
2025-04-09 08:26:59,748 [WARN] PackLoader:240 - Cannot read IP mode file for STMicroelectronics.X-CUBE-IPS.3.1.0
2025-04-09 08:26:59,768 [WARN] PackLoader:240 - Cannot read IP mode file for STMicroelectronics.X-CUBE-ALS.1.0.2
2025-04-09 08:26:59,774 [WARN] PackLoader:240 - Cannot read IP mode file for STMicroelectronics.X-CUBE-TOUCHGFX.4.24.2
2025-04-09 08:26:59,781 [WARN] PackLoader:240 - Cannot read IP mode file for wolfSSL.I-CUBE-wolfTPM.3.4.0
2025-04-09 08:26:59,789 [WARN] PackLoader:240 - Cannot read IP mode file for portGmbH.I-Cube-SoM-uGOAL.1.1.0
2025-04-09 08:26:59,820 [WARN] PackLoader:240 - Cannot read IP mode file for STMicroelectronics.X-CUBE-AZRTOS-H7RS.1.0.0
2025-04-09 08:26:59,834 [WARN] PackLoader:240 - Cannot read IP mode file for STMicroelectronics.X-CUBE-TOF1.3.4.2
2025-04-09 08:26:59,850 [WARN] PackLoader:240 - Cannot read IP mode file for wolfSSL.I-CUBE-wolfSSH.1.4.17
2025-04-09 08:26:59,851 [INFO] ThirdParty:978 - Integrity check success = true
2025-04-09 08:26:59,851 [INFO] IntegrityCheckThread:100 - exiting critical section [integrity check]
2025-04-09 08:26:59,851 [INFO] IntegrityCheckThread:103 - End integrity checks thread
2025-04-09 08:27:00,604 [INFO] WebApp:463 - Apply proxy settings
2025-04-09 08:27:00,604 [INFO] WebApp:548 - Chromium requires no authentication
2025-04-09 08:27:00,610 [INFO] WebApp:491 - Direct internet connection detected
2025-04-09 08:27:00,626 [INFO] WebApp:894 - Register for checkConnection events
2025-04-09 08:27:00,626 [INFO] WebApp:463 - Apply proxy settings
2025-04-09 08:27:00,626 [INFO] WebApp:548 - Chromium requires no authentication
2025-04-09 08:27:00,627 [INFO] WebApp:491 - Direct internet connection detected
2025-04-09 08:27:00,737 [INFO] WebApp:225 - Starting web application
2025-04-09 08:27:00,737 [INFO] WebApp:593 - Web application path used /home/vdev/st/stm32cubeide_1.17.0_3/plugins/com.st.stm32cube.common.mx_6.14.0.202502271554/db/plugins/mcufinder/reactClient1/index.html
2025-04-09 08:27:03,616 [INFO] WebApp:191 - Connection restablished
2025-04-09 09:32:50,480 [INFO] WebApp:194 - Connection lost
2025-04-09 09:36:46,326 [INFO] WebApp:191 - Connection restablished
2025-04-09 09:36:51,427 [INFO] WebApp:194 - Connection lost
2025-04-09 09:36:52,084 [INFO] WebApp:191 - Connection restablished
2025-04-09 10:05:16,332 [INFO] LogOutputStream:77 - [STDOUT_REDIRECT] StartTraceHandler.execute(), success : Collect=false
2025-04-09 10:05:23,524 [INFO] LogOutputStream:77 - [STDOUT_REDIRECT] StartTraceHandler.execute(), success : Collect=true
2025-04-09 10:05:24,601 [INFO] LogOutputStream:77 - [STDOUT_REDIRECT] StartTraceHandler.execute(), success : Collect=false
2025-04-09 10:08:34,609 [INFO] LogOutputStream:77 - [STDOUT_REDIRECT] StartTraceHandler.execute(), success : Collect=true
2025-04-09 10:08:35,513 [INFO] LogOutputStream:77 - [STDOUT_REDIRECT] StartTraceHandler.execute(), success : Collect=false
2025-04-09 10:08:35,781 [INFO] LogOutputStream:77 - [STDOUT_REDIRECT] StartTraceHandler.execute(), success : Collect=true
